<?xml version="1.0" encoding="UTF-8"?>
<coverage generated="1428960738277" clover="3.3.0">
   <project timestamp="1428960714618" name="MongoDB Database Implementation 0.3.0-SNAPSHOT">
      <metrics conditionals="1222" methods="196" classes="15" files="15" packages="2" coveredstatements="1201" complexity="1029" loc="4911" ncloc="2818" coveredmethods="133" coveredconditionals="502" statements="2239" coveredelements="1836" elements="3657"/>
      <package name="com.ac.games.db.mongo">
         <metrics conditionals="1220" methods="194" classes="14" files="14" coveredstatements="1198" complexity="1026" loc="4874" ncloc="2805" coveredmethods="132" coveredconditionals="500" statements="2235" coveredelements="1830" elements="3649"/>
         <file name="BGGGameConverter.java" path="/Users/ac010168/Documents/umkc/ac-games-db-mongo/src/main/java/com/ac/games/db/mongo/BGGGameConverter.java">
            <metrics classes="1" methods="8" conditionals="114" ncloc="115" coveredstatements="117" coveredmethods="7" complexity="65" coveredconditionals="64" statements="139" loc="187" coveredelements="188" elements="261"/>
            <class name="BGGGameConverter">
               <metrics methods="8" conditionals="114" coveredstatements="117" coveredmethods="7" complexity="65" coveredconditionals="64" statements="139" coveredelements="188" elements="261"/>
            </class>
            <line num="28" count="3" visibility="public" complexity="2" type="method" signature="convertGameToIDQuery(BGGGame) : BasicDBObject"/>
            <line num="29" count="3" type="stmt"/>
            <line num="29" count="0" type="stmt"/>
            <line num="29" falsecount="3" type="cond" truecount="0"/>
            <line num="31" count="3" type="stmt"/>
            <line num="32" count="3" type="stmt"/>
            <line num="42" count="14" visibility="public" complexity="2" type="method" signature="convertGameToIDQuery(long) : BasicDBObject"/>
            <line num="43" count="14" type="stmt"/>
            <line num="43" count="0" type="stmt"/>
            <line num="43" falsecount="14" type="cond" truecount="0"/>
            <line num="45" count="14" type="stmt"/>
            <line num="46" count="14" type="stmt"/>
            <line num="56" count="5" visibility="public" complexity="24" type="method" signature="convertGameToMongo(BGGGame) : BasicDBObject"/>
            <line num="57" count="5" type="stmt"/>
            <line num="57" count="0" type="stmt"/>
            <line num="57" falsecount="5" type="cond" truecount="0"/>
            <line num="59" count="5" type="stmt"/>
            <line num="61" count="5" type="stmt"/>
            <line num="61" count="5" type="stmt"/>
            <line num="61" falsecount="0" type="cond" truecount="5"/>
            <line num="62" count="5" type="stmt"/>
            <line num="62" count="5" type="stmt"/>
            <line num="62" falsecount="0" type="cond" truecount="5"/>
            <line num="63" count="5" type="stmt"/>
            <line num="63" count="5" type="stmt"/>
            <line num="63" falsecount="0" type="cond" truecount="5"/>
            <line num="64" count="5" type="stmt"/>
            <line num="64" count="5" type="stmt"/>
            <line num="64" falsecount="0" type="cond" truecount="5"/>
            <line num="65" count="5" type="stmt"/>
            <line num="65" count="5" type="stmt"/>
            <line num="65" falsecount="0" type="cond" truecount="5"/>
            <line num="66" count="5" type="stmt"/>
            <line num="66" count="5" type="stmt"/>
            <line num="66" falsecount="0" type="cond" truecount="5"/>
            <line num="67" count="5" type="stmt"/>
            <line num="67" count="5" type="stmt"/>
            <line num="67" falsecount="0" type="cond" truecount="5"/>
            <line num="68" count="5" type="stmt"/>
            <line num="68" count="5" type="stmt"/>
            <line num="68" falsecount="0" type="cond" truecount="5"/>
            <line num="69" count="5" type="stmt"/>
            <line num="69" count="5" type="stmt"/>
            <line num="69" falsecount="0" type="cond" truecount="5"/>
            <line num="70" count="5" type="stmt"/>
            <line num="70" count="5" type="stmt"/>
            <line num="70" falsecount="0" type="cond" truecount="5"/>
            <line num="71" count="5" type="stmt"/>
            <line num="71" count="5" type="stmt"/>
            <line num="71" falsecount="0" type="cond" truecount="5"/>
            <line num="72" count="5" type="stmt"/>
            <line num="72" count="5" type="stmt"/>
            <line num="72" falsecount="0" type="cond" truecount="5"/>
            <line num="73" count="5" type="stmt"/>
            <line num="73" count="5" type="stmt"/>
            <line num="73" falsecount="0" type="cond" truecount="5"/>
            <line num="74" count="5" type="stmt"/>
            <line num="74" count="5" type="stmt"/>
            <line num="74" falsecount="0" type="cond" truecount="5"/>
            <line num="75" count="5" type="stmt"/>
            <line num="75" count="5" type="stmt"/>
            <line num="75" falsecount="0" type="cond" truecount="5"/>
            <line num="76" count="5" type="stmt"/>
            <line num="76" count="4" type="stmt"/>
            <line num="76" falsecount="1" type="cond" truecount="4"/>
            <line num="77" count="5" type="stmt"/>
            <line num="77" count="2" type="stmt"/>
            <line num="77" falsecount="3" type="cond" truecount="2"/>
            <line num="78" count="5" type="stmt"/>
            <line num="78" count="1" type="stmt"/>
            <line num="78" falsecount="4" type="cond" truecount="1"/>
            <line num="80" count="5" type="stmt"/>
            <line num="80" count="5" type="stmt"/>
            <line num="80" falsecount="0" type="cond" truecount="5"/>
            <line num="81" count="5" type="stmt"/>
            <line num="81" count="2" type="stmt"/>
            <line num="81" falsecount="3" type="cond" truecount="2"/>
            <line num="82" count="5" type="stmt"/>
            <line num="82" count="2" type="stmt"/>
            <line num="82" falsecount="3" type="cond" truecount="2"/>
            <line num="83" count="5" type="stmt"/>
            <line num="83" count="2" type="stmt"/>
            <line num="83" falsecount="3" type="cond" truecount="2"/>
            <line num="85" count="5" type="stmt"/>
            <line num="88" count="6" visibility="public" complexity="25" type="method" signature="convertMongoToGame(DBObject) : BGGGame"/>
            <line num="89" count="6" type="stmt"/>
            <line num="89" count="0" type="stmt"/>
            <line num="89" falsecount="6" type="cond" truecount="0"/>
            <line num="91" count="6" type="stmt"/>
            <line num="93" count="6" type="stmt"/>
            <line num="93" count="6" type="stmt"/>
            <line num="93" falsecount="0" type="cond" truecount="6"/>
            <line num="94" count="6" type="stmt"/>
            <line num="94" count="6" type="stmt"/>
            <line num="94" falsecount="0" type="cond" truecount="6"/>
            <line num="95" count="6" type="stmt"/>
            <line num="95" count="6" type="stmt"/>
            <line num="95" falsecount="0" type="cond" truecount="6"/>
            <line num="96" count="6" type="stmt"/>
            <line num="96" count="6" type="stmt"/>
            <line num="96" falsecount="0" type="cond" truecount="6"/>
            <line num="97" count="6" type="stmt"/>
            <line num="97" count="6" type="stmt"/>
            <line num="97" falsecount="0" type="cond" truecount="6"/>
            <line num="98" count="6" type="stmt"/>
            <line num="98" count="6" type="stmt"/>
            <line num="98" falsecount="0" type="cond" truecount="6"/>
            <line num="99" count="6" type="stmt"/>
            <line num="99" count="6" type="stmt"/>
            <line num="99" falsecount="0" type="cond" truecount="6"/>
            <line num="100" count="6" type="stmt"/>
            <line num="100" count="6" type="stmt"/>
            <line num="100" falsecount="0" type="cond" truecount="6"/>
            <line num="101" count="6" type="stmt"/>
            <line num="101" count="6" type="stmt"/>
            <line num="101" falsecount="0" type="cond" truecount="6"/>
            <line num="102" count="6" type="stmt"/>
            <line num="102" count="6" type="stmt"/>
            <line num="102" falsecount="0" type="cond" truecount="6"/>
            <line num="103" count="6" type="stmt"/>
            <line num="103" count="6" type="stmt"/>
            <line num="103" falsecount="0" type="cond" truecount="6"/>
            <line num="104" count="6" type="stmt"/>
            <line num="104" count="6" type="stmt"/>
            <line num="104" falsecount="0" type="cond" truecount="6"/>
            <line num="105" count="6" type="stmt"/>
            <line num="105" count="6" type="stmt"/>
            <line num="105" falsecount="0" type="cond" truecount="6"/>
            <line num="106" count="6" type="stmt"/>
            <line num="106" count="6" type="stmt"/>
            <line num="106" falsecount="0" type="cond" truecount="6"/>
            <line num="107" count="6" type="stmt"/>
            <line num="107" count="6" type="stmt"/>
            <line num="107" falsecount="0" type="cond" truecount="6"/>
            <line num="108" count="6" type="stmt"/>
            <line num="108" count="6" type="stmt"/>
            <line num="108" falsecount="0" type="cond" truecount="6"/>
            <line num="109" count="6" type="stmt"/>
            <line num="109" count="5" type="stmt"/>
            <line num="109" falsecount="1" type="cond" truecount="5"/>
            <line num="110" count="6" type="stmt"/>
            <line num="110" count="2" type="stmt"/>
            <line num="110" falsecount="4" type="cond" truecount="2"/>
            <line num="111" count="6" type="stmt"/>
            <line num="111" count="1" type="stmt"/>
            <line num="111" falsecount="5" type="cond" truecount="1"/>
            <line num="113" count="6" type="stmt"/>
            <line num="113" count="6" type="stmt"/>
            <line num="113" falsecount="0" type="cond" truecount="6"/>
            <line num="114" count="6" type="stmt"/>
            <line num="114" count="3" type="stmt"/>
            <line num="114" falsecount="3" type="cond" truecount="3"/>
            <line num="115" count="6" type="stmt"/>
            <line num="115" count="3" type="stmt"/>
            <line num="115" falsecount="3" type="cond" truecount="3"/>
            <line num="116" count="6" type="stmt"/>
            <line num="116" count="3" type="stmt"/>
            <line num="116" falsecount="3" type="cond" truecount="3"/>
            <line num="118" count="6" type="stmt"/>
            <line num="121" count="0" visibility="public" complexity="6" type="method" signature="convertMongoToCompact(DBObject) : CompactSearchData"/>
            <line num="122" count="0" type="stmt"/>
            <line num="122" count="0" type="stmt"/>
            <line num="122" falsecount="0" type="cond" truecount="0"/>
            <line num="124" count="0" type="stmt"/>
            <line num="126" count="0" type="stmt"/>
            <line num="126" falsecount="0" type="cond" truecount="0"/>
            <line num="127" count="0" type="stmt"/>
            <line num="128" count="0" type="stmt"/>
            <line num="130" count="0" type="stmt"/>
            <line num="131" count="0" type="stmt"/>
            <line num="131" count="0" type="stmt"/>
            <line num="131" falsecount="0" type="cond" truecount="0"/>
            <line num="132" count="0" type="stmt"/>
            <line num="132" count="0" type="stmt"/>
            <line num="132" falsecount="0" type="cond" truecount="0"/>
            <line num="133" count="0" type="stmt"/>
            <line num="135" count="0" type="stmt"/>
            <line num="135" count="0" type="stmt"/>
            <line num="135" falsecount="0" type="cond" truecount="0"/>
            <line num="137" count="0" type="stmt"/>
            <line num="147" count="22" visibility="private" complexity="2" type="method" signature="convertList(List&lt;?&gt;) : BasicDBList"/>
            <line num="148" count="22" type="stmt"/>
            <line num="148" count="0" type="stmt"/>
            <line num="148" falsecount="22" type="cond" truecount="0"/>
            <line num="150" count="22" type="stmt"/>
            <line num="151" count="22" type="stmt"/>
            <line num="152" count="81" type="stmt"/>
            <line num="153" count="22" type="stmt"/>
            <line num="162" count="24" visibility="private" complexity="2" type="method" signature="convertDBListToStringList(BasicDBList) : List&lt;String&gt;"/>
            <line num="163" count="24" type="stmt"/>
            <line num="163" count="0" type="stmt"/>
            <line num="163" falsecount="24" type="cond" truecount="0"/>
            <line num="165" count="24" type="stmt"/>
            <line num="166" count="24" type="stmt"/>
            <line num="167" count="83" type="stmt"/>
            <line num="169" count="24" type="stmt"/>
            <line num="178" count="2" visibility="private" complexity="2" type="method" signature="convertDBListToLongList(BasicDBList) : List&lt;Long&gt;"/>
            <line num="179" count="2" type="stmt"/>
            <line num="179" count="0" type="stmt"/>
            <line num="179" falsecount="2" type="cond" truecount="0"/>
            <line num="181" count="2" type="stmt"/>
            <line num="182" count="2" type="stmt"/>
            <line num="183" count="10" type="stmt"/>
            <line num="185" count="2" type="stmt"/>
         </file>
         <file name="CSIDataConverter.java" path="/Users/ac010168/Documents/umkc/ac-games-db-mongo/src/main/java/com/ac/games/db/mongo/CSIDataConverter.java">
            <metrics classes="1" methods="4" conditionals="58" ncloc="55" coveredstatements="62" coveredmethods="4" complexity="33" coveredconditionals="39" statements="66" loc="95" coveredelements="105" elements="128"/>
            <class name="CSIDataConverter">
               <metrics methods="4" conditionals="58" coveredstatements="62" coveredmethods="4" complexity="33" coveredconditionals="39" statements="66" coveredelements="105" elements="128"/>
            </class>
            <line num="25" count="3" visibility="public" complexity="2" type="method" signature="convertCSIToIDQuery(CoolStuffIncPriceData) : BasicDBObject"/>
            <line num="26" count="3" type="stmt"/>
            <line num="26" count="0" type="stmt"/>
            <line num="26" falsecount="3" type="cond" truecount="0"/>
            <line num="28" count="3" type="stmt"/>
            <line num="29" count="3" type="stmt"/>
            <line num="39" count="14" visibility="public" complexity="2" type="method" signature="convertCSIToIDQuery(long) : BasicDBObject"/>
            <line num="40" count="14" type="stmt"/>
            <line num="40" count="0" type="stmt"/>
            <line num="40" falsecount="14" type="cond" truecount="0"/>
            <line num="42" count="14" type="stmt"/>
            <line num="43" count="14" type="stmt"/>
            <line num="53" count="5" visibility="public" complexity="14" type="method" signature="convertCSIToMongo(CoolStuffIncPriceData) : BasicDBObject"/>
            <line num="54" count="5" type="stmt"/>
            <line num="54" count="0" type="stmt"/>
            <line num="54" falsecount="5" type="cond" truecount="0"/>
            <line num="56" count="5" type="stmt"/>
            <line num="58" count="5" type="stmt"/>
            <line num="58" count="5" type="stmt"/>
            <line num="58" falsecount="0" type="cond" truecount="5"/>
            <line num="59" count="5" type="stmt"/>
            <line num="59" count="5" type="stmt"/>
            <line num="59" falsecount="0" type="cond" truecount="5"/>
            <line num="60" count="5" type="stmt"/>
            <line num="60" count="5" type="stmt"/>
            <line num="60" falsecount="0" type="cond" truecount="5"/>
            <line num="61" count="5" type="stmt"/>
            <line num="61" count="5" type="stmt"/>
            <line num="61" falsecount="0" type="cond" truecount="5"/>
            <line num="62" count="5" type="stmt"/>
            <line num="62" count="5" type="stmt"/>
            <line num="62" falsecount="0" type="cond" truecount="5"/>
            <line num="63" count="5" type="stmt"/>
            <line num="63" count="5" type="stmt"/>
            <line num="63" falsecount="0" type="cond" truecount="5"/>
            <line num="64" count="5" type="stmt"/>
            <line num="64" count="4" type="stmt"/>
            <line num="64" falsecount="1" type="cond" truecount="4"/>
            <line num="65" count="5" type="stmt"/>
            <line num="65" count="5" type="stmt"/>
            <line num="65" falsecount="0" type="cond" truecount="5"/>
            <line num="66" count="5" type="stmt"/>
            <line num="66" count="2" type="stmt"/>
            <line num="66" falsecount="3" type="cond" truecount="2"/>
            <line num="67" count="5" type="stmt"/>
            <line num="67" count="2" type="stmt"/>
            <line num="67" falsecount="3" type="cond" truecount="2"/>
            <line num="68" count="5" type="stmt"/>
            <line num="68" count="2" type="stmt"/>
            <line num="68" falsecount="3" type="cond" truecount="2"/>
            <line num="69" count="5" type="stmt"/>
            <line num="69" count="2" type="stmt"/>
            <line num="69" falsecount="3" type="cond" truecount="2"/>
            <line num="71" count="5" type="stmt"/>
            <line num="74" count="6" visibility="public" complexity="15" type="method" signature="convertMongoToCSI(DBObject) : CoolStuffIncPriceData"/>
            <line num="75" count="6" type="stmt"/>
            <line num="75" count="0" type="stmt"/>
            <line num="75" falsecount="6" type="cond" truecount="0"/>
            <line num="77" count="6" type="stmt"/>
            <line num="79" count="6" type="stmt"/>
            <line num="79" count="6" type="stmt"/>
            <line num="79" falsecount="0" type="cond" truecount="6"/>
            <line num="80" count="6" type="stmt"/>
            <line num="80" count="6" type="stmt"/>
            <line num="80" falsecount="0" type="cond" truecount="6"/>
            <line num="81" count="6" type="stmt"/>
            <line num="81" count="6" type="stmt"/>
            <line num="81" falsecount="0" type="cond" truecount="6"/>
            <line num="82" count="6" type="stmt"/>
            <line num="82" count="6" type="stmt"/>
            <line num="82" falsecount="0" type="cond" truecount="6"/>
            <line num="83" count="6" type="stmt"/>
            <line num="83" count="6" type="stmt"/>
            <line num="83" falsecount="0" type="cond" truecount="6"/>
            <line num="84" count="6" type="stmt"/>
            <line num="84" count="6" type="stmt"/>
            <line num="84" falsecount="0" type="cond" truecount="6"/>
            <line num="85" count="6" type="stmt"/>
            <line num="85" count="6" type="stmt"/>
            <line num="85" falsecount="0" type="cond" truecount="6"/>
            <line num="86" count="6" type="stmt"/>
            <line num="86" count="5" type="stmt"/>
            <line num="86" falsecount="1" type="cond" truecount="5"/>
            <line num="87" count="6" type="stmt"/>
            <line num="87" count="6" type="stmt"/>
            <line num="87" falsecount="0" type="cond" truecount="6"/>
            <line num="88" count="6" type="stmt"/>
            <line num="88" count="2" type="stmt"/>
            <line num="88" falsecount="4" type="cond" truecount="2"/>
            <line num="89" count="6" type="stmt"/>
            <line num="89" count="3" type="stmt"/>
            <line num="89" falsecount="3" type="cond" truecount="3"/>
            <line num="90" count="6" type="stmt"/>
            <line num="90" count="3" type="stmt"/>
            <line num="90" falsecount="3" type="cond" truecount="3"/>
            <line num="91" count="6" type="stmt"/>
            <line num="91" count="3" type="stmt"/>
            <line num="91" falsecount="3" type="cond" truecount="3"/>
            <line num="93" count="6" type="stmt"/>
         </file>
         <file name="CollectionConverter.java" path="/Users/ac010168/Documents/umkc/ac-games-db-mongo/src/main/java/com/ac/games/db/mongo/CollectionConverter.java">
            <metrics classes="1" methods="6" conditionals="24" ncloc="54" coveredstatements="37" coveredmethods="6" complexity="18" coveredconditionals="12" statements="43" loc="117" coveredelements="55" elements="73"/>
            <class name="CollectionConverter">
               <metrics methods="6" conditionals="24" coveredstatements="37" coveredmethods="6" complexity="18" coveredconditionals="12" statements="43" coveredelements="55" elements="73"/>
            </class>
            <line num="25" count="3" visibility="public" complexity="2" type="method" signature="convertCollectionToIDQuery(Collection) : BasicDBObject"/>
            <line num="26" count="3" type="stmt"/>
            <line num="26" count="0" type="stmt"/>
            <line num="26" falsecount="3" type="cond" truecount="0"/>
            <line num="28" count="3" type="stmt"/>
            <line num="29" count="3" type="stmt"/>
            <line num="39" count="14" visibility="public" complexity="2" type="method" signature="convertCollectionToIDQuery(long) : BasicDBObject"/>
            <line num="40" count="14" type="stmt"/>
            <line num="40" count="0" type="stmt"/>
            <line num="40" falsecount="14" type="cond" truecount="0"/>
            <line num="42" count="14" type="stmt"/>
            <line num="43" count="14" type="stmt"/>
            <line num="53" count="5" visibility="public" complexity="3" type="method" signature="convertCollectionToMongo(Collection) : BasicDBObject"/>
            <line num="54" count="5" type="stmt"/>
            <line num="54" count="0" type="stmt"/>
            <line num="54" falsecount="5" type="cond" truecount="0"/>
            <line num="56" count="5" type="stmt"/>
            <line num="57" count="5" type="stmt"/>
            <line num="57" count="5" type="stmt"/>
            <line num="57" falsecount="0" type="cond" truecount="5"/>
            <line num="59" count="5" type="stmt"/>
            <line num="60" count="5" type="stmt"/>
            <line num="61" count="5" type="stmt"/>
            <line num="63" count="5" type="stmt"/>
            <line num="73" count="6" visibility="public" complexity="7" type="method" signature="convertMongoToCollection(DBObject) : Collection"/>
            <line num="74" count="6" type="stmt"/>
            <line num="74" count="0" type="stmt"/>
            <line num="74" falsecount="6" type="cond" truecount="0"/>
            <line num="76" count="6" type="stmt"/>
            <line num="77" count="6" type="stmt"/>
            <line num="77" count="6" type="stmt"/>
            <line num="77" falsecount="0" type="cond" truecount="6"/>
            <line num="78" count="6" type="stmt"/>
            <line num="78" count="6" type="stmt"/>
            <line num="78" falsecount="0" type="cond" truecount="6"/>
            <line num="79" count="6" type="stmt"/>
            <line num="79" count="6" type="stmt"/>
            <line num="79" falsecount="0" type="cond" truecount="6"/>
            <line num="80" count="6" type="stmt"/>
            <line num="80" count="6" type="stmt"/>
            <line num="80" falsecount="0" type="cond" truecount="6"/>
            <line num="81" count="6" type="stmt"/>
            <line num="81" count="6" type="stmt"/>
            <line num="81" falsecount="0" type="cond" truecount="6"/>
            <line num="83" count="6" type="stmt"/>
            <line num="93" count="5" visibility="private" complexity="2" type="method" signature="convertList(List&lt;CollectionItem&gt;) : BasicDBList"/>
            <line num="94" count="5" type="stmt"/>
            <line num="94" count="0" type="stmt"/>
            <line num="94" falsecount="5" type="cond" truecount="0"/>
            <line num="96" count="5" type="stmt"/>
            <line num="97" count="5" type="stmt"/>
            <line num="98" count="4" type="stmt"/>
            <line num="99" count="5" type="stmt"/>
            <line num="108" count="6" visibility="private" complexity="2" type="method" signature="convertDBListToCollectionItemList(BasicDBList) : List&lt;CollectionItem&gt;"/>
            <line num="109" count="6" type="stmt"/>
            <line num="109" count="0" type="stmt"/>
            <line num="109" falsecount="6" type="cond" truecount="0"/>
            <line num="111" count="6" type="stmt"/>
            <line num="112" count="6" type="stmt"/>
            <line num="113" count="6" type="stmt"/>
            <line num="115" count="6" type="stmt"/>
         </file>
         <file name="CollectionItemConverter.java" path="/Users/ac010168/Documents/umkc/ac-games-db-mongo/src/main/java/com/ac/games/db/mongo/CollectionItemConverter.java">
            <metrics classes="1" methods="6" conditionals="34" ncloc="58" coveredstatements="44" coveredmethods="6" complexity="23" coveredconditionals="23" statements="50" loc="119" coveredelements="73" elements="90"/>
            <class name="CollectionItemConverter">
               <metrics methods="6" conditionals="34" coveredstatements="44" coveredmethods="6" complexity="23" coveredconditionals="23" statements="50" coveredelements="73" elements="90"/>
            </class>
            <line num="27" count="3" visibility="public" complexity="2" type="method" signature="convertCollectionItemToIDQuery(CollectionItem) : BasicDBObject"/>
            <line num="28" count="3" type="stmt"/>
            <line num="28" count="0" type="stmt"/>
            <line num="28" falsecount="3" type="cond" truecount="0"/>
            <line num="30" count="3" type="stmt"/>
            <line num="31" count="3" type="stmt"/>
            <line num="41" count="14" visibility="public" complexity="2" type="method" signature="convertCollectionItemToIDQuery(long) : BasicDBObject"/>
            <line num="42" count="14" type="stmt"/>
            <line num="42" count="0" type="stmt"/>
            <line num="42" falsecount="14" type="cond" truecount="0"/>
            <line num="44" count="14" type="stmt"/>
            <line num="45" count="14" type="stmt"/>
            <line num="55" count="9" visibility="public" complexity="7" type="method" signature="convertCollectionItemToMongo(CollectionItem) : BasicDBObject"/>
            <line num="56" count="9" type="stmt"/>
            <line num="56" count="0" type="stmt"/>
            <line num="56" falsecount="9" type="cond" truecount="0"/>
            <line num="58" count="9" type="stmt"/>
            <line num="59" count="9" type="stmt"/>
            <line num="59" count="9" type="stmt"/>
            <line num="59" falsecount="0" type="cond" truecount="9"/>
            <line num="60" count="9" type="stmt"/>
            <line num="60" count="9" type="stmt"/>
            <line num="60" falsecount="0" type="cond" truecount="9"/>
            <line num="61" count="9" type="stmt"/>
            <line num="61" count="7" type="stmt"/>
            <line num="61" falsecount="2" type="cond" truecount="7"/>
            <line num="62" count="9" type="stmt"/>
            <line num="62" count="5" type="stmt"/>
            <line num="62" falsecount="4" type="cond" truecount="5"/>
            <line num="63" count="9" type="stmt"/>
            <line num="63" count="3" type="stmt"/>
            <line num="63" falsecount="6" type="cond" truecount="3"/>
            <line num="64" count="9" type="stmt"/>
            <line num="74" count="12" visibility="public" complexity="8" type="method" signature="convertMongoToCollectionItem(DBObject) : CollectionItem"/>
            <line num="75" count="12" type="stmt"/>
            <line num="75" count="0" type="stmt"/>
            <line num="75" falsecount="12" type="cond" truecount="0"/>
            <line num="77" count="12" type="stmt"/>
            <line num="78" count="12" type="stmt"/>
            <line num="78" count="12" type="stmt"/>
            <line num="78" falsecount="0" type="cond" truecount="12"/>
            <line num="79" count="12" type="stmt"/>
            <line num="79" count="12" type="stmt"/>
            <line num="79" falsecount="0" type="cond" truecount="12"/>
            <line num="80" count="12" type="stmt"/>
            <line num="80" count="12" type="stmt"/>
            <line num="80" falsecount="0" type="cond" truecount="12"/>
            <line num="81" count="12" type="stmt"/>
            <line num="81" count="10" type="stmt"/>
            <line num="81" falsecount="2" type="cond" truecount="10"/>
            <line num="82" count="12" type="stmt"/>
            <line num="82" count="7" type="stmt"/>
            <line num="82" falsecount="5" type="cond" truecount="7"/>
            <line num="83" count="12" type="stmt"/>
            <line num="83" count="5" type="stmt"/>
            <line num="83" falsecount="7" type="cond" truecount="5"/>
            <line num="85" count="12" type="stmt"/>
            <line num="95" count="7" visibility="private" complexity="2" type="method" signature="convertList(List&lt;GameWeight&gt;) : BasicDBList"/>
            <line num="96" count="7" type="stmt"/>
            <line num="96" count="0" type="stmt"/>
            <line num="96" falsecount="7" type="cond" truecount="0"/>
            <line num="98" count="7" type="stmt"/>
            <line num="99" count="7" type="stmt"/>
            <line num="100" count="8" type="stmt"/>
            <line num="101" count="7" type="stmt"/>
            <line num="110" count="10" visibility="private" complexity="2" type="method" signature="convertDBListToGameWeightList(BasicDBList) : List&lt;GameWeight&gt;"/>
            <line num="111" count="10" type="stmt"/>
            <line num="111" count="0" type="stmt"/>
            <line num="111" falsecount="10" type="cond" truecount="0"/>
            <line num="113" count="10" type="stmt"/>
            <line num="114" count="10" type="stmt"/>
            <line num="115" count="12" type="stmt"/>
            <line num="117" count="10" type="stmt"/>
         </file>
         <file name="GameConverter.java" path="/Users/ac010168/Documents/umkc/ac-games-db-mongo/src/main/java/com/ac/games/db/mongo/GameConverter.java">
            <metrics classes="1" methods="9" conditionals="106" ncloc="116" coveredstatements="105" coveredmethods="7" complexity="62" coveredconditionals="52" statements="134" loc="205" coveredelements="164" elements="249"/>
            <class name="GameConverter">
               <metrics methods="9" conditionals="106" coveredstatements="105" coveredmethods="7" complexity="62" coveredconditionals="52" statements="134" coveredelements="164" elements="249"/>
            </class>
            <line num="28" count="3" visibility="public" complexity="2" type="method" signature="convertGameToIDQuery(Game) : BasicDBObject"/>
            <line num="29" count="3" type="stmt"/>
            <line num="29" count="0" type="stmt"/>
            <line num="29" falsecount="3" type="cond" truecount="0"/>
            <line num="31" count="3" type="stmt"/>
            <line num="32" count="3" type="stmt"/>
            <line num="42" count="14" visibility="public" complexity="2" type="method" signature="convertGameToIDQuery(long) : BasicDBObject"/>
            <line num="43" count="14" type="stmt"/>
            <line num="43" count="0" type="stmt"/>
            <line num="43" falsecount="14" type="cond" truecount="0"/>
            <line num="45" count="14" type="stmt"/>
            <line num="46" count="14" type="stmt"/>
            <line num="56" count="0" visibility="public" complexity="2" type="method" signature="convertGameToBGGIDQuery(long) : BasicDBObject"/>
            <line num="57" count="0" type="stmt"/>
            <line num="57" count="0" type="stmt"/>
            <line num="57" falsecount="0" type="cond" truecount="0"/>
            <line num="59" count="0" type="stmt"/>
            <line num="60" count="0" type="stmt"/>
            <line num="70" count="14" visibility="public" complexity="21" type="method" signature="convertGameToMongo(Game) : BasicDBObject"/>
            <line num="71" count="14" type="stmt"/>
            <line num="71" count="0" type="stmt"/>
            <line num="71" falsecount="14" type="cond" truecount="0"/>
            <line num="73" count="14" type="stmt"/>
            <line num="75" count="14" type="stmt"/>
            <line num="75" count="14" type="stmt"/>
            <line num="75" falsecount="0" type="cond" truecount="14"/>
            <line num="76" count="14" type="stmt"/>
            <line num="76" count="14" type="stmt"/>
            <line num="76" falsecount="0" type="cond" truecount="14"/>
            <line num="77" count="14" type="stmt"/>
            <line num="77" count="14" type="stmt"/>
            <line num="77" falsecount="0" type="cond" truecount="14"/>
            <line num="78" count="14" type="stmt"/>
            <line num="78" count="14" type="stmt"/>
            <line num="78" falsecount="0" type="cond" truecount="14"/>
            <line num="79" count="14" type="stmt"/>
            <line num="79" count="14" type="stmt"/>
            <line num="79" falsecount="0" type="cond" truecount="14"/>
            <line num="80" count="14" type="stmt"/>
            <line num="80" count="14" type="stmt"/>
            <line num="80" falsecount="0" type="cond" truecount="14"/>
            <line num="81" count="14" type="stmt"/>
            <line num="81" count="14" type="stmt"/>
            <line num="81" falsecount="0" type="cond" truecount="14"/>
            <line num="82" count="14" type="stmt"/>
            <line num="82" count="14" type="stmt"/>
            <line num="82" falsecount="0" type="cond" truecount="14"/>
            <line num="83" count="14" type="stmt"/>
            <line num="83" count="14" type="stmt"/>
            <line num="83" falsecount="0" type="cond" truecount="14"/>
            <line num="84" count="14" type="stmt"/>
            <line num="84" count="14" type="stmt"/>
            <line num="84" falsecount="0" type="cond" truecount="14"/>
            <line num="85" count="14" type="stmt"/>
            <line num="85" count="14" type="stmt"/>
            <line num="85" falsecount="0" type="cond" truecount="14"/>
            <line num="86" count="14" type="stmt"/>
            <line num="86" count="14" type="stmt"/>
            <line num="86" falsecount="0" type="cond" truecount="14"/>
            <line num="87" count="14" type="stmt"/>
            <line num="87" count="14" type="stmt"/>
            <line num="87" falsecount="0" type="cond" truecount="14"/>
            <line num="88" count="14" type="stmt"/>
            <line num="88" count="14" type="stmt"/>
            <line num="88" falsecount="0" type="cond" truecount="14"/>
            <line num="89" count="14" type="stmt"/>
            <line num="89" count="14" type="stmt"/>
            <line num="89" falsecount="0" type="cond" truecount="14"/>
            <line num="90" count="14" type="stmt"/>
            <line num="90" count="6" type="stmt"/>
            <line num="90" falsecount="8" type="cond" truecount="6"/>
            <line num="91" count="14" type="stmt"/>
            <line num="91" count="3" type="stmt"/>
            <line num="91" falsecount="11" type="cond" truecount="3"/>
            <line num="93" count="14" type="stmt"/>
            <line num="93" count="14" type="stmt"/>
            <line num="93" falsecount="0" type="cond" truecount="14"/>
            <line num="94" count="14" type="stmt"/>
            <line num="94" count="8" type="stmt"/>
            <line num="94" falsecount="6" type="cond" truecount="8"/>
            <line num="96" count="14" type="stmt"/>
            <line num="106" count="18" visibility="public" complexity="22" type="method" signature="convertMongoToGame(DBObject) : Game"/>
            <line num="107" count="18" type="stmt"/>
            <line num="107" count="0" type="stmt"/>
            <line num="107" falsecount="18" type="cond" truecount="0"/>
            <line num="109" count="18" type="stmt"/>
            <line num="111" count="18" type="stmt"/>
            <line num="111" count="18" type="stmt"/>
            <line num="111" falsecount="0" type="cond" truecount="18"/>
            <line num="112" count="18" type="stmt"/>
            <line num="112" count="18" type="stmt"/>
            <line num="112" falsecount="0" type="cond" truecount="18"/>
            <line num="113" count="18" type="stmt"/>
            <line num="113" count="18" type="stmt"/>
            <line num="113" falsecount="0" type="cond" truecount="18"/>
            <line num="114" count="18" type="stmt"/>
            <line num="114" count="18" type="stmt"/>
            <line num="114" falsecount="0" type="cond" truecount="18"/>
            <line num="115" count="18" type="stmt"/>
            <line num="115" count="18" type="stmt"/>
            <line num="115" falsecount="0" type="cond" truecount="18"/>
            <line num="116" count="18" type="stmt"/>
            <line num="116" count="18" type="stmt"/>
            <line num="116" falsecount="0" type="cond" truecount="18"/>
            <line num="117" count="18" type="stmt"/>
            <line num="117" count="18" type="stmt"/>
            <line num="117" falsecount="0" type="cond" truecount="18"/>
            <line num="118" count="18" type="stmt"/>
            <line num="118" count="18" type="stmt"/>
            <line num="118" falsecount="0" type="cond" truecount="18"/>
            <line num="119" count="18" type="stmt"/>
            <line num="119" count="18" type="stmt"/>
            <line num="119" falsecount="0" type="cond" truecount="18"/>
            <line num="120" count="18" type="stmt"/>
            <line num="120" count="18" type="stmt"/>
            <line num="120" falsecount="0" type="cond" truecount="18"/>
            <line num="121" count="18" type="stmt"/>
            <line num="121" count="18" type="stmt"/>
            <line num="121" falsecount="0" type="cond" truecount="18"/>
            <line num="122" count="18" type="stmt"/>
            <line num="122" count="18" type="stmt"/>
            <line num="122" falsecount="0" type="cond" truecount="18"/>
            <line num="123" count="18" type="stmt"/>
            <line num="123" count="18" type="stmt"/>
            <line num="123" falsecount="0" type="cond" truecount="18"/>
            <line num="124" count="18" type="stmt"/>
            <line num="124" count="18" type="stmt"/>
            <line num="124" falsecount="0" type="cond" truecount="18"/>
            <line num="125" count="18" type="stmt"/>
            <line num="125" count="18" type="stmt"/>
            <line num="125" falsecount="0" type="cond" truecount="18"/>
            <line num="126" count="18" type="stmt"/>
            <line num="126" count="18" type="stmt"/>
            <line num="126" falsecount="0" type="cond" truecount="18"/>
            <line num="127" count="18" type="stmt"/>
            <line num="127" count="7" type="stmt"/>
            <line num="127" falsecount="11" type="cond" truecount="7"/>
            <line num="128" count="18" type="stmt"/>
            <line num="128" count="4" type="stmt"/>
            <line num="128" falsecount="14" type="cond" truecount="4"/>
            <line num="130" count="18" type="stmt"/>
            <line num="130" count="18" type="stmt"/>
            <line num="130" falsecount="0" type="cond" truecount="18"/>
            <line num="131" count="18" type="stmt"/>
            <line num="131" count="11" type="stmt"/>
            <line num="131" falsecount="7" type="cond" truecount="11"/>
            <line num="133" count="18" type="stmt"/>
            <line num="136" count="0" visibility="public" complexity="7" type="method" signature="convertMongoToCompact(DBObject) : CompactSearchData"/>
            <line num="137" count="0" type="stmt"/>
            <line num="137" count="0" type="stmt"/>
            <line num="137" falsecount="0" type="cond" truecount="0"/>
            <line num="139" count="0" type="stmt"/>
            <line num="141" count="0" type="stmt"/>
            <line num="141" falsecount="0" type="cond" truecount="0"/>
            <line num="142" count="0" type="stmt"/>
            <line num="143" count="0" type="stmt"/>
            <line num="145" count="0" type="stmt"/>
            <line num="146" count="0" type="stmt"/>
            <line num="146" count="0" type="stmt"/>
            <line num="146" falsecount="0" type="cond" truecount="0"/>
            <line num="147" count="0" type="stmt"/>
            <line num="148" count="0" type="stmt"/>
            <line num="148" count="0" type="stmt"/>
            <line num="148" falsecount="0" type="cond" truecount="0"/>
            <line num="149" count="0" type="stmt"/>
            <line num="149" falsecount="0" type="cond" truecount="0"/>
            <line num="150" count="0" type="stmt"/>
            <line num="151" count="0" type="stmt"/>
            <line num="153" count="0" type="stmt"/>
            <line num="153" count="0" type="stmt"/>
            <line num="153" falsecount="0" type="cond" truecount="0"/>
            <line num="155" count="0" type="stmt"/>
            <line num="165" count="62" visibility="private" complexity="2" type="method" signature="convertList(List&lt;?&gt;) : BasicDBList"/>
            <line num="166" count="62" type="stmt"/>
            <line num="166" count="0" type="stmt"/>
            <line num="166" falsecount="62" type="cond" truecount="0"/>
            <line num="168" count="62" type="stmt"/>
            <line num="169" count="62" type="stmt"/>
            <line num="170" count="231" type="stmt"/>
            <line num="171" count="62" type="stmt"/>
            <line num="180" count="72" visibility="private" complexity="2" type="method" signature="convertDBListToStringList(BasicDBList) : List&lt;String&gt;"/>
            <line num="181" count="72" type="stmt"/>
            <line num="181" count="0" type="stmt"/>
            <line num="181" falsecount="72" type="cond" truecount="0"/>
            <line num="183" count="72" type="stmt"/>
            <line num="184" count="72" type="stmt"/>
            <line num="185" count="255" type="stmt"/>
            <line num="187" count="72" type="stmt"/>
            <line num="196" count="7" visibility="private" complexity="2" type="method" signature="convertDBListToLongList(BasicDBList) : List&lt;Long&gt;"/>
            <line num="197" count="7" type="stmt"/>
            <line num="197" count="0" type="stmt"/>
            <line num="197" falsecount="7" type="cond" truecount="0"/>
            <line num="199" count="7" type="stmt"/>
            <line num="200" count="7" type="stmt"/>
            <line num="201" count="35" type="stmt"/>
            <line num="203" count="7" type="stmt"/>
         </file>
         <file name="GameReltnConverter.java" path="/Users/ac010168/Documents/umkc/ac-games-db-mongo/src/main/java/com/ac/games/db/mongo/GameReltnConverter.java">
            <metrics classes="1" methods="8" conditionals="40" ncloc="70" coveredstatements="55" coveredmethods="8" complexity="28" coveredconditionals="22" statements="63" loc="154" coveredelements="85" elements="111"/>
            <class name="GameReltnConverter">
               <metrics methods="8" conditionals="40" coveredstatements="55" coveredmethods="8" complexity="28" coveredconditionals="22" statements="63" coveredelements="85" elements="111"/>
            </class>
            <line num="26" count="3" visibility="public" complexity="2" type="method" signature="convertGameReltnToIDQuery(GameReltn) : BasicDBObject"/>
            <line num="27" count="3" type="stmt"/>
            <line num="27" count="0" type="stmt"/>
            <line num="27" falsecount="3" type="cond" truecount="0"/>
            <line num="29" count="3" type="stmt"/>
            <line num="30" count="3" type="stmt"/>
            <line num="40" count="8" visibility="public" complexity="2" type="method" signature="convertGameReltnToGameIDQuery(long) : BasicDBObject"/>
            <line num="41" count="8" type="stmt"/>
            <line num="41" count="0" type="stmt"/>
            <line num="41" falsecount="8" type="cond" truecount="0"/>
            <line num="43" count="8" type="stmt"/>
            <line num="44" count="8" type="stmt"/>
            <line num="54" count="6" visibility="public" complexity="2" type="method" signature="convertGameReltnToReltnIDQuery(long) : BasicDBObject"/>
            <line num="55" count="6" type="stmt"/>
            <line num="55" count="0" type="stmt"/>
            <line num="55" falsecount="6" type="cond" truecount="0"/>
            <line num="57" count="6" type="stmt"/>
            <line num="58" count="6" type="stmt"/>
            <line num="68" count="5" visibility="public" complexity="7" type="method" signature="convertGameReltnToMongo(GameReltn) : BasicDBObject"/>
            <line num="69" count="5" type="stmt"/>
            <line num="69" count="0" type="stmt"/>
            <line num="69" falsecount="5" type="cond" truecount="0"/>
            <line num="72" count="5" type="stmt"/>
            <line num="73" count="5" type="stmt"/>
            <line num="75" count="5" type="stmt"/>
            <line num="75" count="5" type="stmt"/>
            <line num="75" falsecount="0" type="cond" truecount="5"/>
            <line num="76" count="5" type="stmt"/>
            <line num="76" count="5" type="stmt"/>
            <line num="76" falsecount="0" type="cond" truecount="5"/>
            <line num="77" count="5" type="stmt"/>
            <line num="77" count="5" type="stmt"/>
            <line num="77" falsecount="0" type="cond" truecount="5"/>
            <line num="78" count="5" type="stmt"/>
            <line num="78" count="5" type="stmt"/>
            <line num="78" falsecount="0" type="cond" truecount="5"/>
            <line num="79" count="5" type="stmt"/>
            <line num="79" count="2" type="stmt"/>
            <line num="79" falsecount="3" type="cond" truecount="2"/>
            <line num="81" count="5" type="stmt"/>
            <line num="91" count="6" visibility="public" complexity="9" type="method" signature="convertMongoToGameReltn(DBObject) : GameReltn"/>
            <line num="92" count="6" type="stmt"/>
            <line num="92" count="0" type="stmt"/>
            <line num="92" falsecount="6" type="cond" truecount="0"/>
            <line num="94" count="6" type="stmt"/>
            <line num="96" count="6" type="stmt"/>
            <line num="96" count="6" type="stmt"/>
            <line num="96" falsecount="0" type="cond" truecount="6"/>
            <line num="97" count="6" type="stmt"/>
            <line num="97" count="6" type="stmt"/>
            <line num="97" falsecount="0" type="cond" truecount="6"/>
            <line num="98" count="6" type="stmt"/>
            <line num="98" count="6" type="stmt"/>
            <line num="98" falsecount="0" type="cond" truecount="6"/>
            <line num="99" count="6" type="stmt"/>
            <line num="99" count="6" type="stmt"/>
            <line num="99" falsecount="0" type="cond" truecount="6"/>
            <line num="100" count="6" type="stmt"/>
            <line num="100" count="6" type="stmt"/>
            <line num="100" falsecount="0" type="cond" truecount="6"/>
            <line num="101" count="6" type="stmt"/>
            <line num="101" count="6" type="stmt"/>
            <line num="101" falsecount="0" type="cond" truecount="6"/>
            <line num="102" count="6" type="stmt"/>
            <line num="102" count="2" type="stmt"/>
            <line num="102" falsecount="4" type="cond" truecount="2"/>
            <line num="104" count="6" type="stmt"/>
            <line num="114" count="17" visibility="private" complexity="2" type="method" signature="convertList(List&lt;?&gt;) : BasicDBList"/>
            <line num="115" count="17" type="stmt"/>
            <line num="115" count="0" type="stmt"/>
            <line num="115" falsecount="17" type="cond" truecount="0"/>
            <line num="117" count="17" type="stmt"/>
            <line num="118" count="17" type="stmt"/>
            <line num="119" count="23" type="stmt"/>
            <line num="120" count="17" type="stmt"/>
            <line num="129" count="6" visibility="private" complexity="2" type="method" signature="convertDBListToStringList(BasicDBList) : List&lt;String&gt;"/>
            <line num="130" count="6" type="stmt"/>
            <line num="130" count="0" type="stmt"/>
            <line num="130" falsecount="6" type="cond" truecount="0"/>
            <line num="132" count="6" type="stmt"/>
            <line num="133" count="6" type="stmt"/>
            <line num="134" count="8" type="stmt"/>
            <line num="136" count="6" type="stmt"/>
            <line num="145" count="14" visibility="private" complexity="2" type="method" signature="convertDBListToLongList(BasicDBList) : List&lt;Long&gt;"/>
            <line num="146" count="14" type="stmt"/>
            <line num="146" count="0" type="stmt"/>
            <line num="146" falsecount="14" type="cond" truecount="0"/>
            <line num="148" count="14" type="stmt"/>
            <line num="149" count="14" type="stmt"/>
            <line num="150" count="20" type="stmt"/>
            <line num="152" count="14" type="stmt"/>
         </file>
         <file name="MMDataConverter.java" path="/Users/ac010168/Documents/umkc/ac-games-db-mongo/src/main/java/com/ac/games/db/mongo/MMDataConverter.java">
            <metrics classes="1" methods="4" conditionals="54" ncloc="53" coveredstatements="58" coveredmethods="4" complexity="31" coveredconditionals="33" statements="62" loc="93" coveredelements="95" elements="120"/>
            <class name="MMDataConverter">
               <metrics methods="4" conditionals="54" coveredstatements="58" coveredmethods="4" complexity="31" coveredconditionals="33" statements="62" coveredelements="95" elements="120"/>
            </class>
            <line num="25" count="3" visibility="public" complexity="2" type="method" signature="convertMMToIDQuery(MiniatureMarketPriceData) : BasicDBObject"/>
            <line num="26" count="3" type="stmt"/>
            <line num="26" count="0" type="stmt"/>
            <line num="26" falsecount="3" type="cond" truecount="0"/>
            <line num="28" count="3" type="stmt"/>
            <line num="29" count="3" type="stmt"/>
            <line num="39" count="14" visibility="public" complexity="2" type="method" signature="convertMMToIDQuery(long) : BasicDBObject"/>
            <line num="40" count="14" type="stmt"/>
            <line num="40" count="0" type="stmt"/>
            <line num="40" falsecount="14" type="cond" truecount="0"/>
            <line num="42" count="14" type="stmt"/>
            <line num="43" count="14" type="stmt"/>
            <line num="53" count="5" visibility="public" complexity="13" type="method" signature="convertMMToMongo(MiniatureMarketPriceData) : BasicDBObject"/>
            <line num="54" count="5" type="stmt"/>
            <line num="54" count="0" type="stmt"/>
            <line num="54" falsecount="5" type="cond" truecount="0"/>
            <line num="56" count="5" type="stmt"/>
            <line num="58" count="5" type="stmt"/>
            <line num="58" count="5" type="stmt"/>
            <line num="58" falsecount="0" type="cond" truecount="5"/>
            <line num="59" count="5" type="stmt"/>
            <line num="59" count="5" type="stmt"/>
            <line num="59" falsecount="0" type="cond" truecount="5"/>
            <line num="60" count="5" type="stmt"/>
            <line num="60" count="5" type="stmt"/>
            <line num="60" falsecount="0" type="cond" truecount="5"/>
            <line num="61" count="5" type="stmt"/>
            <line num="61" count="5" type="stmt"/>
            <line num="61" falsecount="0" type="cond" truecount="5"/>
            <line num="62" count="5" type="stmt"/>
            <line num="62" count="5" type="stmt"/>
            <line num="62" falsecount="0" type="cond" truecount="5"/>
            <line num="63" count="5" type="stmt"/>
            <line num="63" count="5" type="stmt"/>
            <line num="63" falsecount="0" type="cond" truecount="5"/>
            <line num="64" count="5" type="stmt"/>
            <line num="64" count="5" type="stmt"/>
            <line num="64" falsecount="0" type="cond" truecount="5"/>
            <line num="65" count="5" type="stmt"/>
            <line num="65" count="5" type="stmt"/>
            <line num="65" falsecount="0" type="cond" truecount="5"/>
            <line num="66" count="5" type="stmt"/>
            <line num="66" count="2" type="stmt"/>
            <line num="66" falsecount="3" type="cond" truecount="2"/>
            <line num="67" count="5" type="stmt"/>
            <line num="67" count="2" type="stmt"/>
            <line num="67" falsecount="3" type="cond" truecount="2"/>
            <line num="68" count="5" type="stmt"/>
            <line num="68" count="2" type="stmt"/>
            <line num="68" falsecount="3" type="cond" truecount="2"/>
            <line num="70" count="5" type="stmt"/>
            <line num="73" count="6" visibility="public" complexity="14" type="method" signature="convertMongoToMM(DBObject) : MiniatureMarketPriceData"/>
            <line num="74" count="6" type="stmt"/>
            <line num="74" count="0" type="stmt"/>
            <line num="74" falsecount="6" type="cond" truecount="0"/>
            <line num="76" count="6" type="stmt"/>
            <line num="78" count="6" type="stmt"/>
            <line num="78" count="6" type="stmt"/>
            <line num="78" falsecount="0" type="cond" truecount="6"/>
            <line num="79" count="6" type="stmt"/>
            <line num="79" count="6" type="stmt"/>
            <line num="79" falsecount="0" type="cond" truecount="6"/>
            <line num="80" count="6" type="stmt"/>
            <line num="80" count="6" type="stmt"/>
            <line num="80" falsecount="0" type="cond" truecount="6"/>
            <line num="81" count="6" type="stmt"/>
            <line num="81" count="6" type="stmt"/>
            <line num="81" falsecount="0" type="cond" truecount="6"/>
            <line num="82" count="6" type="stmt"/>
            <line num="82" count="6" type="stmt"/>
            <line num="82" falsecount="0" type="cond" truecount="6"/>
            <line num="83" count="6" type="stmt"/>
            <line num="83" count="6" type="stmt"/>
            <line num="83" falsecount="0" type="cond" truecount="6"/>
            <line num="84" count="6" type="stmt"/>
            <line num="84" count="6" type="stmt"/>
            <line num="84" falsecount="0" type="cond" truecount="6"/>
            <line num="85" count="6" type="stmt"/>
            <line num="85" count="6" type="stmt"/>
            <line num="85" falsecount="0" type="cond" truecount="6"/>
            <line num="86" count="6" type="stmt"/>
            <line num="86" count="6" type="stmt"/>
            <line num="86" falsecount="0" type="cond" truecount="6"/>
            <line num="87" count="6" type="stmt"/>
            <line num="87" count="3" type="stmt"/>
            <line num="87" falsecount="3" type="cond" truecount="3"/>
            <line num="88" count="6" type="stmt"/>
            <line num="88" count="3" type="stmt"/>
            <line num="88" falsecount="3" type="cond" truecount="3"/>
            <line num="89" count="6" type="stmt"/>
            <line num="89" count="3" type="stmt"/>
            <line num="89" falsecount="3" type="cond" truecount="3"/>
            <line num="91" count="6" type="stmt"/>
         </file>
         <file name="MediaItemConverter.java" path="/Users/ac010168/Documents/umkc/ac-games-db-mongo/src/main/java/com/ac/games/db/mongo/MediaItemConverter.java">
            <metrics classes="1" methods="4" conditionals="40" ncloc="45" coveredstatements="0" coveredmethods="0" complexity="24" coveredconditionals="0" statements="49" loc="91" coveredelements="0" elements="93"/>
            <class name="MediaItemConverter">
               <metrics methods="4" conditionals="40" coveredstatements="0" coveredmethods="0" complexity="24" coveredconditionals="0" statements="49" coveredelements="0" elements="93"/>
            </class>
            <line num="23" count="0" visibility="public" complexity="2" type="method" signature="convertMediaItemToIDQuery(MediaItem) : BasicDBObject"/>
            <line num="24" count="0" type="stmt"/>
            <line num="24" count="0" type="stmt"/>
            <line num="24" falsecount="0" type="cond" truecount="0"/>
            <line num="26" count="0" type="stmt"/>
            <line num="27" count="0" type="stmt"/>
            <line num="38" count="0" visibility="public" complexity="2" type="method" signature="convertMediaItemToGenericIDQuery(String,long) : BasicDBObject"/>
            <line num="39" count="0" type="stmt"/>
            <line num="39" count="0" type="stmt"/>
            <line num="39" falsecount="0" type="cond" truecount="0"/>
            <line num="41" count="0" type="stmt"/>
            <line num="42" count="0" type="stmt"/>
            <line num="52" count="0" visibility="public" complexity="9" type="method" signature="convertMediaItemToMongo(MediaItem) : BasicDBObject"/>
            <line num="53" count="0" type="stmt"/>
            <line num="53" count="0" type="stmt"/>
            <line num="53" falsecount="0" type="cond" truecount="0"/>
            <line num="55" count="0" type="stmt"/>
            <line num="56" count="0" type="stmt"/>
            <line num="56" count="0" type="stmt"/>
            <line num="56" falsecount="0" type="cond" truecount="0"/>
            <line num="57" count="0" type="stmt"/>
            <line num="57" count="0" type="stmt"/>
            <line num="57" falsecount="0" type="cond" truecount="0"/>
            <line num="58" count="0" type="stmt"/>
            <line num="58" count="0" type="stmt"/>
            <line num="58" falsecount="0" type="cond" truecount="0"/>
            <line num="59" count="0" type="stmt"/>
            <line num="59" count="0" type="stmt"/>
            <line num="59" falsecount="0" type="cond" truecount="0"/>
            <line num="60" count="0" type="stmt"/>
            <line num="60" count="0" type="stmt"/>
            <line num="60" falsecount="0" type="cond" truecount="0"/>
            <line num="61" count="0" type="stmt"/>
            <line num="61" count="0" type="stmt"/>
            <line num="61" falsecount="0" type="cond" truecount="0"/>
            <line num="62" count="0" type="stmt"/>
            <line num="62" count="0" type="stmt"/>
            <line num="62" falsecount="0" type="cond" truecount="0"/>
            <line num="63" count="0" type="stmt"/>
            <line num="65" count="0" type="stmt"/>
            <line num="75" count="0" visibility="public" complexity="11" type="method" signature="convertMongoToMediaItem(DBObject) : MediaItem"/>
            <line num="76" count="0" type="stmt"/>
            <line num="76" count="0" type="stmt"/>
            <line num="76" falsecount="0" type="cond" truecount="0"/>
            <line num="78" count="0" type="stmt"/>
            <line num="79" count="0" type="stmt"/>
            <line num="79" count="0" type="stmt"/>
            <line num="79" falsecount="0" type="cond" truecount="0"/>
            <line num="80" count="0" type="stmt"/>
            <line num="80" count="0" type="stmt"/>
            <line num="80" falsecount="0" type="cond" truecount="0"/>
            <line num="81" count="0" type="stmt"/>
            <line num="81" count="0" type="stmt"/>
            <line num="81" falsecount="0" type="cond" truecount="0"/>
            <line num="82" count="0" type="stmt"/>
            <line num="82" count="0" type="stmt"/>
            <line num="82" falsecount="0" type="cond" truecount="0"/>
            <line num="83" count="0" type="stmt"/>
            <line num="83" count="0" type="stmt"/>
            <line num="83" falsecount="0" type="cond" truecount="0"/>
            <line num="84" count="0" type="stmt"/>
            <line num="84" count="0" type="stmt"/>
            <line num="84" falsecount="0" type="cond" truecount="0"/>
            <line num="85" count="0" type="stmt"/>
            <line num="85" count="0" type="stmt"/>
            <line num="85" falsecount="0" type="cond" truecount="0"/>
            <line num="86" count="0" type="stmt"/>
            <line num="86" count="0" type="stmt"/>
            <line num="86" falsecount="0" type="cond" truecount="0"/>
            <line num="87" count="0" type="stmt"/>
            <line num="87" count="0" type="stmt"/>
            <line num="87" falsecount="0" type="cond" truecount="0"/>
            <line num="89" count="0" type="stmt"/>
         </file>
         <file name="MongoGamesDatabase.java" path="/Users/ac010168/Documents/umkc/ac-games-db-mongo/src/main/java/com/ac/games/db/mongo/MongoGamesDatabase.java">
            <metrics classes="1" methods="120" conditionals="614" ncloc="1976" coveredstatements="574" coveredmethods="74" complexity="649" coveredconditionals="219" statements="1384" loc="3312" coveredelements="867" elements="2118"/>
            <class name="MongoGamesDatabase">
               <metrics methods="120" conditionals="614" coveredstatements="574" coveredmethods="74" complexity="649" coveredconditionals="219" statements="1384" coveredelements="867" elements="2118"/>
            </class>
            <line num="72" count="1" visibility="public" complexity="1" type="method" signature="MongoGamesDatabase(String,int,String)"/>
            <line num="73" count="1" type="stmt"/>
            <line num="74" count="1" type="stmt"/>
            <line num="75" count="1" type="stmt"/>
            <line num="77" count="1" type="stmt"/>
            <line num="78" count="1" type="stmt"/>
            <line num="84" count="0" visibility="public" complexity="1" type="method" signature="getMongoHostAddress() : String"/>
            <line num="85" count="0" type="stmt"/>
            <line num="91" count="0" visibility="public" complexity="1" type="method" signature="getMongoPort() : int"/>
            <line num="92" count="0" type="stmt"/>
            <line num="98" count="0" visibility="public" complexity="1" type="method" signature="getDatabaseName() : String"/>
            <line num="99" count="0" type="stmt"/>
            <line num="105" count="0" visibility="public" complexity="1" type="method" signature="getMongoClient() : MongoClient"/>
            <line num="106" count="0" type="stmt"/>
            <line num="112" count="1" visibility="public" complexity="1" type="method" signature="setMongoClient(MongoClient) : void"/>
            <line num="113" count="1" type="stmt"/>
            <line num="119" count="0" visibility="public" complexity="1" type="method" signature="getMongoDB() : DB"/>
            <line num="120" count="0" type="stmt"/>
            <line num="126" count="1" visibility="public" complexity="1" type="method" signature="setMongoDB(DB) : void"/>
            <line num="127" count="1" type="stmt"/>
            <line num="134" count="10" visibility="public" complexity="5" type="method" signature="initializeDBConnection() : void"/>
            <line num="136" count="10" type="stmt"/>
            <line num="136" falsecount="10" type="cond" truecount="0"/>
            <line num="137" count="0" type="stmt"/>
            <line num="138" count="0" type="stmt"/>
            <line num="142" count="10" type="stmt"/>
            <line num="143" count="10" type="stmt"/>
            <line num="144" count="10" type="stmt"/>
            <line num="146" count="0" type="stmt"/>
            <line num="147" count="0" type="stmt"/>
            <line num="150" count="10" type="stmt"/>
            <line num="151" count="10" type="stmt"/>
            <line num="153" count="0" type="stmt"/>
            <line num="153" count="0" type="stmt"/>
            <line num="154" count="0" type="stmt"/>
            <line num="155" count="0" type="stmt"/>
            <line num="156" count="0" type="stmt"/>
            <line num="164" count="10" visibility="public" complexity="3" type="method" signature="closeDBConnection() : void"/>
            <line num="166" count="10" type="stmt"/>
            <line num="167" count="10" type="stmt"/>
            <line num="167" falsecount="0" type="cond" truecount="10"/>
            <line num="168" count="10" type="stmt"/>
            <line num="169" count="10" type="stmt"/>
            <line num="170" count="10" type="stmt"/>
            <line num="172" count="0" type="stmt"/>
            <line num="180" count="8" visibility="public" complexity="10" type="method" signature="readBGGGameData(long) : BGGGame"/>
            <line num="182" count="8" type="stmt"/>
            <line num="182" falsecount="8" type="cond" truecount="0"/>
            <line num="183" count="0" type="stmt"/>
            <line num="185" count="8" type="stmt"/>
            <line num="185" falsecount="8" type="cond" truecount="0"/>
            <line num="186" count="0" type="stmt"/>
            <line num="189" count="8" type="stmt"/>
            <line num="191" count="8" type="stmt"/>
            <line num="192" count="8" type="stmt"/>
            <line num="194" count="8" type="stmt"/>
            <line num="196" count="8" type="stmt"/>
            <line num="196" falsecount="8" type="cond" truecount="0"/>
            <line num="197" count="0" type="stmt"/>
            <line num="199" count="8" type="stmt"/>
            <line num="200" count="8" type="stmt"/>
            <line num="200" falsecount="8" type="cond" truecount="6"/>
            <line num="201" count="6" type="stmt"/>
            <line num="202" count="6" type="stmt"/>
            <line num="205" count="8" type="stmt"/>
            <line num="205" falsecount="8" type="cond" truecount="0"/>
            <line num="206" count="0" type="stmt"/>
            <line num="206" falsecount="0" type="cond" truecount="0"/>
            <line num="207" count="8" type="stmt"/>
            <line num="210" count="0" type="stmt"/>
            <line num="212" count="0" type="stmt"/>
            <line num="220" count="3" visibility="public" complexity="9" type="method" signature="insertBGGGameData(BGGGame) : void"/>
            <line num="222" count="3" type="stmt"/>
            <line num="222" falsecount="3" type="cond" truecount="0"/>
            <line num="223" count="0" type="stmt"/>
            <line num="225" count="3" type="stmt"/>
            <line num="225" falsecount="3" type="cond" truecount="0"/>
            <line num="226" count="0" type="stmt"/>
            <line num="229" count="3" type="stmt"/>
            <line num="232" count="3" type="stmt"/>
            <line num="233" count="3" type="stmt"/>
            <line num="233" falsecount="2" type="cond" truecount="1"/>
            <line num="234" count="1" type="stmt"/>
            <line num="234" falsecount="1" type="cond" truecount="0"/>
            <line num="235" count="0" type="stmt"/>
            <line num="236" count="1" type="stmt"/>
            <line num="237" count="1" type="stmt"/>
            <line num="241" count="2" type="stmt"/>
            <line num="243" count="2" type="stmt"/>
            <line num="244" count="2" type="stmt"/>
            <line num="246" count="2" type="stmt"/>
            <line num="246" falsecount="2" type="cond" truecount="0"/>
            <line num="247" count="0" type="stmt"/>
            <line num="248" count="0" type="stmt"/>
            <line num="249" count="0" type="stmt"/>
            <line num="253" count="0" type="stmt"/>
            <line num="255" count="0" type="stmt"/>
            <line num="263" count="3" visibility="public" complexity="7" type="method" signature="updateBGGGameData(BGGGame) : void"/>
            <line num="265" count="3" type="stmt"/>
            <line num="265" falsecount="3" type="cond" truecount="0"/>
            <line num="266" count="0" type="stmt"/>
            <line num="268" count="3" type="stmt"/>
            <line num="268" falsecount="3" type="cond" truecount="0"/>
            <line num="269" count="0" type="stmt"/>
            <line num="272" count="3" type="stmt"/>
            <line num="274" count="3" type="stmt"/>
            <line num="275" count="3" type="stmt"/>
            <line num="276" count="3" type="stmt"/>
            <line num="277" count="3" type="stmt"/>
            <line num="279" count="3" type="stmt"/>
            <line num="279" falsecount="3" type="cond" truecount="0"/>
            <line num="280" count="0" type="stmt"/>
            <line num="281" count="0" type="stmt"/>
            <line num="285" count="0" type="stmt"/>
            <line num="287" count="0" type="stmt"/>
            <line num="295" count="3" visibility="public" complexity="7" type="method" signature="deleteBGGGameData(long) : void"/>
            <line num="297" count="3" type="stmt"/>
            <line num="297" falsecount="3" type="cond" truecount="0"/>
            <line num="298" count="0" type="stmt"/>
            <line num="300" count="3" type="stmt"/>
            <line num="300" falsecount="3" type="cond" truecount="0"/>
            <line num="301" count="0" type="stmt"/>
            <line num="304" count="3" type="stmt"/>
            <line num="306" count="3" type="stmt"/>
            <line num="307" count="3" type="stmt"/>
            <line num="308" count="3" type="stmt"/>
            <line num="310" count="3" type="stmt"/>
            <line num="310" falsecount="3" type="cond" truecount="0"/>
            <line num="311" count="0" type="stmt"/>
            <line num="314" count="0" type="stmt"/>
            <line num="316" count="0" type="stmt"/>
            <line num="329" count="3" visibility="private" complexity="2" type="method" signature="queryForExistingBGGDocID(long) : ObjectId"/>
            <line num="331" count="3" type="stmt"/>
            <line num="332" count="3" type="stmt"/>
            <line num="334" count="3" type="stmt"/>
            <line num="335" count="3" type="stmt"/>
            <line num="336" count="3" type="stmt"/>
            <line num="336" falsecount="3" type="cond" truecount="1"/>
            <line num="337" count="1" type="stmt"/>
            <line num="339" count="3" type="stmt"/>
            <line num="346" count="8" visibility="public" complexity="10" type="method" signature="readCSIPriceData(long) : CoolStuffIncPriceData"/>
            <line num="348" count="8" type="stmt"/>
            <line num="348" falsecount="8" type="cond" truecount="0"/>
            <line num="349" count="0" type="stmt"/>
            <line num="351" count="8" type="stmt"/>
            <line num="351" falsecount="8" type="cond" truecount="0"/>
            <line num="352" count="0" type="stmt"/>
            <line num="355" count="8" type="stmt"/>
            <line num="357" count="8" type="stmt"/>
            <line num="358" count="8" type="stmt"/>
            <line num="360" count="8" type="stmt"/>
            <line num="362" count="8" type="stmt"/>
            <line num="362" falsecount="8" type="cond" truecount="0"/>
            <line num="363" count="0" type="stmt"/>
            <line num="365" count="8" type="stmt"/>
            <line num="366" count="8" type="stmt"/>
            <line num="366" falsecount="8" type="cond" truecount="6"/>
            <line num="367" count="6" type="stmt"/>
            <line num="368" count="6" type="stmt"/>
            <line num="371" count="8" type="stmt"/>
            <line num="371" falsecount="8" type="cond" truecount="0"/>
            <line num="372" count="0" type="stmt"/>
            <line num="372" falsecount="0" type="cond" truecount="0"/>
            <line num="373" count="8" type="stmt"/>
            <line num="376" count="0" type="stmt"/>
            <line num="378" count="0" type="stmt"/>
            <line num="386" count="3" visibility="public" complexity="9" type="method" signature="insertCSIPriceData(CoolStuffIncPriceData) : void"/>
            <line num="388" count="3" type="stmt"/>
            <line num="388" falsecount="3" type="cond" truecount="0"/>
            <line num="389" count="0" type="stmt"/>
            <line num="391" count="3" type="stmt"/>
            <line num="391" falsecount="3" type="cond" truecount="0"/>
            <line num="392" count="0" type="stmt"/>
            <line num="395" count="3" type="stmt"/>
            <line num="398" count="3" type="stmt"/>
            <line num="399" count="3" type="stmt"/>
            <line num="399" falsecount="2" type="cond" truecount="1"/>
            <line num="400" count="1" type="stmt"/>
            <line num="400" falsecount="1" type="cond" truecount="0"/>
            <line num="401" count="0" type="stmt"/>
            <line num="402" count="1" type="stmt"/>
            <line num="403" count="1" type="stmt"/>
            <line num="407" count="2" type="stmt"/>
            <line num="409" count="2" type="stmt"/>
            <line num="410" count="2" type="stmt"/>
            <line num="412" count="2" type="stmt"/>
            <line num="412" falsecount="2" type="cond" truecount="0"/>
            <line num="413" count="0" type="stmt"/>
            <line num="414" count="0" type="stmt"/>
            <line num="415" count="0" type="stmt"/>
            <line num="419" count="0" type="stmt"/>
            <line num="421" count="0" type="stmt"/>
            <line num="429" count="3" visibility="public" complexity="7" type="method" signature="updateCSIPriceData(CoolStuffIncPriceData) : void"/>
            <line num="431" count="3" type="stmt"/>
            <line num="431" falsecount="3" type="cond" truecount="0"/>
            <line num="432" count="0" type="stmt"/>
            <line num="434" count="3" type="stmt"/>
            <line num="434" falsecount="3" type="cond" truecount="0"/>
            <line num="435" count="0" type="stmt"/>
            <line num="438" count="3" type="stmt"/>
            <line num="440" count="3" type="stmt"/>
            <line num="441" count="3" type="stmt"/>
            <line num="442" count="3" type="stmt"/>
            <line num="443" count="3" type="stmt"/>
            <line num="445" count="3" type="stmt"/>
            <line num="445" falsecount="3" type="cond" truecount="0"/>
            <line num="446" count="0" type="stmt"/>
            <line num="447" count="0" type="stmt"/>
            <line num="451" count="0" type="stmt"/>
            <line num="453" count="0" type="stmt"/>
            <line num="461" count="3" visibility="public" complexity="7" type="method" signature="deleteCSIPriceData(long) : void"/>
            <line num="463" count="3" type="stmt"/>
            <line num="463" falsecount="3" type="cond" truecount="0"/>
            <line num="464" count="0" type="stmt"/>
            <line num="466" count="3" type="stmt"/>
            <line num="466" falsecount="3" type="cond" truecount="0"/>
            <line num="467" count="0" type="stmt"/>
            <line num="470" count="3" type="stmt"/>
            <line num="472" count="3" type="stmt"/>
            <line num="473" count="3" type="stmt"/>
            <line num="474" count="3" type="stmt"/>
            <line num="476" count="3" type="stmt"/>
            <line num="476" falsecount="3" type="cond" truecount="0"/>
            <line num="477" count="0" type="stmt"/>
            <line num="480" count="0" type="stmt"/>
            <line num="482" count="0" type="stmt"/>
            <line num="495" count="3" visibility="private" complexity="2" type="method" signature="queryForExistingCSIDocID(long) : ObjectId"/>
            <line num="497" count="3" type="stmt"/>
            <line num="498" count="3" type="stmt"/>
            <line num="500" count="3" type="stmt"/>
            <line num="501" count="3" type="stmt"/>
            <line num="502" count="3" type="stmt"/>
            <line num="502" falsecount="3" type="cond" truecount="1"/>
            <line num="503" count="1" type="stmt"/>
            <line num="505" count="3" type="stmt"/>
            <line num="512" count="8" visibility="public" complexity="10" type="method" signature="readMMPriceData(long) : MiniatureMarketPriceData"/>
            <line num="514" count="8" type="stmt"/>
            <line num="514" falsecount="8" type="cond" truecount="0"/>
            <line num="515" count="0" type="stmt"/>
            <line num="517" count="8" type="stmt"/>
            <line num="517" falsecount="8" type="cond" truecount="0"/>
            <line num="518" count="0" type="stmt"/>
            <line num="521" count="8" type="stmt"/>
            <line num="523" count="8" type="stmt"/>
            <line num="524" count="8" type="stmt"/>
            <line num="526" count="8" type="stmt"/>
            <line num="528" count="8" type="stmt"/>
            <line num="528" falsecount="8" type="cond" truecount="0"/>
            <line num="529" count="0" type="stmt"/>
            <line num="531" count="8" type="stmt"/>
            <line num="532" count="8" type="stmt"/>
            <line num="532" falsecount="8" type="cond" truecount="6"/>
            <line num="533" count="6" type="stmt"/>
            <line num="534" count="6" type="stmt"/>
            <line num="537" count="8" type="stmt"/>
            <line num="537" falsecount="8" type="cond" truecount="0"/>
            <line num="538" count="0" type="stmt"/>
            <line num="538" falsecount="0" type="cond" truecount="0"/>
            <line num="539" count="8" type="stmt"/>
            <line num="542" count="0" type="stmt"/>
            <line num="544" count="0" type="stmt"/>
            <line num="552" count="3" visibility="public" complexity="9" type="method" signature="insertMMPriceData(MiniatureMarketPriceData) : void"/>
            <line num="554" count="3" type="stmt"/>
            <line num="554" falsecount="3" type="cond" truecount="0"/>
            <line num="555" count="0" type="stmt"/>
            <line num="557" count="3" type="stmt"/>
            <line num="557" falsecount="3" type="cond" truecount="0"/>
            <line num="558" count="0" type="stmt"/>
            <line num="561" count="3" type="stmt"/>
            <line num="564" count="3" type="stmt"/>
            <line num="565" count="3" type="stmt"/>
            <line num="565" falsecount="2" type="cond" truecount="1"/>
            <line num="566" count="1" type="stmt"/>
            <line num="566" falsecount="1" type="cond" truecount="0"/>
            <line num="567" count="0" type="stmt"/>
            <line num="568" count="1" type="stmt"/>
            <line num="569" count="1" type="stmt"/>
            <line num="573" count="2" type="stmt"/>
            <line num="575" count="2" type="stmt"/>
            <line num="576" count="2" type="stmt"/>
            <line num="578" count="2" type="stmt"/>
            <line num="578" falsecount="2" type="cond" truecount="0"/>
            <line num="579" count="0" type="stmt"/>
            <line num="580" count="0" type="stmt"/>
            <line num="581" count="0" type="stmt"/>
            <line num="585" count="0" type="stmt"/>
            <line num="587" count="0" type="stmt"/>
            <line num="595" count="3" visibility="public" complexity="7" type="method" signature="updateMMPriceData(MiniatureMarketPriceData) : void"/>
            <line num="597" count="3" type="stmt"/>
            <line num="597" falsecount="3" type="cond" truecount="0"/>
            <line num="598" count="0" type="stmt"/>
[...]
            <line num="441" count="3" type="stmt"/>
            <line num="442" count="3" type="stmt"/>
            <line num="443" count="3" type="stmt"/>
            <line num="444" count="3" type="stmt"/>
            <line num="445" count="3" type="stmt"/>
            <line num="446" count="3" type="stmt"/>
            <line num="447" count="3" type="stmt"/>
            <line num="448" count="3" type="stmt"/>
            <line num="450" count="3" type="stmt"/>
            <line num="451" count="3" type="stmt"/>
            <line num="452" count="3" type="stmt"/>
            <line num="453" count="3" type="stmt"/>
            <line num="454" count="3" type="stmt"/>
            <line num="455" count="3" type="stmt"/>
            <line num="456" count="3" type="stmt"/>
            <line num="457" count="3" type="stmt"/>
            <line num="459" count="3" type="stmt"/>
            <line num="460" count="3" type="stmt"/>
            <line num="461" count="3" type="stmt"/>
            <line num="462" count="3" type="stmt"/>
            <line num="463" count="3" type="stmt"/>
            <line num="464" count="3" type="stmt"/>
            <line num="465" count="3" type="stmt"/>
            <line num="467" count="3" type="stmt"/>
            <line num="468" count="3" type="stmt"/>
            <line num="469" count="3" type="stmt"/>
            <line num="470" count="3" type="stmt"/>
            <line num="471" count="3" type="stmt"/>
            <line num="472" count="3" type="stmt"/>
            <line num="474" count="3" type="stmt"/>
            <line num="475" count="3" type="stmt"/>
            <line num="476" count="3" type="stmt"/>
            <line num="477" count="3" type="stmt"/>
            <line num="478" count="3" type="stmt"/>
            <line num="480" count="3" type="stmt"/>
            <line num="482" count="3" type="stmt"/>
            <line num="483" count="3" type="stmt"/>
            <line num="484" count="3" type="stmt"/>
            <line num="485" count="3" type="stmt"/>
            <line num="486" count="3" type="stmt"/>
            <line num="487" count="3" type="stmt"/>
            <line num="488" count="3" type="stmt"/>
            <line num="490" count="3" type="stmt"/>
            <line num="493" count="3" visibility="private" complexity="1" type="method" signature="createRealCosmicIncursionGame() : Game"/>
            <line num="494" count="3" type="stmt"/>
            <line num="495" count="3" type="stmt"/>
            <line num="496" count="3" type="stmt"/>
            <line num="497" count="3" type="stmt"/>
            <line num="498" count="3" type="stmt"/>
            <line num="499" count="3" type="stmt"/>
            <line num="500" count="3" type="stmt"/>
            <line num="501" count="3" type="stmt"/>
            <line num="502" count="3" type="stmt"/>
            <line num="503" count="3" type="stmt"/>
            <line num="504" count="3" type="stmt"/>
            <line num="505" count="3" type="stmt"/>
            <line num="507" count="3" type="stmt"/>
            <line num="508" count="3" type="stmt"/>
            <line num="509" count="3" type="stmt"/>
            <line num="510" count="3" type="stmt"/>
            <line num="511" count="3" type="stmt"/>
            <line num="512" count="3" type="stmt"/>
            <line num="513" count="3" type="stmt"/>
            <line num="515" count="3" type="stmt"/>
            <line num="516" count="3" type="stmt"/>
            <line num="517" count="3" type="stmt"/>
            <line num="519" count="3" type="stmt"/>
            <line num="520" count="3" type="stmt"/>
            <line num="521" count="3" type="stmt"/>
            <line num="522" count="3" type="stmt"/>
            <line num="523" count="3" type="stmt"/>
            <line num="524" count="3" type="stmt"/>
            <line num="525" count="3" type="stmt"/>
            <line num="527" count="3" type="stmt"/>
            <line num="528" count="3" type="stmt"/>
            <line num="529" count="3" type="stmt"/>
            <line num="530" count="3" type="stmt"/>
            <line num="531" count="3" type="stmt"/>
            <line num="533" count="3" type="stmt"/>
            <line num="534" count="3" type="stmt"/>
            <line num="536" count="3" type="stmt"/>
            <line num="538" count="3" type="stmt"/>
            <line num="542" count="3" visibility="public" complexity="4" type="method" signature="createGameReltnData(long) : GameReltn"/>
            <line num="543" count="3" type="stmt"/>
            <line num="543" count="1" type="stmt"/>
            <line num="543" falsecount="2" type="cond" truecount="1"/>
            <line num="544" count="2" type="stmt"/>
            <line num="544" count="1" type="stmt"/>
            <line num="544" falsecount="1" type="cond" truecount="1"/>
            <line num="545" count="1" type="stmt"/>
            <line num="545" count="1" type="stmt"/>
            <line num="545" falsecount="0" type="cond" truecount="1"/>
            <line num="548" count="0" type="stmt"/>
            <line num="551" count="1" visibility="private" complexity="1" type="method" signature="createAbyssGameReltn() : GameReltn"/>
            <line num="552" count="1" type="stmt"/>
            <line num="554" count="1" type="stmt"/>
            <line num="555" count="1" type="stmt"/>
            <line num="556" count="1" type="stmt"/>
            <line num="557" count="1" type="stmt"/>
            <line num="558" count="1" type="stmt"/>
            <line num="559" count="1" type="stmt"/>
            <line num="560" count="1" type="stmt"/>
            <line num="561" count="1" type="stmt"/>
            <line num="562" count="1" type="stmt"/>
            <line num="563" count="1" type="stmt"/>
            <line num="564" count="1" type="stmt"/>
            <line num="565" count="1" type="stmt"/>
            <line num="568" count="1" type="stmt"/>
            <line num="570" count="1" type="stmt"/>
            <line num="573" count="1" visibility="private" complexity="1" type="method" signature="createCosmicEncounterGameReltn() : GameReltn"/>
            <line num="574" count="1" type="stmt"/>
            <line num="576" count="1" type="stmt"/>
            <line num="577" count="1" type="stmt"/>
            <line num="578" count="1" type="stmt"/>
            <line num="579" count="1" type="stmt"/>
            <line num="580" count="1" type="stmt"/>
            <line num="581" count="1" type="stmt"/>
            <line num="582" count="1" type="stmt"/>
            <line num="583" count="1" type="stmt"/>
            <line num="584" count="1" type="stmt"/>
            <line num="585" count="1" type="stmt"/>
            <line num="586" count="1" type="stmt"/>
            <line num="587" count="1" type="stmt"/>
            <line num="588" count="1" type="stmt"/>
            <line num="590" count="1" type="stmt"/>
            <line num="591" count="1" type="stmt"/>
            <line num="592" count="1" type="stmt"/>
            <line num="593" count="1" type="stmt"/>
            <line num="595" count="1" type="stmt"/>
            <line num="598" count="1" visibility="private" complexity="1" type="method" signature="createCosmicIncursionGameReltn() : GameReltn"/>
            <line num="599" count="1" type="stmt"/>
            <line num="601" count="1" type="stmt"/>
            <line num="602" count="1" type="stmt"/>
            <line num="603" count="1" type="stmt"/>
            <line num="604" count="1" type="stmt"/>
            <line num="605" count="1" type="stmt"/>
            <line num="606" count="1" type="stmt"/>
            <line num="607" count="1" type="stmt"/>
            <line num="608" count="1" type="stmt"/>
            <line num="609" count="1" type="stmt"/>
            <line num="610" count="1" type="stmt"/>
            <line num="611" count="1" type="stmt"/>
            <line num="612" count="1" type="stmt"/>
            <line num="615" count="1" type="stmt"/>
            <line num="617" count="1" type="stmt"/>
            <line num="621" count="3" visibility="public" complexity="4" type="method" signature="createUserData(long) : User"/>
            <line num="622" count="3" type="stmt"/>
            <line num="622" count="1" type="stmt"/>
            <line num="622" falsecount="2" type="cond" truecount="1"/>
            <line num="623" count="2" type="stmt"/>
            <line num="623" count="1" type="stmt"/>
            <line num="623" falsecount="1" type="cond" truecount="1"/>
            <line num="624" count="1" type="stmt"/>
            <line num="624" count="1" type="stmt"/>
            <line num="624" falsecount="0" type="cond" truecount="1"/>
            <line num="627" count="0" type="stmt"/>
            <line num="630" count="1" visibility="private" complexity="1" type="method" signature="createUserOne() : User"/>
            <line num="631" count="1" type="stmt"/>
            <line num="632" count="1" type="stmt"/>
            <line num="633" count="1" type="stmt"/>
            <line num="634" count="1" type="stmt"/>
            <line num="635" count="1" type="stmt"/>
            <line num="636" count="1" type="stmt"/>
            <line num="637" count="1" type="stmt"/>
            <line num="638" count="1" type="stmt"/>
            <line num="641" count="1" visibility="private" complexity="1" type="method" signature="createUserTwo() : User"/>
            <line num="642" count="1" type="stmt"/>
            <line num="643" count="1" type="stmt"/>
            <line num="644" count="1" type="stmt"/>
            <line num="645" count="1" type="stmt"/>
            <line num="646" count="1" type="stmt"/>
            <line num="647" count="1" type="stmt"/>
            <line num="648" count="1" type="stmt"/>
            <line num="649" count="1" type="stmt"/>
            <line num="652" count="1" visibility="private" complexity="1" type="method" signature="createUserThree() : User"/>
            <line num="653" count="1" type="stmt"/>
            <line num="654" count="1" type="stmt"/>
            <line num="655" count="1" type="stmt"/>
            <line num="656" count="1" type="stmt"/>
            <line num="657" count="1" type="stmt"/>
            <line num="658" count="1" type="stmt"/>
            <line num="659" count="1" type="stmt"/>
            <line num="660" count="1" type="stmt"/>
            <line num="664" count="3" visibility="public" complexity="4" type="method" signature="createUserDetailData(long) : UserDetail"/>
            <line num="665" count="3" type="stmt"/>
            <line num="665" count="1" type="stmt"/>
            <line num="665" falsecount="2" type="cond" truecount="1"/>
            <line num="666" count="2" type="stmt"/>
            <line num="666" count="1" type="stmt"/>
            <line num="666" falsecount="1" type="cond" truecount="1"/>
            <line num="667" count="1" type="stmt"/>
            <line num="667" count="1" type="stmt"/>
            <line num="667" falsecount="0" type="cond" truecount="1"/>
            <line num="670" count="0" type="stmt"/>
            <line num="673" count="1" visibility="private" complexity="1" type="method" signature="createUserDetailOne() : UserDetail"/>
            <line num="674" count="1" type="stmt"/>
            <line num="675" count="1" type="stmt"/>
            <line num="676" count="1" type="stmt"/>
            <line num="677" count="1" type="stmt"/>
            <line num="678" count="1" type="stmt"/>
            <line num="679" count="1" type="stmt"/>
            <line num="680" count="1" type="stmt"/>
            <line num="683" count="1" visibility="private" complexity="1" type="method" signature="createUserDetailTwo() : UserDetail"/>
            <line num="684" count="1" type="stmt"/>
            <line num="685" count="1" type="stmt"/>
            <line num="686" count="1" type="stmt"/>
            <line num="687" count="1" type="stmt"/>
            <line num="688" count="1" type="stmt"/>
            <line num="689" count="1" type="stmt"/>
            <line num="690" count="1" type="stmt"/>
            <line num="693" count="1" visibility="private" complexity="1" type="method" signature="createUserDetailThree() : UserDetail"/>
            <line num="694" count="1" type="stmt"/>
            <line num="695" count="1" type="stmt"/>
            <line num="696" count="1" type="stmt"/>
            <line num="697" count="1" type="stmt"/>
            <line num="698" count="1" type="stmt"/>
            <line num="699" count="1" type="stmt"/>
            <line num="700" count="1" type="stmt"/>
            <line num="703" count="3" visibility="public" complexity="4" type="method" signature="createCollectionData(long) : Collection"/>
            <line num="704" count="3" type="stmt"/>
            <line num="704" count="1" type="stmt"/>
            <line num="704" falsecount="2" type="cond" truecount="1"/>
            <line num="705" count="2" type="stmt"/>
            <line num="705" count="1" type="stmt"/>
            <line num="705" falsecount="1" type="cond" truecount="1"/>
            <line num="706" count="1" type="stmt"/>
            <line num="706" count="1" type="stmt"/>
            <line num="706" falsecount="0" type="cond" truecount="1"/>
            <line num="709" count="0" type="stmt"/>
            <line num="712" count="1" visibility="private" complexity="1" type="method" signature="createCollectionOne() : Collection"/>
            <line num="713" count="1" type="stmt"/>
            <line num="714" count="1" type="stmt"/>
            <line num="715" count="1" type="stmt"/>
            <line num="716" count="1" type="stmt"/>
            <line num="717" count="1" type="stmt"/>
            <line num="718" count="1" type="stmt"/>
            <line num="719" count="1" type="stmt"/>
            <line num="722" count="1" visibility="private" complexity="1" type="method" signature="createCollectionTwo() : Collection"/>
            <line num="723" count="1" type="stmt"/>
            <line num="724" count="1" type="stmt"/>
            <line num="725" count="1" type="stmt"/>
            <line num="726" count="1" type="stmt"/>
            <line num="727" count="1" type="stmt"/>
            <line num="728" count="1" type="stmt"/>
            <line num="729" count="1" type="stmt"/>
            <line num="730" count="1" type="stmt"/>
            <line num="731" count="1" type="stmt"/>
            <line num="734" count="1" visibility="private" complexity="1" type="method" signature="createCollectionThree() : Collection"/>
            <line num="735" count="1" type="stmt"/>
            <line num="736" count="1" type="stmt"/>
            <line num="737" count="1" type="stmt"/>
            <line num="738" count="1" type="stmt"/>
            <line num="739" count="1" type="stmt"/>
            <line num="740" count="1" type="stmt"/>
            <line num="741" count="1" type="stmt"/>
            <line num="742" count="1" type="stmt"/>
            <line num="743" count="1" type="stmt"/>
            <line num="746" count="4" visibility="public" complexity="4" type="method" signature="createCollectionItemData(long) : CollectionItem"/>
            <line num="747" count="4" type="stmt"/>
            <line num="747" count="1" type="stmt"/>
            <line num="747" falsecount="3" type="cond" truecount="1"/>
            <line num="748" count="3" type="stmt"/>
            <line num="748" count="2" type="stmt"/>
            <line num="748" falsecount="1" type="cond" truecount="2"/>
            <line num="749" count="1" type="stmt"/>
            <line num="749" count="1" type="stmt"/>
            <line num="749" falsecount="0" type="cond" truecount="1"/>
            <line num="752" count="0" type="stmt"/>
            <line num="755" count="2" visibility="private" complexity="1" type="method" signature="createCollectionItemOne() : CollectionItem"/>
            <line num="756" count="2" type="stmt"/>
            <line num="757" count="2" type="stmt"/>
            <line num="758" count="2" type="stmt"/>
            <line num="759" count="2" type="stmt"/>
            <line num="760" count="2" type="stmt"/>
            <line num="761" count="2" type="stmt"/>
            <line num="762" count="2" type="stmt"/>
            <line num="763" count="2" type="stmt"/>
            <line num="764" count="2" type="stmt"/>
            <line num="765" count="2" type="stmt"/>
            <line num="766" count="2" type="stmt"/>
            <line num="769" count="2" visibility="private" complexity="1" type="method" signature="createCollectionItemTwo() : CollectionItem"/>
            <line num="770" count="2" type="stmt"/>
            <line num="771" count="2" type="stmt"/>
            <line num="772" count="2" type="stmt"/>
            <line num="773" count="2" type="stmt"/>
            <line num="774" count="2" type="stmt"/>
            <line num="775" count="2" type="stmt"/>
            <line num="776" count="2" type="stmt"/>
            <line num="777" count="2" type="stmt"/>
            <line num="778" count="2" type="stmt"/>
            <line num="779" count="2" type="stmt"/>
            <line num="780" count="2" type="stmt"/>
            <line num="783" count="2" visibility="private" complexity="1" type="method" signature="createCollectionItemThree() : CollectionItem"/>
            <line num="784" count="2" type="stmt"/>
            <line num="785" count="2" type="stmt"/>
            <line num="786" count="2" type="stmt"/>
            <line num="787" count="2" type="stmt"/>
            <line num="788" count="2" type="stmt"/>
            <line num="789" count="2" type="stmt"/>
            <line num="790" count="2" type="stmt"/>
            <line num="791" count="2" type="stmt"/>
            <line num="792" count="2" type="stmt"/>
            <line num="795" count="1" visibility="public" complexity="1" type="method" signature="createBGGGameStats() : BGGGameStats"/>
            <line num="796" count="1" type="stmt"/>
            <line num="797" count="1" type="stmt"/>
            <line num="798" count="1" type="stmt"/>
            <line num="799" count="1" type="stmt"/>
            <line num="800" count="1" type="stmt"/>
            <line num="801" count="1" type="stmt"/>
            <line num="802" count="1" type="stmt"/>
            <line num="803" count="1" type="stmt"/>
            <line num="806" count="1" visibility="public" complexity="1" type="method" signature="createCSIDataStats() : CSIDataStats"/>
            <line num="807" count="1" type="stmt"/>
            <line num="808" count="1" type="stmt"/>
            <line num="809" count="1" type="stmt"/>
            <line num="810" count="1" type="stmt"/>
            <line num="811" count="1" type="stmt"/>
            <line num="812" count="1" type="stmt"/>
            <line num="813" count="1" type="stmt"/>
            <line num="814" count="1" type="stmt"/>
            <line num="815" count="1" type="stmt"/>
            <line num="816" count="1" type="stmt"/>
            <line num="817" count="1" type="stmt"/>
            <line num="818" count="1" type="stmt"/>
            <line num="819" count="1" type="stmt"/>
            <line num="820" count="1" type="stmt"/>
            <line num="823" count="1" visibility="public" complexity="1" type="method" signature="createMMDataStats() : MMDataStats"/>
            <line num="824" count="1" type="stmt"/>
            <line num="825" count="1" type="stmt"/>
            <line num="826" count="1" type="stmt"/>
            <line num="827" count="1" type="stmt"/>
            <line num="828" count="1" type="stmt"/>
            <line num="829" count="1" type="stmt"/>
            <line num="830" count="1" type="stmt"/>
            <line num="831" count="1" type="stmt"/>
            <line num="832" count="1" type="stmt"/>
            <line num="833" count="1" type="stmt"/>
            <line num="834" count="1" type="stmt"/>
         </file>
      </package>
   </testproject>
</coverage>