<?xml version="1.0" encoding="UTF-8"?>
<coverage generated="1426706024893" clover="3.3.0">
   <project timestamp="1426705980008" name="ac-games-restservice-spring 0.2.0-SNAPSHOT">
      <metrics conditionals="506" methods="63" classes="14" files="14" packages="4" coveredstatements="525" complexity="527" loc="2382" ncloc="1627" coveredmethods="50" coveredconditionals="152" statements="1182" coveredelements="727" elements="1751"/>
      <package name="com.ac.games.rest.data">
         <metrics conditionals="0" methods="19" classes="2" files="2" coveredstatements="21" complexity="25" loc="194" ncloc="115" coveredmethods="16" coveredconditionals="0" statements="44" coveredelements="37" elements="63"/>
         <file name="LoginData.java" path="/Users/ac010168/Documents/umkc/ac-games-restservice-spring/src/main/java/com/ac/games/rest/data/LoginData.java">
            <metrics classes="1" methods="7" conditionals="0" ncloc="46" coveredstatements="6" coveredmethods="5" complexity="10" coveredconditionals="0" statements="17" loc="75" coveredelements="11" elements="24"/>
            <class name="LoginData">
               <metrics methods="7" conditionals="0" coveredstatements="6" coveredmethods="5" complexity="10" coveredconditionals="0" statements="17" coveredelements="11" elements="24"/>
            </class>
            <line num="22" count="5" visibility="public" complexity="1" type="method" signature="LoginData()"/>
            <line num="23" count="5" type="stmt"/>
            <line num="24" count="5" type="stmt"/>
            <line num="27" count="0" visibility="public" complexity="4" type="method" signature="LoginData(String)"/>
            <line num="28" count="0" type="stmt"/>
            <line num="29" count="0" type="stmt"/>
            <line num="30" count="0" type="stmt"/>
            <line num="31" count="0" type="stmt"/>
            <line num="32" count="0" type="stmt"/>
            <line num="33" count="0" type="stmt"/>
            <line num="35" count="0" type="stmt"/>
            <line num="37" count="0" type="stmt"/>
            <line num="39" count="0" type="stmt"/>
            <line num="43" count="0" visibility="public" complexity="1" type="method" signature="LoginData(String,String,String)"/>
            <line num="44" count="0" type="stmt"/>
            <line num="45" count="0" type="stmt"/>
            <line num="51" count="10" visibility="public" complexity="1" type="method" signature="getUserName() : String"/>
            <line num="52" count="10" type="stmt"/>
            <line num="58" count="5" visibility="public" complexity="1" type="method" signature="setUserName(String) : void"/>
            <line num="59" count="5" type="stmt"/>
            <line num="65" count="8" visibility="public" complexity="1" type="method" signature="getPassword() : String"/>
            <line num="66" count="8" type="stmt"/>
            <line num="72" count="5" visibility="public" complexity="1" type="method" signature="setPassword(String) : void"/>
            <line num="73" count="5" type="stmt"/>
         </file>
         <file name="NewUserData.java" path="/Users/ac010168/Documents/umkc/ac-games-restservice-spring/src/main/java/com/ac/games/rest/data/NewUserData.java">
            <metrics classes="1" methods="12" conditionals="0" ncloc="69" coveredstatements="15" coveredmethods="11" complexity="15" coveredconditionals="0" statements="27" loc="119" coveredelements="26" elements="39"/>
            <class name="NewUserData">
               <metrics methods="12" conditionals="0" coveredstatements="15" coveredmethods="11" complexity="15" coveredconditionals="0" statements="27" coveredelements="26" elements="39"/>
            </class>
            <line num="23" count="4" visibility="public" complexity="1" type="method" signature="NewUserData()"/>
            <line num="24" count="4" type="stmt"/>
            <line num="25" count="4" type="stmt"/>
            <line num="26" count="4" type="stmt"/>
            <line num="27" count="4" type="stmt"/>
            <line num="28" count="4" type="stmt"/>
            <line num="31" count="0" visibility="public" complexity="4" type="method" signature="NewUserData(String)"/>
            <line num="32" count="0" type="stmt"/>
            <line num="33" count="0" type="stmt"/>
            <line num="34" count="0" type="stmt"/>
            <line num="35" count="0" type="stmt"/>
            <line num="36" count="0" type="stmt"/>
            <line num="37" count="0" type="stmt"/>
            <line num="38" count="0" type="stmt"/>
            <line num="39" count="0" type="stmt"/>
            <line num="40" count="0" type="stmt"/>
            <line num="42" count="0" type="stmt"/>
            <line num="44" count="0" type="stmt"/>
            <line num="46" count="0" type="stmt"/>
            <line num="53" count="17" visibility="public" complexity="1" type="method" signature="getUserName() : String"/>
            <line num="54" count="17" type="stmt"/>
            <line num="60" count="4" visibility="public" complexity="1" type="method" signature="setUserName(String) : void"/>
            <line num="61" count="4" type="stmt"/>
            <line num="67" count="7" visibility="public" complexity="1" type="method" signature="getFirstName() : String"/>
            <line num="68" count="7" type="stmt"/>
            <line num="74" count="4" visibility="public" complexity="1" type="method" signature="setFirstName(String) : void"/>
            <line num="75" count="4" type="stmt"/>
            <line num="81" count="7" visibility="public" complexity="1" type="method" signature="getLastName() : String"/>
            <line num="82" count="7" type="stmt"/>
            <line num="88" count="4" visibility="public" complexity="1" type="method" signature="setLastName(String) : void"/>
            <line num="89" count="4" type="stmt"/>
            <line num="95" count="7" visibility="public" complexity="1" type="method" signature="getEmailAddress() : String"/>
            <line num="96" count="7" type="stmt"/>
            <line num="102" count="4" visibility="public" complexity="1" type="method" signature="setEmailAddress(String) : void"/>
            <line num="103" count="4" type="stmt"/>
            <line num="109" count="8" visibility="public" complexity="1" type="method" signature="getPassword() : String"/>
            <line num="110" count="8" type="stmt"/>
            <line num="116" count="4" visibility="public" complexity="1" type="method" signature="setPassword(String) : void"/>
            <line num="117" count="4" type="stmt"/>
         </file>
      </package>
      <package name="com.ac.games.rest.filter">
         <metrics conditionals="0" methods="3" classes="1" files="1" coveredstatements="0" complexity="3" loc="32" ncloc="22" coveredmethods="0" coveredconditionals="0" statements="6" coveredelements="0" elements="9"/>
         <file name="SimpleCORSFilter.java" path="/Users/ac010168/Documents/umkc/ac-games-restservice-spring/src/main/java/com/ac/games/rest/filter/SimpleCORSFilter.java">
            <metrics classes="1" methods="3" conditionals="0" ncloc="22" coveredstatements="0" coveredmethods="0" complexity="3" coveredconditionals="0" statements="6" loc="32" coveredelements="0" elements="9"/>
            <class name="SimpleCORSFilter">
               <metrics methods="3" conditionals="0" coveredstatements="0" coveredmethods="0" complexity="3" coveredconditionals="0" statements="6" coveredelements="0" elements="9"/>
            </class>
            <line num="20" count="0" visibility="public" complexity="1" type="method" signature="doFilter(ServletRequest,ServletResponse,FilterChain) : void"/>
            <line num="21" count="0" type="stmt"/>
            <line num="22" count="0" type="stmt"/>
            <line num="23" count="0" type="stmt"/>
            <line num="24" count="0" type="stmt"/>
            <line num="25" count="0" type="stmt"/>
            <line num="26" count="0" type="stmt"/>
            <line num="29" count="0" visibility="public" complexity="1" type="method" signature="init(FilterConfig) : void"/>
            <line num="31" count="0" visibility="public" complexity="1" type="method" signature="destroy() : void"/>
         </file>
      </package>
      <package name="com.ac.games.rest.controller">
         <metrics conditionals="506" methods="38" classes="10" files="10" coveredstatements="504" complexity="495" loc="2097" ncloc="1452" coveredmethods="34" coveredconditionals="152" statements="1122" coveredelements="690" elements="1666"/>
         <file name="BGGDataController.java" path="/Users/ac010168/Documents/umkc/ac-games-restservice-spring/src/main/java/com/ac/games/rest/controller/BGGDataController.java">
            <metrics classes="1" methods="4" conditionals="54" ncloc="180" coveredstatements="65" coveredmethods="4" complexity="57" coveredconditionals="21" statements="131" loc="265" coveredelements="90" elements="189"/>
            <class name="BGGDataController">
               <metrics methods="4" conditionals="54" coveredstatements="65" coveredmethods="4" complexity="57" coveredconditionals="21" statements="131" coveredelements="90" elements="189"/>
            </class>
            <line num="67" count="12" visibility="public" complexity="23" type="method" signature="getBGGData(long,String,int) : Object"/>
            <line num="72" count="12" type="stmt"/>
            <line num="72" falsecount="12" type="cond" truecount="0"/>
            <line num="73" count="0" type="stmt"/>
            <line num="74" count="12" type="stmt"/>
            <line num="74" falsecount="12" type="cond" truecount="0"/>
            <line num="75" count="0" type="stmt"/>
            <line num="77" count="12" type="stmt"/>
            <line num="77" falsecount="3" type="cond" truecount="9"/>
            <line num="79" count="9" type="stmt"/>
            <line num="80" count="9" type="stmt"/>
            <line num="81" count="9" type="stmt"/>
            <line num="82" count="9" type="stmt"/>
            <line num="84" count="9" type="stmt"/>
            <line num="85" count="9" type="stmt"/>
            <line num="87" count="9" type="stmt"/>
            <line num="88" count="9" type="stmt"/>
            <line num="88" falsecount="9" type="cond" truecount="2"/>
            <line num="89" count="2" type="stmt"/>
            <line num="91" count="9" type="stmt"/>
            <line num="94" count="9" type="stmt"/>
            <line num="97" count="9" type="stmt"/>
            <line num="98" count="9" type="stmt"/>
            <line num="98" count="1" type="stmt"/>
            <line num="98" falsecount="8" type="cond" truecount="1"/>
            <line num="99" count="8" type="stmt"/>
            <line num="102" count="0" type="stmt"/>
            <line num="103" count="0" type="stmt"/>
            <line num="105" count="0" type="stmt"/>
            <line num="105" falsecount="0" type="cond" truecount="0"/>
            <line num="106" count="0" type="stmt"/>
            <line num="107" count="0" type="stmt"/>
            <line num="109" count="0" type="stmt"/>
            <line num="110" count="0" type="stmt"/>
            <line num="111" count="0" type="stmt"/>
            <line num="114" count="0" type="stmt"/>
            <line num="114" falsecount="0" type="cond" truecount="0"/>
            <line num="115" count="0" type="stmt"/>
            <line num="116" count="0" type="stmt"/>
            <line num="118" count="0" type="stmt"/>
            <line num="119" count="0" type="stmt"/>
            <line num="120" count="0" type="stmt"/>
            <line num="123" count="0" type="stmt"/>
            <line num="124" count="0" type="stmt"/>
            <line num="125" count="0" type="stmt"/>
            <line num="128" count="9" type="stmt"/>
            <line num="130" count="3" type="stmt"/>
            <line num="131" count="3" type="stmt"/>
            <line num="133" count="3" type="stmt"/>
            <line num="134" count="3" type="stmt"/>
            <line num="135" count="3" type="stmt"/>
            <line num="137" count="3" type="stmt"/>
            <line num="139" count="0" type="stmt"/>
            <line num="140" count="0" type="stmt"/>
            <line num="140" count="0" type="stmt"/>
            <line num="140" count="0" type="stmt"/>
            <line num="140" falsecount="0" type="cond" truecount="0"/>
            <line num="141" count="0" type="stmt"/>
            <line num="143" count="0" type="stmt"/>
            <line num="144" count="0" type="stmt"/>
            <line num="144" count="0" type="stmt"/>
            <line num="144" count="0" type="stmt"/>
            <line num="144" falsecount="0" type="cond" truecount="0"/>
            <line num="145" count="0" type="stmt"/>
            <line num="147" count="3" type="stmt"/>
            <line num="147" count="3" type="stmt"/>
            <line num="147" count="3" type="stmt"/>
            <line num="147" falsecount="0" type="cond" truecount="3"/>
            <line num="150" count="3" type="stmt"/>
            <line num="150" falsecount="2" type="cond" truecount="1"/>
            <line num="151" count="1" type="stmt"/>
            <line num="153" count="2" type="stmt"/>
            <line num="164" count="1" visibility="public" complexity="13" type="method" signature="putBGGData(long,BGGGame) : Object"/>
            <line num="167" count="1" type="stmt"/>
            <line num="167" falsecount="1" type="cond" truecount="0"/>
            <line num="168" count="0" type="stmt"/>
            <line num="169" count="1" type="stmt"/>
            <line num="169" falsecount="1" type="cond" truecount="0"/>
            <line num="170" count="0" type="stmt"/>
            <line num="171" count="1" type="stmt"/>
            <line num="171" falsecount="1" type="cond" truecount="0"/>
            <line num="172" count="0" type="stmt"/>
            <line num="173" count="1" type="stmt"/>
            <line num="173" falsecount="1" type="cond" truecount="0"/>
            <line num="174" count="0" type="stmt"/>
            <line num="176" count="1" type="stmt"/>
            <line num="177" count="1" type="stmt"/>
            <line num="178" count="1" type="stmt"/>
            <line num="179" count="1" type="stmt"/>
            <line num="181" count="1" type="stmt"/>
            <line num="183" count="0" type="stmt"/>
            <line num="184" count="0" type="stmt"/>
            <line num="184" count="0" type="stmt"/>
            <line num="184" count="0" type="stmt"/>
            <line num="184" falsecount="0" type="cond" truecount="0"/>
            <line num="185" count="0" type="stmt"/>
            <line num="187" count="0" type="stmt"/>
            <line num="188" count="0" type="stmt"/>
            <line num="188" count="0" type="stmt"/>
            <line num="188" count="0" type="stmt"/>
            <line num="188" falsecount="0" type="cond" truecount="0"/>
            <line num="189" count="0" type="stmt"/>
            <line num="191" count="1" type="stmt"/>
            <line num="191" count="1" type="stmt"/>
            <line num="191" count="1" type="stmt"/>
            <line num="191" falsecount="0" type="cond" truecount="1"/>
            <line num="194" count="1" type="stmt"/>
            <line num="204" count="1" visibility="public" complexity="11" type="method" signature="postBGGData(BGGGame) : Object"/>
            <line num="206" count="1" type="stmt"/>
            <line num="206" falsecount="1" type="cond" truecount="0"/>
            <line num="207" count="0" type="stmt"/>
            <line num="209" count="1" type="stmt"/>
            <line num="209" falsecount="1" type="cond" truecount="0"/>
            <line num="210" count="0" type="stmt"/>
            <line num="212" count="1" type="stmt"/>
            <line num="213" count="1" type="stmt"/>
            <line num="214" count="1" type="stmt"/>
            <line num="215" count="1" type="stmt"/>
            <line num="217" count="1" type="stmt"/>
            <line num="219" count="0" type="stmt"/>
            <line num="220" count="0" type="stmt"/>
            <line num="220" count="0" type="stmt"/>
            <line num="220" count="0" type="stmt"/>
            <line num="220" falsecount="0" type="cond" truecount="0"/>
            <line num="221" count="0" type="stmt"/>
            <line num="223" count="0" type="stmt"/>
            <line num="224" count="0" type="stmt"/>
            <line num="224" count="0" type="stmt"/>
            <line num="224" count="0" type="stmt"/>
            <line num="224" falsecount="0" type="cond" truecount="0"/>
            <line num="225" count="0" type="stmt"/>
            <line num="227" count="1" type="stmt"/>
            <line num="227" count="1" type="stmt"/>
            <line num="227" count="1" type="stmt"/>
            <line num="227" falsecount="0" type="cond" truecount="1"/>
            <line num="230" count="1" type="stmt"/>
            <line num="240" count="1" visibility="public" complexity="10" type="method" signature="deleteBGGData(long) : Object"/>
            <line num="242" count="1" type="stmt"/>
            <line num="242" falsecount="1" type="cond" truecount="0"/>
            <line num="243" count="0" type="stmt"/>
            <line num="245" count="1" type="stmt"/>
            <line num="246" count="1" type="stmt"/>
            <line num="247" count="1" type="stmt"/>
            <line num="248" count="1" type="stmt"/>
            <line num="250" count="1" type="stmt"/>
            <line num="252" count="0" type="stmt"/>
            <line num="253" count="0" type="stmt"/>
            <line num="253" count="0" type="stmt"/>
            <line num="253" count="0" type="stmt"/>
            <line num="253" falsecount="0" type="cond" truecount="0"/>
            <line num="254" count="0" type="stmt"/>
            <line num="256" count="0" type="stmt"/>
            <line num="257" count="0" type="stmt"/>
            <line num="257" count="0" type="stmt"/>
            <line num="257" count="0" type="stmt"/>
            <line num="257" falsecount="0" type="cond" truecount="0"/>
            <line num="258" count="0" type="stmt"/>
            <line num="260" count="1" type="stmt"/>
            <line num="260" count="1" type="stmt"/>
            <line num="260" count="1" type="stmt"/>
            <line num="260" falsecount="0" type="cond" truecount="1"/>
            <line num="263" count="1" type="stmt"/>
         </file>
         <file name="CSIDataController.java" path="/Users/ac010168/Documents/umkc/ac-games-restservice-spring/src/main/java/com/ac/games/rest/controller/CSIDataController.java">
            <metrics classes="1" methods="4" conditionals="48" ncloc="172" coveredstatements="59" coveredmethods="4" complexity="53" coveredconditionals="16" statements="124" loc="249" coveredelements="79" elements="176"/>
            <class name="CSIDataController">
               <metrics methods="4" conditionals="48" coveredstatements="59" coveredmethods="4" complexity="53" coveredconditionals="16" statements="124" coveredelements="79" elements="176"/>
            </class>
            <line num="62" count="5" visibility="public" complexity="19" type="method" signature="getCSIData(long,String) : Object"/>
            <line num="64" count="5" type="stmt"/>
            <line num="64" falsecount="5" type="cond" truecount="0"/>
            <line num="65" count="0" type="stmt"/>
            <line num="68" count="5" type="stmt"/>
            <line num="70" count="5" type="stmt"/>
            <line num="70" falsecount="3" type="cond" truecount="2"/>
            <line num="72" count="2" type="stmt"/>
            <line num="73" count="2" type="stmt"/>
            <line num="74" count="2" type="stmt"/>
            <line num="75" count="2" type="stmt"/>
            <line num="77" count="2" type="stmt"/>
            <line num="78" count="2" type="stmt"/>
            <line num="80" count="2" type="stmt"/>
            <line num="83" count="2" type="stmt"/>
            <line num="84" count="2" type="stmt"/>
            <line num="86" count="0" type="stmt"/>
            <line num="86" falsecount="0" type="cond" truecount="0"/>
            <line num="87" count="0" type="stmt"/>
            <line num="88" count="0" type="stmt"/>
            <line num="90" count="0" type="stmt"/>
            <line num="91" count="0" type="stmt"/>
            <line num="92" count="0" type="stmt"/>
            <line num="95" count="0" type="stmt"/>
            <line num="95" falsecount="0" type="cond" truecount="0"/>
            <line num="96" count="0" type="stmt"/>
            <line num="97" count="0" type="stmt"/>
            <line num="99" count="0" type="stmt"/>
            <line num="100" count="0" type="stmt"/>
            <line num="101" count="0" type="stmt"/>
            <line num="104" count="0" type="stmt"/>
            <line num="105" count="0" type="stmt"/>
            <line num="107" count="0" type="stmt"/>
            <line num="108" count="0" type="stmt"/>
            <line num="109" count="0" type="stmt"/>
            <line num="112" count="2" type="stmt"/>
            <line num="114" count="3" type="stmt"/>
            <line num="115" count="3" type="stmt"/>
            <line num="117" count="3" type="stmt"/>
            <line num="118" count="3" type="stmt"/>
            <line num="119" count="3" type="stmt"/>
            <line num="121" count="3" type="stmt"/>
            <line num="123" count="0" type="stmt"/>
            <line num="124" count="0" type="stmt"/>
            <line num="124" count="0" type="stmt"/>
            <line num="124" count="0" type="stmt"/>
            <line num="124" falsecount="0" type="cond" truecount="0"/>
            <line num="125" count="0" type="stmt"/>
            <line num="127" count="0" type="stmt"/>
            <line num="128" count="0" type="stmt"/>
            <line num="128" count="0" type="stmt"/>
            <line num="128" count="0" type="stmt"/>
            <line num="128" falsecount="0" type="cond" truecount="0"/>
            <line num="129" count="0" type="stmt"/>
            <line num="131" count="3" type="stmt"/>
            <line num="131" count="3" type="stmt"/>
            <line num="131" count="3" type="stmt"/>
            <line num="131" falsecount="0" type="cond" truecount="3"/>
            <line num="134" count="3" type="stmt"/>
            <line num="134" falsecount="2" type="cond" truecount="1"/>
            <line num="135" count="1" type="stmt"/>
            <line num="137" count="2" type="stmt"/>
            <line num="148" count="1" visibility="public" complexity="13" type="method" signature="putCSIData(long,CoolStuffIncPriceData) : Object"/>
            <line num="151" count="1" type="stmt"/>
            <line num="151" falsecount="1" type="cond" truecount="0"/>
            <line num="152" count="0" type="stmt"/>
            <line num="153" count="1" type="stmt"/>
            <line num="153" falsecount="1" type="cond" truecount="0"/>
            <line num="154" count="0" type="stmt"/>
            <line num="155" count="1" type="stmt"/>
            <line num="155" falsecount="1" type="cond" truecount="0"/>
            <line num="156" count="0" type="stmt"/>
            <line num="157" count="1" type="stmt"/>
            <line num="157" falsecount="1" type="cond" truecount="0"/>
            <line num="158" count="0" type="stmt"/>
            <line num="160" count="1" type="stmt"/>
            <line num="161" count="1" type="stmt"/>
            <line num="162" count="1" type="stmt"/>
            <line num="163" count="1" type="stmt"/>
            <line num="165" count="1" type="stmt"/>
            <line num="167" count="0" type="stmt"/>
            <line num="168" count="0" type="stmt"/>
            <line num="168" count="0" type="stmt"/>
            <line num="168" count="0" type="stmt"/>
            <line num="168" falsecount="0" type="cond" truecount="0"/>
            <line num="169" count="0" type="stmt"/>
            <line num="171" count="0" type="stmt"/>
            <line num="172" count="0" type="stmt"/>
            <line num="172" count="0" type="stmt"/>
            <line num="172" count="0" type="stmt"/>
            <line num="172" falsecount="0" type="cond" truecount="0"/>
            <line num="173" count="0" type="stmt"/>
            <line num="175" count="1" type="stmt"/>
            <line num="175" count="1" type="stmt"/>
            <line num="175" count="1" type="stmt"/>
            <line num="175" falsecount="0" type="cond" truecount="1"/>
            <line num="178" count="1" type="stmt"/>
            <line num="188" count="1" visibility="public" complexity="11" type="method" signature="postCSIData(CoolStuffIncPriceData) : Object"/>
            <line num="190" count="1" type="stmt"/>
            <line num="190" falsecount="1" type="cond" truecount="0"/>
            <line num="191" count="0" type="stmt"/>
            <line num="193" count="1" type="stmt"/>
            <line num="193" falsecount="1" type="cond" truecount="0"/>
            <line num="194" count="0" type="stmt"/>
            <line num="196" count="1" type="stmt"/>
            <line num="197" count="1" type="stmt"/>
            <line num="198" count="1" type="stmt"/>
            <line num="199" count="1" type="stmt"/>
            <line num="201" count="1" type="stmt"/>
            <line num="203" count="0" type="stmt"/>
            <line num="204" count="0" type="stmt"/>
            <line num="204" count="0" type="stmt"/>
            <line num="204" count="0" type="stmt"/>
            <line num="204" falsecount="0" type="cond" truecount="0"/>
            <line num="205" count="0" type="stmt"/>
            <line num="207" count="0" type="stmt"/>
            <line num="208" count="0" type="stmt"/>
            <line num="208" count="0" type="stmt"/>
            <line num="208" count="0" type="stmt"/>
            <line num="208" falsecount="0" type="cond" truecount="0"/>
            <line num="209" count="0" type="stmt"/>
            <line num="211" count="1" type="stmt"/>
            <line num="211" count="1" type="stmt"/>
            <line num="211" count="1" type="stmt"/>
            <line num="211" falsecount="0" type="cond" truecount="1"/>
            <line num="214" count="1" type="stmt"/>
            <line num="224" count="1" visibility="public" complexity="10" type="method" signature="deleteCSIData(long) : Object"/>
            <line num="226" count="1" type="stmt"/>
            <line num="226" falsecount="1" type="cond" truecount="0"/>
            <line num="227" count="0" type="stmt"/>
            <line num="229" count="1" type="stmt"/>
            <line num="230" count="1" type="stmt"/>
            <line num="231" count="1" type="stmt"/>
            <line num="232" count="1" type="stmt"/>
            <line num="234" count="1" type="stmt"/>
            <line num="236" count="0" type="stmt"/>
            <line num="237" count="0" type="stmt"/>
            <line num="237" count="0" type="stmt"/>
            <line num="237" count="0" type="stmt"/>
            <line num="237" falsecount="0" type="cond" truecount="0"/>
            <line num="238" count="0" type="stmt"/>
            <line num="240" count="0" type="stmt"/>
            <line num="241" count="0" type="stmt"/>
            <line num="241" count="0" type="stmt"/>
            <line num="241" count="0" type="stmt"/>
            <line num="241" falsecount="0" type="cond" truecount="0"/>
            <line num="242" count="0" type="stmt"/>
            <line num="244" count="1" type="stmt"/>
            <line num="244" count="1" type="stmt"/>
            <line num="244" count="1" type="stmt"/>
            <line num="244" falsecount="0" type="cond" truecount="1"/>
            <line num="247" count="1" type="stmt"/>
         </file>
         <file name="CollectionController.java" path="/Users/ac010168/Documents/umkc/ac-games-restservice-spring/src/main/java/com/ac/games/rest/controller/CollectionController.java">
            <metrics classes="1" methods="4" conditionals="44" ncloc="126" coveredstatements="51" coveredmethods="4" complexity="47" coveredconditionals="14" statements="102" loc="198" coveredelements="69" elements="150"/>
            <class name="CollectionController">
               <metrics methods="4" conditionals="44" coveredstatements="51" coveredmethods="4" complexity="47" coveredconditionals="14" statements="102" coveredelements="69" elements="150"/>
            </class>
            <line num="47" count="3" visibility="public" complexity="11" type="method" signature="getCollection(long) : Object"/>
            <line num="49" count="3" type="stmt"/>
            <line num="49" falsecount="3" type="cond" truecount="0"/>
            <line num="50" count="0" type="stmt"/>
            <line num="52" count="3" type="stmt"/>
            <line num="53" count="3" type="stmt"/>
            <line num="54" count="3" type="stmt"/>
            <line num="55" count="3" type="stmt"/>
            <line num="56" count="3" type="stmt"/>
            <line num="58" count="3" type="stmt"/>
            <line num="60" count="0" type="stmt"/>
            <line num="61" count="0" type="stmt"/>
            <line num="61" count="0" type="stmt"/>
            <line num="61" count="0" type="stmt"/>
            <line num="61" falsecount="0" type="cond" truecount="0"/>
            <line num="62" count="0" type="stmt"/>
            <line num="64" count="0" type="stmt"/>
            <line num="65" count="0" type="stmt"/>
            <line num="65" count="0" type="stmt"/>
            <line num="65" count="0" type="stmt"/>
            <line num="65" falsecount="0" type="cond" truecount="0"/>
            <line num="66" count="0" type="stmt"/>
            <line num="68" count="3" type="stmt"/>
            <line num="68" count="3" type="stmt"/>
            <line num="68" count="3" type="stmt"/>
            <line num="68" falsecount="0" type="cond" truecount="3"/>
            <line num="71" count="3" type="stmt"/>
            <line num="71" falsecount="2" type="cond" truecount="1"/>
            <line num="72" count="1" type="stmt"/>
            <line num="73" count="2" type="stmt"/>
            <line num="86" count="1" visibility="public" complexity="12" type="method" signature="putCollection(long,Collection) : Object"/>
            <line num="89" count="1" type="stmt"/>
            <line num="89" falsecount="1" type="cond" truecount="0"/>
            <line num="90" count="0" type="stmt"/>
            <line num="91" count="1" type="stmt"/>
            <line num="91" falsecount="1" type="cond" truecount="0"/>
            <line num="92" count="0" type="stmt"/>
            <line num="93" count="1" type="stmt"/>
            <line num="93" falsecount="1" type="cond" truecount="0"/>
            <line num="94" count="0" type="stmt"/>
            <line num="96" count="1" type="stmt"/>
            <line num="97" count="1" type="stmt"/>
            <line num="98" count="1" type="stmt"/>
            <line num="99" count="1" type="stmt"/>
            <line num="101" count="1" type="stmt"/>
            <line num="103" count="0" type="stmt"/>
            <line num="104" count="0" type="stmt"/>
            <line num="104" count="0" type="stmt"/>
            <line num="104" count="0" type="stmt"/>
            <line num="104" falsecount="0" type="cond" truecount="0"/>
            <line num="105" count="0" type="stmt"/>
            <line num="107" count="0" type="stmt"/>
            <line num="108" count="0" type="stmt"/>
            <line num="108" count="0" type="stmt"/>
            <line num="108" count="0" type="stmt"/>
            <line num="108" falsecount="0" type="cond" truecount="0"/>
            <line num="109" count="0" type="stmt"/>
            <line num="111" count="1" type="stmt"/>
            <line num="111" count="1" type="stmt"/>
            <line num="111" count="1" type="stmt"/>
            <line num="111" falsecount="0" type="cond" truecount="1"/>
            <line num="114" count="1" type="stmt"/>
            <line num="125" count="1" visibility="public" complexity="11" type="method" signature="postCollection(Collection) : Object"/>
            <line num="127" count="1" type="stmt"/>
            <line num="127" falsecount="1" type="cond" truecount="0"/>
            <line num="128" count="0" type="stmt"/>
            <line num="130" count="1" type="stmt"/>
            <line num="131" count="1" type="stmt"/>
            <line num="132" count="1" type="stmt"/>
            <line num="133" count="1" type="stmt"/>
            <line num="135" count="1" type="stmt"/>
            <line num="135" falsecount="1" type="cond" truecount="0"/>
            <line num="136" count="0" type="stmt"/>
            <line num="138" count="1" type="stmt"/>
            <line num="140" count="0" type="stmt"/>
            <line num="141" count="0" type="stmt"/>
            <line num="141" count="0" type="stmt"/>
            <line num="141" count="0" type="stmt"/>
            <line num="141" falsecount="0" type="cond" truecount="0"/>
            <line num="142" count="0" type="stmt"/>
            <line num="144" count="0" type="stmt"/>
            <line num="145" count="0" type="stmt"/>
            <line num="145" count="0" type="stmt"/>
            <line num="145" count="0" type="stmt"/>
            <line num="145" falsecount="0" type="cond" truecount="0"/>
            <line num="146" count="0" type="stmt"/>
            <line num="148" count="1" type="stmt"/>
            <line num="148" count="1" type="stmt"/>
            <line num="148" count="1" type="stmt"/>
            <line num="148" falsecount="0" type="cond" truecount="1"/>
            <line num="151" count="1" type="stmt"/>
            <line num="161" count="1" visibility="public" complexity="13" type="method" signature="deleteCollection(long) : Object"/>
            <line num="163" count="1" type="stmt"/>
            <line num="163" falsecount="1" type="cond" truecount="0"/>
            <line num="164" count="0" type="stmt"/>
            <line num="166" count="1" type="stmt"/>
            <line num="167" count="1" type="stmt"/>
            <line num="168" count="1" type="stmt"/>
            <line num="169" count="1" type="stmt"/>
            <line num="172" count="1" type="stmt"/>
            <line num="173" count="1" type="stmt"/>
            <line num="173" falsecount="1" type="cond" truecount="0"/>
            <line num="174" count="0" type="stmt"/>
            <line num="174" count="0" type="stmt"/>
            <line num="174" count="0" type="stmt"/>
            <line num="174" falsecount="0" type="cond" truecount="0"/>
            <line num="175" count="0" type="stmt"/>
            <line num="179" count="1" type="stmt"/>
            <line num="180" count="1" type="stmt"/>
            <line num="181" count="1" type="stmt"/>
            <line num="182" count="1" type="stmt"/>
            <line num="185" count="0" type="stmt"/>
            <line num="186" count="0" type="stmt"/>
            <line num="186" count="0" type="stmt"/>
            <line num="186" count="0" type="stmt"/>
            <line num="186" falsecount="0" type="cond" truecount="0"/>
            <line num="187" count="0" type="stmt"/>
            <line num="189" count="0" type="stmt"/>
            <line num="190" count="0" type="stmt"/>
            <line num="190" count="0" type="stmt"/>
            <line num="190" count="0" type="stmt"/>
            <line num="190" falsecount="0" type="cond" truecount="0"/>
            <line num="191" count="0" type="stmt"/>
            <line num="193" count="1" type="stmt"/>
            <line num="193" count="1" type="stmt"/>
            <line num="193" count="1" type="stmt"/>
            <line num="193" falsecount="0" type="cond" truecount="1"/>
            <line num="196" count="1" type="stmt"/>
         </file>
         <file name="CollectionItemController.java" path="/Users/ac010168/Documents/umkc/ac-games-restservice-spring/src/main/java/com/ac/games/rest/controller/CollectionItemController.java">
            <metrics classes="1" methods="4" conditionals="44" ncloc="121" coveredstatements="48" coveredmethods="4" complexity="47" coveredconditionals="14" statements="99" loc="184" coveredelements="66" elements="147"/>
            <class name="CollectionItemController">
               <metrics methods="4" conditionals="44" coveredstatements="48" coveredmethods="4" complexity="47" coveredconditionals="14" statements="99" coveredelements="66" elements="147"/>
            </class>
            <line num="37" count="3" visibility="public" complexity="11" type="method" signature="getCollectionItem(long) : Object"/>
            <line num="39" count="3" type="stmt"/>
            <line num="39" falsecount="3" type="cond" truecount="0"/>
            <line num="40" count="0" type="stmt"/>
            <line num="42" count="3" type="stmt"/>
            <line num="43" count="3" type="stmt"/>
            <line num="44" count="3" type="stmt"/>
            <line num="45" count="3" type="stmt"/>
            <line num="46" count="3" type="stmt"/>
            <line num="48" count="3" type="stmt"/>
            <line num="50" count="0" type="stmt"/>
            <line num="51" count="0" type="stmt"/>
            <line num="51" count="0" type="stmt"/>
            <line num="51" count="0" type="stmt"/>
            <line num="51" falsecount="0" type="cond" truecount="0"/>
            <line num="52" count="0" type="stmt"/>
            <line num="54" count="0" type="stmt"/>
            <line num="55" count="0" type="stmt"/>
            <line num="55" count="0" type="stmt"/>
            <line num="55" count="0" type="stmt"/>
            <line num="55" falsecount="0" type="cond" truecount="0"/>
            <line num="56" count="0" type="stmt"/>
            <line num="58" count="3" type="stmt"/>
            <line num="58" count="3" type="stmt"/>
            <line num="58" count="3" type="stmt"/>
            <line num="58" falsecount="0" type="cond" truecount="3"/>
            <line num="61" count="3" type="stmt"/>
            <line num="61" falsecount="2" type="cond" truecount="1"/>
            <line num="62" count="1" type="stmt"/>
            <line num="63" count="2" type="stmt"/>
            <line num="76" count="1" visibility="public" complexity="12" type="method" signature="putCollectionItem(long,CollectionItem) : Object"/>
            <line num="79" count="1" type="stmt"/>
            <line num="79" falsecount="1" type="cond" truecount="0"/>
            <line num="80" count="0" type="stmt"/>
            <line num="81" count="1" type="stmt"/>
            <line num="81" falsecount="1" type="cond" truecount="0"/>
            <line num="82" count="0" type="stmt"/>
            <line num="83" count="1" type="stmt"/>
            <line num="83" falsecount="1" type="cond" truecount="0"/>
            <line num="84" count="0" type="stmt"/>
            <line num="86" count="1" type="stmt"/>
            <line num="87" count="1" type="stmt"/>
            <line num="88" count="1" type="stmt"/>
            <line num="89" count="1" type="stmt"/>
            <line num="91" count="1" type="stmt"/>
            <line num="93" count="0" type="stmt"/>
            <line num="94" count="0" type="stmt"/>
            <line num="94" count="0" type="stmt"/>
            <line num="94" count="0" type="stmt"/>
            <line num="94" falsecount="0" type="cond" truecount="0"/>
            <line num="95" count="0" type="stmt"/>
            <line num="97" count="0" type="stmt"/>
            <line num="98" count="0" type="stmt"/>
            <line num="98" count="0" type="stmt"/>
            <line num="98" count="0" type="stmt"/>
            <line num="98" falsecount="0" type="cond" truecount="0"/>
            <line num="99" count="0" type="stmt"/>
            <line num="101" count="1" type="stmt"/>
            <line num="101" count="1" type="stmt"/>
            <line num="101" count="1" type="stmt"/>
            <line num="101" falsecount="0" type="cond" truecount="1"/>
            <line num="104" count="1" type="stmt"/>
            <line num="115" count="1" visibility="public" complexity="11" type="method" signature="postCollectionItem(CollectionItem) : Object"/>
            <line num="117" count="1" type="stmt"/>
            <line num="117" falsecount="1" type="cond" truecount="0"/>
            <line num="118" count="0" type="stmt"/>
            <line num="120" count="1" type="stmt"/>
            <line num="121" count="1" type="stmt"/>
            <line num="122" count="1" type="stmt"/>
            <line num="123" count="1" type="stmt"/>
            <line num="125" count="1" type="stmt"/>
            <line num="125" falsecount="1" type="cond" truecount="0"/>
            <line num="126" count="0" type="stmt"/>
            <line num="128" count="1" type="stmt"/>
            <line num="130" count="0" type="stmt"/>
            <line num="131" count="0" type="stmt"/>
            <line num="131" count="0" type="stmt"/>
            <line num="131" count="0" type="stmt"/>
            <line num="131" falsecount="0" type="cond" truecount="0"/>
            <line num="132" count="0" type="stmt"/>
            <line num="134" count="0" type="stmt"/>
            <line num="135" count="0" type="stmt"/>
            <line num="135" count="0" type="stmt"/>
            <line num="135" count="0" type="stmt"/>
            <line num="135" falsecount="0" type="cond" truecount="0"/>
            <line num="136" count="0" type="stmt"/>
            <line num="138" count="1" type="stmt"/>
            <line num="138" count="1" type="stmt"/>
            <line num="138" count="1" type="stmt"/>
            <line num="138" falsecount="0" type="cond" truecount="1"/>
            <line num="141" count="1" type="stmt"/>
            <line num="151" count="1" visibility="public" complexity="13" type="method" signature="deleteCollectionItem(long) : Object"/>
            <line num="153" count="1" type="stmt"/>
            <line num="153" falsecount="1" type="cond" truecount="0"/>
            <line num="154" count="0" type="stmt"/>
            <line num="156" count="1" type="stmt"/>
            <line num="157" count="1" type="stmt"/>
            <line num="158" count="1" type="stmt"/>
            <line num="159" count="1" type="stmt"/>
            <line num="162" count="1" type="stmt"/>
            <line num="163" count="1" type="stmt"/>
            <line num="163" falsecount="1" type="cond" truecount="0"/>
            <line num="164" count="0" type="stmt"/>
            <line num="164" count="0" type="stmt"/>
            <line num="164" count="0" type="stmt"/>
            <line num="164" falsecount="0" type="cond" truecount="0"/>
            <line num="165" count="0" type="stmt"/>
            <line num="168" count="1" type="stmt"/>
            <line num="171" count="0" type="stmt"/>
            <line num="172" count="0" type="stmt"/>
            <line num="172" count="0" type="stmt"/>
            <line num="172" count="0" type="stmt"/>
            <line num="172" falsecount="0" type="cond" truecount="0"/>
            <line num="173" count="0" type="stmt"/>
            <line num="175" count="0" type="stmt"/>
            <line num="176" count="0" type="stmt"/>
            <line num="176" count="0" type="stmt"/>
            <line num="176" count="0" type="stmt"/>
            <line num="176" falsecount="0" type="cond" truecount="0"/>
            <line num="177" count="0" type="stmt"/>
            <line num="179" count="1" type="stmt"/>
            <line num="179" count="1" type="stmt"/>
            <line num="179" count="1" type="stmt"/>
            <line num="179" falsecount="0" type="cond" truecount="1"/>
            <line num="182" count="1" type="stmt"/>
         </file>
         <file name="GameController.java" path="/Users/ac010168/Documents/umkc/ac-games-restservice-spring/src/main/java/com/ac/games/rest/controller/GameController.java">
            <metrics classes="1" methods="4" conditionals="42" ncloc="121" coveredstatements="47" coveredmethods="4" complexity="45" coveredconditionals="14" statements="95" loc="187" coveredelements="65" elements="141"/>
            <class name="GameController">
               <metrics methods="4" conditionals="42" coveredstatements="47" coveredmethods="4" complexity="45" coveredconditionals="14" statements="95" coveredelements="65" elements="141"/>
            </class>
            <line num="45" count="3" visibility="public" complexity="11" type="method" signature="getGame(long,int) : Object"/>
            <line num="49" count="3" type="stmt"/>
            <line num="51" count="3" type="stmt"/>
            <line num="51" falsecount="0" type="cond" truecount="3"/>
            <line num="52" count="3" type="stmt"/>
            <line num="53" count="3" type="stmt"/>
            <line num="54" count="3" type="stmt"/>
            <line num="55" count="3" type="stmt"/>
            <line num="57" count="3" type="stmt"/>
            <line num="59" count="0" type="stmt"/>
            <line num="60" count="0" type="stmt"/>
            <line num="60" count="0" type="stmt"/>
            <line num="60" count="0" type="stmt"/>
            <line num="60" falsecount="0" type="cond" truecount="0"/>
            <line num="61" count="0" type="stmt"/>
            <line num="63" count="0" type="stmt"/>
            <line num="64" count="0" type="stmt"/>
            <line num="64" count="0" type="stmt"/>
            <line num="64" count="0" type="stmt"/>
            <line num="64" falsecount="0" type="cond" truecount="0"/>
            <line num="65" count="0" type="stmt"/>
            <line num="67" count="3" type="stmt"/>
            <line num="67" count="3" type="stmt"/>
            <line num="67" count="3" type="stmt"/>
            <line num="67" falsecount="0" type="cond" truecount="3"/>
            <line num="70" count="3" type="stmt"/>
            <line num="70" falsecount="2" type="cond" truecount="1"/>
            <line num="71" count="1" type="stmt"/>
            <line num="72" count="2" type="stmt"/>
            <line num="75" count="0" type="stmt"/>
            <line num="86" count="1" visibility="public" complexity="13" type="method" signature="putGame(long,Game) : Object"/>
            <line num="89" count="1" type="stmt"/>
            <line num="89" falsecount="1" type="cond" truecount="0"/>
            <line num="90" count="0" type="stmt"/>
            <line num="91" count="1" type="stmt"/>
            <line num="91" falsecount="1" type="cond" truecount="0"/>
            <line num="92" count="0" type="stmt"/>
            <line num="93" count="1" type="stmt"/>
            <line num="93" falsecount="1" type="cond" truecount="0"/>
            <line num="94" count="0" type="stmt"/>
            <line num="95" count="1" type="stmt"/>
            <line num="95" falsecount="1" type="cond" truecount="0"/>
            <line num="96" count="0" type="stmt"/>
            <line num="98" count="1" type="stmt"/>
            <line num="99" count="1" type="stmt"/>
            <line num="100" count="1" type="stmt"/>
            <line num="101" count="1" type="stmt"/>
            <line num="103" count="1" type="stmt"/>
            <line num="105" count="0" type="stmt"/>
            <line num="106" count="0" type="stmt"/>
            <line num="106" count="0" type="stmt"/>
            <line num="106" count="0" type="stmt"/>
            <line num="106" falsecount="0" type="cond" truecount="0"/>
            <line num="107" count="0" type="stmt"/>
            <line num="109" count="0" type="stmt"/>
            <line num="110" count="0" type="stmt"/>
            <line num="110" count="0" type="stmt"/>
            <line num="110" count="0" type="stmt"/>
            <line num="110" falsecount="0" type="cond" truecount="0"/>
            <line num="111" count="0" type="stmt"/>
            <line num="113" count="1" type="stmt"/>
            <line num="113" count="1" type="stmt"/>
            <line num="113" count="1" type="stmt"/>
            <line num="113" falsecount="0" type="cond" truecount="1"/>
            <line num="116" count="1" type="stmt"/>
            <line num="126" count="1" visibility="public" complexity="11" type="method" signature="postGame(Game) : Object"/>
            <line num="128" count="1" type="stmt"/>
            <line num="128" falsecount="1" type="cond" truecount="0"/>
            <line num="129" count="0" type="stmt"/>
            <line num="131" count="1" type="stmt"/>
            <line num="132" count="1" type="stmt"/>
            <line num="133" count="1" type="stmt"/>
            <line num="134" count="1" type="stmt"/>
            <line num="136" count="1" type="stmt"/>
            <line num="136" falsecount="1" type="cond" truecount="0"/>
            <line num="137" count="0" type="stmt"/>
            <line num="139" count="1" type="stmt"/>
            <line num="141" count="0" type="stmt"/>
            <line num="142" count="0" type="stmt"/>
            <line num="142" count="0" type="stmt"/>
            <line num="142" count="0" type="stmt"/>
            <line num="142" falsecount="0" type="cond" truecount="0"/>
            <line num="143" count="0" type="stmt"/>
            <line num="145" count="0" type="stmt"/>
            <line num="146" count="0" type="stmt"/>
            <line num="146" count="0" type="stmt"/>
            <line num="146" count="0" type="stmt"/>
            <line num="146" falsecount="0" type="cond" truecount="0"/>
            <line num="147" count="0" type="stmt"/>
            <line num="149" count="1" type="stmt"/>
            <line num="149" count="1" type="stmt"/>
            <line num="149" count="1" type="stmt"/>
            <line num="149" falsecount="0" type="cond" truecount="1"/>
            <line num="152" count="1" type="stmt"/>
            <line num="162" count="1" visibility="public" complexity="10" type="method" signature="deleteGame(long) : Object"/>
            <line num="164" count="1" type="stmt"/>
            <line num="164" falsecount="1" type="cond" truecount="0"/>
            <line num="165" count="0" type="stmt"/>
            <line num="167" count="1" type="stmt"/>
            <line num="168" count="1" type="stmt"/>
            <line num="169" count="1" type="stmt"/>
            <line num="170" count="1" type="stmt"/>
            <line num="172" count="1" type="stmt"/>
            <line num="174" count="0" type="stmt"/>
            <line num="175" count="0" type="stmt"/>
            <line num="175" count="0" type="stmt"/>
            <line num="175" count="0" type="stmt"/>
            <line num="175" falsecount="0" type="cond" truecount="0"/>
            <line num="176" count="0" type="stmt"/>
            <line num="178" count="0" type="stmt"/>
            <line num="179" count="0" type="stmt"/>
            <line num="179" count="0" type="stmt"/>
            <line num="179" count="0" type="stmt"/>
            <line num="179" falsecount="0" type="cond" truecount="0"/>
            <line num="180" count="0" type="stmt"/>
            <line num="182" count="1" type="stmt"/>
            <line num="182" count="1" type="stmt"/>
            <line num="182" count="1" type="stmt"/>
            <line num="182" falsecount="0" type="cond" truecount="1"/>
            <line num="185" count="1" type="stmt"/>
         </file>
         <file name="GameReltnController.java" path="/Users/ac010168/Documents/umkc/ac-games-restservice-spring/src/main/java/com/ac/games/rest/controller/GameReltnController.java">
            <metrics classes="1" methods="4" conditionals="46" ncloc="122" coveredstatements="49" coveredmethods="4" complexity="47" coveredconditionals="16" statements="99" loc="188" coveredelements="69" elements="149"/>
            <class name="GameReltnController">
               <metrics methods="4" conditionals="46" coveredstatements="49" coveredmethods="4" complexity="47" coveredconditionals="16" statements="99" coveredelements="69" elements="149"/>
            </class>
            <line num="43" count="3" visibility="public" complexity="11" type="method" signature="getGameReltn(long) : Object"/>
            <line num="45" count="3" type="stmt"/>
            <line num="45" falsecount="3" type="cond" truecount="0"/>
            <line num="46" count="0" type="stmt"/>
            <line num="48" count="3" type="stmt"/>
            <line num="50" count="3" type="stmt"/>
            <line num="51" count="3" type="stmt"/>
            <line num="52" count="3" type="stmt"/>
            <line num="53" count="3" type="stmt"/>
            <line num="55" count="3" type="stmt"/>
            <line num="57" count="0" type="stmt"/>
            <line num="58" count="0" type="stmt"/>
            <line num="58" count="0" type="stmt"/>
            <line num="58" count="0" type="stmt"/>
            <line num="58" falsecount="0" type="cond" truecount="0"/>
            <line num="59" count="0" type="stmt"/>
            <line num="61" count="0" type="stmt"/>
            <line num="62" count="0" type="stmt"/>
            <line num="62" count="0" type="stmt"/>
            <line num="62" count="0" type="stmt"/>
            <line num="62" falsecount="0" type="cond" truecount="0"/>
            <line num="63" count="0" type="stmt"/>
            <line num="65" count="3" type="stmt"/>
            <line num="65" count="3" type="stmt"/>
            <line num="65" count="3" type="stmt"/>
            <line num="65" falsecount="0" type="cond" truecount="3"/>
            <line num="68" count="3" type="stmt"/>
            <line num="68" falsecount="2" type="cond" truecount="1"/>
            <line num="69" count="1" type="stmt"/>
            <line num="71" count="2" type="stmt"/>
            <line num="82" count="1" visibility="public" complexity="14" type="method" signature="putGameReltn(long,GameReltn) : Object"/>
            <line num="85" count="1" type="stmt"/>
            <line num="85" falsecount="1" type="cond" truecount="0"/>
            <line num="86" count="0" type="stmt"/>
            <line num="87" count="1" type="stmt"/>
            <line num="87" falsecount="1" type="cond" truecount="0"/>
            <line num="88" count="0" type="stmt"/>
            <line num="89" count="1" type="stmt"/>
            <line num="89" falsecount="1" type="cond" truecount="0"/>
            <line num="90" count="0" type="stmt"/>
            <line num="91" count="1" type="stmt"/>
            <line num="91" falsecount="1" type="cond" truecount="0"/>
            <line num="92" count="0" type="stmt"/>
            <line num="93" count="1" type="stmt"/>
            <line num="93" falsecount="1" type="cond" truecount="0"/>
            <line num="94" count="0" type="stmt"/>
            <line num="96" count="1" type="stmt"/>
            <line num="97" count="1" type="stmt"/>
            <line num="98" count="1" type="stmt"/>
            <line num="99" count="1" type="stmt"/>
            <line num="101" count="1" type="stmt"/>
            <line num="103" count="0" type="stmt"/>
            <line num="104" count="0" type="stmt"/>
            <line num="104" count="0" type="stmt"/>
            <line num="104" count="0" type="stmt"/>
            <line num="104" falsecount="0" type="cond" truecount="0"/>
            <line num="105" count="0" type="stmt"/>
            <line num="107" count="0" type="stmt"/>
            <line num="108" count="0" type="stmt"/>
            <line num="108" count="0" type="stmt"/>
            <line num="108" count="0" type="stmt"/>
            <line num="108" falsecount="0" type="cond" truecount="0"/>
            <line num="109" count="0" type="stmt"/>
            <line num="111" count="1" type="stmt"/>
            <line num="111" count="1" type="stmt"/>
            <line num="111" count="1" type="stmt"/>
            <line num="111" falsecount="0" type="cond" truecount="1"/>
            <line num="114" count="1" type="stmt"/>
            <line num="124" count="1" visibility="public" complexity="12" type="method" signature="postGameReltn(GameReltn) : Object"/>
            <line num="126" count="1" type="stmt"/>
            <line num="126" falsecount="1" type="cond" truecount="0"/>
            <line num="127" count="0" type="stmt"/>
            <line num="129" count="1" type="stmt"/>
            <line num="129" falsecount="1" type="cond" truecount="0"/>
            <line num="130" count="0" type="stmt"/>
            <line num="132" count="1" type="stmt"/>
            <line num="133" count="1" type="stmt"/>
            <line num="134" count="1" type="stmt"/>
            <line num="135" count="1" type="stmt"/>
            <line num="137" count="1" type="stmt"/>
            <line num="137" falsecount="1" type="cond" truecount="0"/>
            <line num="138" count="0" type="stmt"/>
            <line num="140" count="1" type="stmt"/>
            <line num="142" count="0" type="stmt"/>
            <line num="143" count="0" type="stmt"/>
            <line num="143" count="0" type="stmt"/>
            <line num="143" count="0" type="stmt"/>
            <line num="143" falsecount="0" type="cond" truecount="0"/>
            <line num="144" count="0" type="stmt"/>
            <line num="146" count="0" type="stmt"/>
            <line num="147" count="0" type="stmt"/>
            <line num="147" count="0" type="stmt"/>
            <line num="147" count="0" type="stmt"/>
            <line num="147" falsecount="0" type="cond" truecount="0"/>
            <line num="148" count="0" type="stmt"/>
            <line num="150" count="1" type="stmt"/>
            <line num="150" count="1" type="stmt"/>
            <line num="150" count="1" type="stmt"/>
            <line num="150" falsecount="0" type="cond" truecount="1"/>
            <line num="153" count="1" type="stmt"/>
            <line num="163" count="1" visibility="public" complexity="10" type="method" signature="deleteGameReltn(long) : Object"/>
            <line num="165" count="1" type="stmt"/>
            <line num="165" falsecount="1" type="cond" truecount="0"/>
            <line num="166" count="0" type="stmt"/>
            <line num="168" count="1" type="stmt"/>
            <line num="169" count="1" type="stmt"/>
            <line num="170" count="1" type="stmt"/>
            <line num="171" count="1" type="stmt"/>
            <line num="173" count="1" type="stmt"/>
            <line num="175" count="0" type="stmt"/>
            <line num="176" count="0" type="stmt"/>
            <line num="176" count="0" type="stmt"/>
            <line num="176" count="0" type="stmt"/>
            <line num="176" falsecount="0" type="cond" truecount="0"/>
            <line num="177" count="0" type="stmt"/>
            <line num="179" count="0" type="stmt"/>
            <line num="180" count="0" type="stmt"/>
            <line num="180" count="0" type="stmt"/>
            <line num="180" count="0" type="stmt"/>
            <line num="180" falsecount="0" type="cond" truecount="0"/>
            <line num="181" count="0" type="stmt"/>
            <line num="183" count="1" type="stmt"/>
            <line num="183" count="1" type="stmt"/>
            <line num="183" count="1" type="stmt"/>
            <line num="183" falsecount="0" type="cond" truecount="1"/>
            <line num="186" count="1" type="stmt"/>
         </file>
         <file name="LoginController.java" path="/Users/ac010168/Documents/umkc/ac-games-restservice-spring/src/main/java/com/ac/games/rest/controller/LoginController.java">
            <metrics classes="1" methods="2" conditionals="56" ncloc="118" coveredstatements="48" coveredmethods="2" complexity="46" coveredconditionals="20" statements="98" loc="141" coveredelements="70" elements="156"/>
            <class name="LoginController">
               <metrics methods="2" conditionals="56" coveredstatements="48" coveredmethods="2" complexity="46" coveredconditionals="20" statements="98" coveredelements="70" elements="156"/>
            </class>
            <line num="31" count="3" visibility="public" complexity="21" type="method" signature="doLogin(LoginData) : Object"/>
            <line num="33" count="3" type="stmt"/>
            <line num="33" falsecount="3" type="cond" truecount="0"/>
            <line num="34" count="0" type="stmt"/>
            <line num="35" count="3" type="stmt"/>
            <line num="35" falsecount="3" type="cond" truecount="0"/>
            <line num="36" count="0" type="stmt"/>
            <line num="37" count="3" type="stmt"/>
            <line num="37" falsecount="3" type="cond" truecount="0"/>
            <line num="38" count="0" type="stmt"/>
            <line num="40" count="3" type="stmt"/>
            <line num="41" count="3" type="stmt"/>
            <line num="42" count="3" type="stmt"/>
            <line num="43" count="3" type="stmt"/>
            <line num="45" count="3" type="stmt"/>
            <line num="46" count="3" type="stmt"/>
            <line num="46" falsecount="2" type="cond" truecount="1"/>
            <line num="47" count="1" type="stmt"/>
            <line num="47" count="1" type="stmt"/>
            <line num="47" count="1" type="stmt"/>
            <line num="47" falsecount="0" type="cond" truecount="1"/>
            <line num="48" count="1" type="stmt"/>
            <line num="51" count="2" type="stmt"/>
            <line num="52" count="2" type="stmt"/>
            <line num="52" falsecount="2" type="cond" truecount="0"/>
            <line num="53" count="0" type="stmt"/>
            <line num="53" count="0" type="stmt"/>
            <line num="53" count="0" type="stmt"/>
            <line num="53" falsecount="0" type="cond" truecount="0"/>
            <line num="54" count="0" type="stmt"/>
            <line num="57" count="2" type="stmt"/>
            <line num="57" falsecount="0" type="cond" truecount="2"/>
            <line num="59" count="2" type="stmt"/>
            <line num="60" count="2" type="stmt"/>
            <line num="62" count="0" type="stmt"/>
            <line num="62" count="0" type="stmt"/>
            <line num="62" count="0" type="stmt"/>
            <line num="62" falsecount="0" type="cond" truecount="0"/>
            <line num="63" count="0" type="stmt"/>
            <line num="67" count="0" type="stmt"/>
            <line num="68" count="0" type="stmt"/>
            <line num="68" count="0" type="stmt"/>
            <line num="68" count="0" type="stmt"/>
            <line num="68" falsecount="0" type="cond" truecount="0"/>
            <line num="69" count="0" type="stmt"/>
            <line num="71" count="0" type="stmt"/>
            <line num="72" count="0" type="stmt"/>
            <line num="72" count="0" type="stmt"/>
            <line num="72" count="0" type="stmt"/>
            <line num="72" falsecount="0" type="cond" truecount="0"/>
            <line num="73" count="0" type="stmt"/>
            <line num="75" count="3" type="stmt"/>
            <line num="75" count="3" type="stmt"/>
            <line num="75" count="3" type="stmt"/>
            <line num="75" falsecount="0" type="cond" truecount="3"/>
            <line num="78" count="2" type="stmt"/>
            <line num="81" count="1" visibility="public" complexity="25" type="method" signature="updateLogin(long,NewUserData) : Object"/>
            <line num="84" count="1" type="stmt"/>
            <line num="84" falsecount="1" type="cond" truecount="0"/>
            <line num="85" count="0" type="stmt"/>
            <line num="86" count="1" type="stmt"/>
            <line num="86" falsecount="1" type="cond" truecount="0"/>
            <line num="87" count="0" type="stmt"/>
            <line num="88" count="1" type="stmt"/>
            <line num="88" falsecount="1" type="cond" truecount="0"/>
            <line num="89" count="0" type="stmt"/>
            <line num="90" count="1" type="stmt"/>
            <line num="90" falsecount="1" type="cond" truecount="0"/>
            <line num="91" count="0" type="stmt"/>
            <line num="92" count="1" type="stmt"/>
            <line num="92" falsecount="1" type="cond" truecount="0"/>
            <line num="93" count="0" type="stmt"/>
            <line num="94" count="1" type="stmt"/>
            <line num="94" falsecount="1" type="cond" truecount="0"/>
            <line num="95" count="0" type="stmt"/>
            <line num="96" count="1" type="stmt"/>
            <line num="96" falsecount="1" type="cond" truecount="0"/>
            <line num="97" count="0" type="stmt"/>
            <line num="99" count="1" type="stmt"/>
            <line num="100" count="1" type="stmt"/>
            <line num="101" count="1" type="stmt"/>
            <line num="102" count="1" type="stmt"/>
            <line num="105" count="1" type="stmt"/>
            <line num="106" count="1" type="stmt"/>
            <line num="106" falsecount="1" type="cond" truecount="0"/>
            <line num="107" count="0" type="stmt"/>
            <line num="107" count="0" type="stmt"/>
            <line num="107" count="0" type="stmt"/>
            <line num="107" falsecount="0" type="cond" truecount="0"/>
            <line num="108" count="0" type="stmt"/>
            <line num="110" count="1" type="stmt"/>
            <line num="110" falsecount="1" type="cond" truecount="0"/>
            <line num="111" count="0" type="stmt"/>
            <line num="111" count="0" type="stmt"/>
            <line num="111" count="0" type="stmt"/>
            <line num="111" falsecount="0" type="cond" truecount="0"/>
            <line num="112" count="0" type="stmt"/>
            <line num="115" count="1" type="stmt"/>
            <line num="116" count="1" type="stmt"/>
            <line num="116" falsecount="1" type="cond" truecount="0"/>
            <line num="117" count="0" type="stmt"/>
            <line num="117" count="0" type="stmt"/>
            <line num="117" count="0" type="stmt"/>
            <line num="117" falsecount="0" type="cond" truecount="0"/>
            <line num="118" count="0" type="stmt"/>
            <line num="120" count="1" type="stmt"/>
            <line num="121" count="1" type="stmt"/>
            <line num="123" count="1" type="stmt"/>
            <line num="124" count="1" type="stmt"/>
            <line num="125" count="1" type="stmt"/>
            <line num="126" count="1" type="stmt"/>
            <line num="128" count="0" type="stmt"/>
            <line num="129" count="0" type="stmt"/>
            <line num="129" count="0" type="stmt"/>
            <line num="129" count="0" type="stmt"/>
            <line num="129" falsecount="0" type="cond" truecount="0"/>
            <line num="130" count="0" type="stmt"/>
            <line num="132" count="0" type="stmt"/>
            <line num="133" count="0" type="stmt"/>
            <line num="133" count="0" type="stmt"/>
            <line num="133" count="0" type="stmt"/>
            <line num="133" falsecount="0" type="cond" truecount="0"/>
            <line num="134" count="0" type="stmt"/>
            <line num="136" count="1" type="stmt"/>
            <line num="136" count="1" type="stmt"/>
            <line num="136" count="1" type="stmt"/>
            <line num="136" falsecount="0" type="cond" truecount="1"/>
            <line num="139" count="1" type="stmt"/>
         </file>
         <file name="MMDataController.java" path="/Users/ac010168/Documents/umkc/ac-games-restservice-spring/src/main/java/com/ac/games/rest/controller/MMDataController.java">
            <metrics classes="1" methods="4" conditionals="48" ncloc="172" coveredstatements="58" coveredmethods="4" complexity="53" coveredconditionals="16" statements="123" loc="247" coveredelements="78" elements="175"/>
            <class name="MMDataController">
               <metrics methods="4" conditionals="48" coveredstatements="58" coveredmethods="4" complexity="53" coveredconditionals="16" statements="123" coveredelements="78" elements="175"/>
            </class>
            <line num="62" count="5" visibility="public" complexity="19" type="method" signature="getMMData(long,String) : Object"/>
            <line num="65" count="5" type="stmt"/>
            <line num="65" falsecount="5" type="cond" truecount="0"/>
            <line num="66" count="0" type="stmt"/>
            <line num="68" count="5" type="stmt"/>
            <line num="68" falsecount="3" type="cond" truecount="2"/>
            <line num="70" count="2" type="stmt"/>
            <line num="71" count="2" type="stmt"/>
            <line num="72" count="2" type="stmt"/>
            <line num="73" count="2" type="stmt"/>
            <line num="75" count="2" type="stmt"/>
            <line num="76" count="2" type="stmt"/>
            <line num="78" count="2" type="stmt"/>
            <line num="81" count="2" type="stmt"/>
            <line num="82" count="2" type="stmt"/>
            <line num="84" count="0" type="stmt"/>
            <line num="85" count="0" type="stmt"/>
            <line num="87" count="0" type="stmt"/>
            <line num="87" falsecount="0" type="cond" truecount="0"/>
            <line num="88" count="0" type="stmt"/>
            <line num="89" count="0" type="stmt"/>
            <line num="91" count="0" type="stmt"/>
            <line num="92" count="0" type="stmt"/>
            <line num="93" count="0" type="stmt"/>
            <line num="96" count="0" type="stmt"/>
            <line num="96" falsecount="0" type="cond" truecount="0"/>
            <line num="97" count="0" type="stmt"/>
            <line num="98" count="0" type="stmt"/>
            <line num="100" count="0" type="stmt"/>
            <line num="101" count="0" type="stmt"/>
            <line num="102" count="0" type="stmt"/>
            <line num="105" count="0" type="stmt"/>
            <line num="106" count="0" type="stmt"/>
            <line num="107" count="0" type="stmt"/>
            <line num="110" count="2" type="stmt"/>
            <line num="112" count="3" type="stmt"/>
            <line num="113" count="3" type="stmt"/>
            <line num="115" count="3" type="stmt"/>
            <line num="116" count="3" type="stmt"/>
            <line num="117" count="3" type="stmt"/>
            <line num="119" count="3" type="stmt"/>
            <line num="121" count="0" type="stmt"/>
            <line num="122" count="0" type="stmt"/>
            <line num="122" count="0" type="stmt"/>
            <line num="122" count="0" type="stmt"/>
            <line num="122" falsecount="0" type="cond" truecount="0"/>
            <line num="123" count="0" type="stmt"/>
            <line num="125" count="0" type="stmt"/>
            <line num="126" count="0" type="stmt"/>
            <line num="126" count="0" type="stmt"/>
            <line num="126" count="0" type="stmt"/>
            <line num="126" falsecount="0" type="cond" truecount="0"/>
            <line num="127" count="0" type="stmt"/>
            <line num="129" count="3" type="stmt"/>
            <line num="129" count="3" type="stmt"/>
            <line num="129" count="3" type="stmt"/>
            <line num="129" falsecount="0" type="cond" truecount="3"/>
            <line num="132" count="3" type="stmt"/>
            <line num="132" falsecount="2" type="cond" truecount="1"/>
            <line num="133" count="1" type="stmt"/>
            <line num="135" count="2" type="stmt"/>
            <line num="146" count="1" visibility="public" complexity="13" type="method" signature="putMMData(long,MiniatureMarketPriceData) : Object"/>
            <line num="149" count="1" type="stmt"/>
            <line num="149" falsecount="1" type="cond" truecount="0"/>
            <line num="150" count="0" type="stmt"/>
            <line num="151" count="1" type="stmt"/>
            <line num="151" falsecount="1" type="cond" truecount="0"/>
            <line num="152" count="0" type="stmt"/>
            <line num="153" count="1" type="stmt"/>
            <line num="153" falsecount="1" type="cond" truecount="0"/>
            <line num="154" count="0" type="stmt"/>
            <line num="155" count="1" type="stmt"/>
            <line num="155" falsecount="1" type="cond" truecount="0"/>
            <line num="156" count="0" type="stmt"/>
            <line num="158" count="1" type="stmt"/>
            <line num="159" count="1" type="stmt"/>
            <line num="160" count="1" type="stmt"/>
            <line num="161" count="1" type="stmt"/>
            <line num="163" count="1" type="stmt"/>
            <line num="165" count="0" type="stmt"/>
            <line num="166" count="0" type="stmt"/>
            <line num="166" count="0" type="stmt"/>
            <line num="166" count="0" type="stmt"/>
            <line num="166" falsecount="0" type="cond" truecount="0"/>
            <line num="167" count="0" type="stmt"/>
            <line num="169" count="0" type="stmt"/>
            <line num="170" count="0" type="stmt"/>
            <line num="170" count="0" type="stmt"/>
            <line num="170" count="0" type="stmt"/>
            <line num="170" falsecount="0" type="cond" truecount="0"/>
            <line num="171" count="0" type="stmt"/>
            <line num="173" count="1" type="stmt"/>
            <line num="173" count="1" type="stmt"/>
            <line num="173" count="1" type="stmt"/>
            <line num="173" falsecount="0" type="cond" truecount="1"/>
            <line num="176" count="1" type="stmt"/>
            <line num="186" count="1" visibility="public" complexity="11" type="method" signature="postMMData(MiniatureMarketPriceData) : Object"/>
            <line num="188" count="1" type="stmt"/>
            <line num="188" falsecount="1" type="cond" truecount="0"/>
            <line num="189" count="0" type="stmt"/>
            <line num="191" count="1" type="stmt"/>
            <line num="191" falsecount="1" type="cond" truecount="0"/>
            <line num="192" count="0" type="stmt"/>
            <line num="194" count="1" type="stmt"/>
            <line num="195" count="1" type="stmt"/>
            <line num="196" count="1" type="stmt"/>
            <line num="197" count="1" type="stmt"/>
            <line num="199" count="1" type="stmt"/>
            <line num="201" count="0" type="stmt"/>
            <line num="202" count="0" type="stmt"/>
            <line num="202" count="0" type="stmt"/>
            <line num="202" count="0" type="stmt"/>
            <line num="202" falsecount="0" type="cond" truecount="0"/>
            <line num="203" count="0" type="stmt"/>
            <line num="205" count="0" type="stmt"/>
            <line num="206" count="0" type="stmt"/>
            <line num="206" count="0" type="stmt"/>
            <line num="206" count="0" type="stmt"/>
            <line num="206" falsecount="0" type="cond" truecount="0"/>
            <line num="207" count="0" type="stmt"/>
            <line num="209" count="1" type="stmt"/>
            <line num="209" count="1" type="stmt"/>
            <line num="209" count="1" type="stmt"/>
            <line num="209" falsecount="0" type="cond" truecount="1"/>
            <line num="212" count="1" type="stmt"/>
            <line num="222" count="1" visibility="public" complexity="10" type="method" signature="deleteMMData(long) : Object"/>
            <line num="224" count="1" type="stmt"/>
            <line num="224" falsecount="1" type="cond" truecount="0"/>
            <line num="225" count="0" type="stmt"/>
            <line num="227" count="1" type="stmt"/>
            <line num="228" count="1" type="stmt"/>
            <line num="229" count="1" type="stmt"/>
            <line num="230" count="1" type="stmt"/>
            <line num="232" count="1" type="stmt"/>
            <line num="234" count="0" type="stmt"/>
            <line num="235" count="0" type="stmt"/>
            <line num="235" count="0" type="stmt"/>
            <line num="235" count="0" type="stmt"/>
            <line num="235" falsecount="0" type="cond" truecount="0"/>
            <line num="236" count="0" type="stmt"/>
            <line num="238" count="0" type="stmt"/>
            <line num="239" count="0" type="stmt"/>
            <line num="239" count="0" type="stmt"/>
            <line num="239" count="0" type="stmt"/>
            <line num="239" falsecount="0" type="cond" truecount="0"/>
            <line num="240" count="0" type="stmt"/>
            <line num="242" count="1" type="stmt"/>
            <line num="242" count="1" type="stmt"/>
            <line num="242" count="1" type="stmt"/>
            <line num="242" falsecount="0" type="cond" truecount="1"/>
            <line num="245" count="1" type="stmt"/>
         </file>
         <file name="SearchController.java" path="/Users/ac010168/Documents/umkc/ac-games-restservice-spring/src/main/java/com/ac/games/rest/controller/SearchController.java">
            <metrics classes="1" methods="4" conditionals="66" ncloc="153" coveredstatements="0" coveredmethods="0" complexity="44" coveredconditionals="0" statements="112" loc="208" coveredelements="0" elements="182"/>
            <class name="SearchController">
               <metrics methods="4" conditionals="66" coveredstatements="0" coveredmethods="0" complexity="44" coveredconditionals="0" statements="112" coveredelements="0" elements="182"/>
            </class>
            <line num="35" count="0" visibility="public" complexity="11" type="method" signature="searchData(String,long,String,int,String,String,String,String,String,long,String,String,String,int) : Object"/>
            <line num="50" count="0" type="stmt"/>
            <line num="50" falsecount="0" type="cond" truecount="0"/>
            <line num="51" count="0" type="stmt"/>
            <line num="57" count="0" type="stmt"/>
            <line num="57" count="0" type="stmt"/>
            <line num="57" falsecount="0" type="cond" truecount="0"/>
            <line num="58" count="0" type="stmt"/>
            <line num="58" count="0" type="stmt"/>
            <line num="58" falsecount="0" type="cond" truecount="0"/>
            <line num="59" count="0" type="stmt"/>
            <line num="59" count="0" type="stmt"/>
            <line num="59" falsecount="0" type="cond" truecount="0"/>
            <line num="60" count="0" type="stmt"/>
            <line num="60" count="0" type="stmt"/>
            <line num="60" falsecount="0" type="cond" truecount="0"/>
            <line num="61" count="0" type="stmt"/>
            <line num="61" count="0" type="stmt"/>
            <line num="61" falsecount="0" type="cond" truecount="0"/>
            <line num="62" count="0" type="stmt"/>
            <line num="62" count="0" type="stmt"/>
            <line num="62" falsecount="0" type="cond" truecount="0"/>
            <line num="65" count="0" type="stmt"/>
            <line num="66" count="0" type="stmt"/>
            <line num="67" count="0" type="stmt"/>
            <line num="68" count="0" type="stmt"/>
            <line num="69" count="0" type="stmt"/>
            <line num="71" count="0" type="stmt"/>
            <line num="75" count="0" type="stmt"/>
            <line num="77" count="0" type="stmt"/>
            <line num="77" falsecount="0" type="cond" truecount="0"/>
            <line num="78" count="0" type="stmt"/>
            <line num="81" count="0" type="stmt"/>
            <line num="103" count="0" visibility="private" complexity="23" type="method" signature="processBGGQuery(long,String,int,String,String,String,String,long,GameType,ReviewState,Date,int) : Object"/>
            <line num="105" count="0" type="stmt"/>
            <line num="106" count="0" type="stmt"/>
            <line num="107" count="0" type="stmt"/>
            <line num="107" falsecount="0" type="cond" truecount="0"/>
            <line num="108" count="0" type="stmt"/>
            <line num="109" count="0" type="stmt"/>
            <line num="111" count="0" type="stmt"/>
            <line num="111" falsecount="0" type="cond" truecount="0"/>
            <line num="112" count="0" type="stmt"/>
            <line num="113" count="0" type="stmt"/>
[...]
            <line num="140" count="1" type="stmt"/>
            <line num="142" count="1" type="stmt"/>
            <line num="143" count="1" type="stmt"/>
            <line num="144" count="1" type="stmt"/>
            <line num="146" count="1" type="stmt"/>
            <line num="147" count="1" type="stmt"/>
            <line num="148" count="1" type="stmt"/>
            <line num="150" count="1" type="stmt"/>
            <line num="151" count="1" type="stmt"/>
            <line num="162" count="1" type="stmt"/>
            <line num="164" count="1" type="stmt"/>
            <line num="176" count="1" type="stmt"/>
            <line num="177" count="1" type="stmt"/>
            <line num="178" count="1" type="stmt"/>
            <line num="179" count="1" type="stmt"/>
            <line num="181" count="1" type="stmt"/>
            <line num="193" count="1" type="stmt"/>
            <line num="195" count="1" type="stmt"/>
            <line num="206" count="1" type="stmt"/>
            <line num="207" count="1" type="stmt"/>
            <line num="217" count="1" type="stmt"/>
            <line num="218" count="1" type="stmt"/>
         </file>
         <file name="CollectionItemControllerTest.java" path="/Users/ac010168/Documents/umkc/ac-games-restservice-spring/src/test/java/com/ac/games/rest/test/CollectionItemControllerTest.java">
            <metrics classes="1" methods="3" conditionals="0" ncloc="175" coveredstatements="60" coveredmethods="3" complexity="5" coveredconditionals="0" statements="63" loc="221" coveredelements="63" elements="66"/>
            <class name="CollectionItemControllerTest">
               <metrics conditionals="0" methods="3" coveredstatements="60" complexity="5" testpasses="1" testruns="1" coveredmethods="3" coveredconditionals="0" statements="63" testfailures="0" coveredelements="63" elements="66" testduration="0.678"/>
            </class>
            <line num="46" count="1" visibility="public" complexity="2" type="method" signature="setup() : void"/>
            <line num="49" count="1" type="stmt"/>
            <line num="50" count="1" type="stmt"/>
            <line num="51" count="1" type="stmt"/>
            <line num="52" count="1" type="stmt"/>
            <line num="53" count="1" type="stmt"/>
            <line num="55" count="1" type="stmt"/>
            <line num="57" count="0" type="stmt"/>
            <line num="58" count="0" type="stmt"/>
            <line num="62" count="1" visibility="public" complexity="2" type="method" signature="tearDown() : void"/>
            <line num="64" count="1" type="stmt"/>
            <line num="65" count="1" type="stmt"/>
            <line num="67" count="0" type="stmt"/>
            <line num="83" testsuccess="true" count="1" visibility="public" complexity="1" type="method" testduration="0.678" signature="testGameController() : void"/>
            <line num="85" count="1" type="stmt"/>
            <line num="87" count="1" type="stmt"/>
            <line num="89" count="1" type="stmt"/>
            <line num="106" count="1" type="stmt"/>
            <line num="107" count="1" type="stmt"/>
            <line num="109" count="1" type="stmt"/>
            <line num="110" count="1" type="stmt"/>
            <line num="111" count="1" type="stmt"/>
            <line num="112" count="1" type="stmt"/>
            <line num="113" count="1" type="stmt"/>
            <line num="114" count="1" type="stmt"/>
            <line num="115" count="1" type="stmt"/>
            <line num="116" count="1" type="stmt"/>
            <line num="117" count="1" type="stmt"/>
            <line num="118" count="1" type="stmt"/>
            <line num="119" count="1" type="stmt"/>
            <line num="120" count="1" type="stmt"/>
            <line num="121" count="1" type="stmt"/>
            <line num="122" count="1" type="stmt"/>
            <line num="123" count="1" type="stmt"/>
            <line num="124" count="1" type="stmt"/>
            <line num="125" count="1" type="stmt"/>
            <line num="126" count="1" type="stmt"/>
            <line num="127" count="1" type="stmt"/>
            <line num="128" count="1" type="stmt"/>
            <line num="129" count="1" type="stmt"/>
            <line num="131" count="1" type="stmt"/>
            <line num="133" count="1" type="stmt"/>
            <line num="134" count="1" type="stmt"/>
            <line num="135" count="1" type="stmt"/>
            <line num="136" count="1" type="stmt"/>
            <line num="137" count="1" type="stmt"/>
            <line num="138" count="1" type="stmt"/>
            <line num="139" count="1" type="stmt"/>
            <line num="141" count="1" type="stmt"/>
            <line num="142" count="1" type="stmt"/>
            <line num="143" count="1" type="stmt"/>
            <line num="145" count="1" type="stmt"/>
            <line num="146" count="1" type="stmt"/>
            <line num="157" count="1" type="stmt"/>
            <line num="159" count="1" type="stmt"/>
            <line num="171" count="1" type="stmt"/>
            <line num="172" count="1" type="stmt"/>
            <line num="173" count="1" type="stmt"/>
            <line num="174" count="1" type="stmt"/>
            <line num="176" count="1" type="stmt"/>
            <line num="188" count="1" type="stmt"/>
            <line num="190" count="1" type="stmt"/>
            <line num="200" count="1" type="stmt"/>
            <line num="201" count="1" type="stmt"/>
            <line num="211" count="1" type="stmt"/>
            <line num="212" count="1" type="stmt"/>
         </file>
         <file name="GameControllerTest.java" path="/Users/ac010168/Documents/umkc/ac-games-restservice-spring/src/test/java/com/ac/games/rest/test/GameControllerTest.java">
            <metrics classes="1" methods="3" conditionals="0" ncloc="166" coveredstatements="49" coveredmethods="3" complexity="5" coveredconditionals="0" statements="52" loc="212" coveredelements="52" elements="55"/>
            <class name="GameControllerTest">
               <metrics conditionals="0" methods="3" coveredstatements="49" complexity="5" testpasses="1" testruns="1" coveredmethods="3" coveredconditionals="0" statements="52" testfailures="0" coveredelements="52" elements="55" testduration="0.649"/>
            </class>
            <line num="40" count="1" visibility="public" complexity="2" type="method" signature="setup() : void"/>
            <line num="43" count="1" type="stmt"/>
            <line num="44" count="1" type="stmt"/>
            <line num="45" count="1" type="stmt"/>
            <line num="46" count="1" type="stmt"/>
            <line num="47" count="1" type="stmt"/>
            <line num="49" count="1" type="stmt"/>
            <line num="51" count="0" type="stmt"/>
            <line num="52" count="0" type="stmt"/>
            <line num="56" count="1" visibility="public" complexity="2" type="method" signature="tearDown() : void"/>
            <line num="58" count="1" type="stmt"/>
            <line num="59" count="1" type="stmt"/>
            <line num="61" count="0" type="stmt"/>
            <line num="80" testsuccess="true" count="1" visibility="public" complexity="1" type="method" testduration="0.649" signature="testGameController() : void"/>
            <line num="82" count="1" type="stmt"/>
            <line num="84" count="1" type="stmt"/>
            <line num="86" count="1" type="stmt"/>
            <line num="103" count="1" type="stmt"/>
            <line num="104" count="1" type="stmt"/>
            <line num="106" count="1" type="stmt"/>
            <line num="107" count="1" type="stmt"/>
            <line num="108" count="1" type="stmt"/>
            <line num="109" count="1" type="stmt"/>
            <line num="110" count="1" type="stmt"/>
            <line num="111" count="1" type="stmt"/>
            <line num="112" count="1" type="stmt"/>
            <line num="113" count="1" type="stmt"/>
            <line num="114" count="1" type="stmt"/>
            <line num="115" count="1" type="stmt"/>
            <line num="116" count="1" type="stmt"/>
            <line num="117" count="1" type="stmt"/>
            <line num="118" count="1" type="stmt"/>
            <line num="119" count="1" type="stmt"/>
            <line num="120" count="1" type="stmt"/>
            <line num="121" count="1" type="stmt"/>
            <line num="122" count="1" type="stmt"/>
            <line num="123" count="1" type="stmt"/>
            <line num="124" count="1" type="stmt"/>
            <line num="125" count="1" type="stmt"/>
            <line num="126" count="1" type="stmt"/>
            <line num="128" count="1" type="stmt"/>
            <line num="130" count="1" type="stmt"/>
            <line num="131" count="1" type="stmt"/>
            <line num="142" count="1" type="stmt"/>
            <line num="144" count="1" type="stmt"/>
            <line num="162" count="1" type="stmt"/>
            <line num="163" count="1" type="stmt"/>
            <line num="164" count="1" type="stmt"/>
            <line num="166" count="1" type="stmt"/>
            <line num="178" count="1" type="stmt"/>
            <line num="180" count="1" type="stmt"/>
            <line num="191" count="1" type="stmt"/>
            <line num="192" count="1" type="stmt"/>
            <line num="202" count="1" type="stmt"/>
            <line num="203" count="1" type="stmt"/>
         </file>
         <file name="GameReltnControllerTest.java" path="/Users/ac010168/Documents/umkc/ac-games-restservice-spring/src/test/java/com/ac/games/rest/test/GameReltnControllerTest.java">
            <metrics classes="1" methods="3" conditionals="0" ncloc="141" coveredstatements="42" coveredmethods="3" complexity="5" coveredconditionals="0" statements="45" loc="183" coveredelements="45" elements="48"/>
            <class name="GameReltnControllerTest">
               <metrics conditionals="0" methods="3" coveredstatements="42" complexity="5" testpasses="1" testruns="1" coveredmethods="3" coveredconditionals="0" statements="45" testfailures="0" coveredelements="45" elements="48" testduration="0.334"/>
            </class>
            <line num="41" count="1" visibility="public" complexity="2" type="method" signature="setup() : void"/>
            <line num="44" count="1" type="stmt"/>
            <line num="45" count="1" type="stmt"/>
            <line num="46" count="1" type="stmt"/>
            <line num="47" count="1" type="stmt"/>
            <line num="48" count="1" type="stmt"/>
            <line num="50" count="1" type="stmt"/>
            <line num="52" count="0" type="stmt"/>
            <line num="53" count="0" type="stmt"/>
            <line num="57" count="1" visibility="public" complexity="2" type="method" signature="tearDown() : void"/>
            <line num="59" count="1" type="stmt"/>
            <line num="60" count="1" type="stmt"/>
            <line num="62" count="0" type="stmt"/>
            <line num="78" testsuccess="true" count="1" visibility="public" complexity="1" type="method" testduration="0.334" signature="testGameController() : void"/>
            <line num="80" count="1" type="stmt"/>
            <line num="82" count="1" type="stmt"/>
            <line num="83" count="1" type="stmt"/>
            <line num="84" count="1" type="stmt"/>
            <line num="85" count="1" type="stmt"/>
            <line num="86" count="1" type="stmt"/>
            <line num="87" count="1" type="stmt"/>
            <line num="88" count="1" type="stmt"/>
            <line num="89" count="1" type="stmt"/>
            <line num="90" count="1" type="stmt"/>
            <line num="91" count="1" type="stmt"/>
            <line num="92" count="1" type="stmt"/>
            <line num="94" count="1" type="stmt"/>
            <line num="95" count="1" type="stmt"/>
            <line num="96" count="1" type="stmt"/>
            <line num="99" count="1" type="stmt"/>
            <line num="101" count="1" type="stmt"/>
            <line num="102" count="1" type="stmt"/>
            <line num="113" count="1" type="stmt"/>
            <line num="115" count="1" type="stmt"/>
            <line num="129" count="1" type="stmt"/>
            <line num="130" count="1" type="stmt"/>
            <line num="131" count="1" type="stmt"/>
            <line num="132" count="1" type="stmt"/>
            <line num="133" count="1" type="stmt"/>
            <line num="134" count="1" type="stmt"/>
            <line num="135" count="1" type="stmt"/>
            <line num="137" count="1" type="stmt"/>
            <line num="149" count="1" type="stmt"/>
            <line num="151" count="1" type="stmt"/>
            <line num="162" count="1" type="stmt"/>
            <line num="163" count="1" type="stmt"/>
            <line num="173" count="1" type="stmt"/>
            <line num="174" count="1" type="stmt"/>
         </file>
         <file name="MMControllerTest.java" path="/Users/ac010168/Documents/umkc/ac-games-restservice-spring/src/test/java/com/ac/games/rest/test/MMControllerTest.java">
            <metrics classes="1" methods="3" conditionals="0" ncloc="136" coveredstatements="27" coveredmethods="3" complexity="5" coveredconditionals="0" statements="30" loc="178" coveredelements="30" elements="33"/>
            <class name="MMControllerTest">
               <metrics conditionals="0" methods="3" coveredstatements="27" complexity="5" testpasses="1" testruns="1" coveredmethods="3" coveredconditionals="0" statements="30" testfailures="0" coveredelements="30" elements="33" testduration="1.208"/>
            </class>
            <line num="37" count="1" visibility="public" complexity="2" type="method" signature="setup() : void"/>
            <line num="40" count="1" type="stmt"/>
            <line num="41" count="1" type="stmt"/>
            <line num="42" count="1" type="stmt"/>
            <line num="43" count="1" type="stmt"/>
            <line num="44" count="1" type="stmt"/>
            <line num="46" count="1" type="stmt"/>
            <line num="48" count="0" type="stmt"/>
            <line num="49" count="0" type="stmt"/>
            <line num="53" count="1" visibility="public" complexity="2" type="method" signature="tearDown() : void"/>
            <line num="55" count="1" type="stmt"/>
            <line num="56" count="1" type="stmt"/>
            <line num="58" count="0" type="stmt"/>
            <line num="76" testsuccess="true" count="1" visibility="public" complexity="1" type="method" testduration="1.208" signature="testMMData() : void"/>
            <line num="78" count="1" type="stmt"/>
            <line num="80" count="1" type="stmt"/>
            <line num="82" count="1" type="stmt"/>
            <line num="96" count="1" type="stmt"/>
            <line num="97" count="1" type="stmt"/>
            <line num="99" count="1" type="stmt"/>
            <line num="100" count="1" type="stmt"/>
            <line num="111" count="1" type="stmt"/>
            <line num="112" count="1" type="stmt"/>
            <line num="126" count="1" type="stmt"/>
            <line num="127" count="1" type="stmt"/>
            <line num="129" count="1" type="stmt"/>
            <line num="131" count="1" type="stmt"/>
            <line num="143" count="1" type="stmt"/>
            <line num="144" count="1" type="stmt"/>
            <line num="156" count="1" type="stmt"/>
            <line num="157" count="1" type="stmt"/>
            <line num="167" count="1" type="stmt"/>
            <line num="168" count="1" type="stmt"/>
         </file>
         <file name="UserControllerTest.java" path="/Users/ac010168/Documents/umkc/ac-games-restservice-spring/src/test/java/com/ac/games/rest/test/UserControllerTest.java">
            <metrics classes="1" methods="3" conditionals="0" ncloc="201" coveredstatements="60" coveredmethods="3" complexity="5" coveredconditionals="0" statements="63" loc="261" coveredelements="63" elements="66"/>
            <class name="UserControllerTest">
               <metrics conditionals="0" methods="3" coveredstatements="60" complexity="5" testpasses="1" testruns="1" coveredmethods="3" coveredconditionals="0" statements="63" testfailures="0" coveredelements="63" elements="66" testduration="0.728"/>
            </class>
            <line num="40" count="1" visibility="public" complexity="2" type="method" signature="setup() : void"/>
            <line num="43" count="1" type="stmt"/>
            <line num="44" count="1" type="stmt"/>
            <line num="45" count="1" type="stmt"/>
            <line num="46" count="1" type="stmt"/>
            <line num="47" count="1" type="stmt"/>
            <line num="49" count="1" type="stmt"/>
            <line num="51" count="0" type="stmt"/>
            <line num="52" count="0" type="stmt"/>
            <line num="56" count="1" visibility="public" complexity="2" type="method" signature="tearDown() : void"/>
            <line num="58" count="1" type="stmt"/>
            <line num="59" count="1" type="stmt"/>
            <line num="61" count="0" type="stmt"/>
            <line num="77" testsuccess="true" count="1" visibility="public" complexity="1" type="method" testduration="0.728" signature="testGameController() : void"/>
            <line num="79" count="1" type="stmt"/>
            <line num="81" count="1" type="stmt"/>
            <line num="83" count="1" type="stmt"/>
            <line num="84" count="1" type="stmt"/>
            <line num="85" count="1" type="stmt"/>
            <line num="86" count="1" type="stmt"/>
            <line num="87" count="1" type="stmt"/>
            <line num="88" count="1" type="stmt"/>
            <line num="90" count="1" type="stmt"/>
            <line num="91" count="1" type="stmt"/>
            <line num="102" count="1" type="stmt"/>
            <line num="104" count="1" type="stmt"/>
            <line num="117" count="1" type="stmt"/>
            <line num="118" count="1" type="stmt"/>
            <line num="120" count="1" type="stmt"/>
            <line num="123" count="1" type="stmt"/>
            <line num="124" count="1" type="stmt"/>
            <line num="125" count="1" type="stmt"/>
            <line num="126" count="1" type="stmt"/>
            <line num="128" count="1" type="stmt"/>
            <line num="130" count="1" type="stmt"/>
            <line num="141" count="1" type="stmt"/>
            <line num="143" count="1" type="stmt"/>
            <line num="144" count="1" type="stmt"/>
            <line num="145" count="1" type="stmt"/>
            <line num="147" count="1" type="stmt"/>
            <line num="159" count="1" type="stmt"/>
            <line num="161" count="1" type="stmt"/>
            <line num="172" count="1" type="stmt"/>
            <line num="174" count="1" type="stmt"/>
            <line num="175" count="1" type="stmt"/>
            <line num="176" count="1" type="stmt"/>
            <line num="177" count="1" type="stmt"/>
            <line num="178" count="1" type="stmt"/>
            <line num="179" count="1" type="stmt"/>
            <line num="180" count="1" type="stmt"/>
            <line num="182" count="1" type="stmt"/>
            <line num="194" count="1" type="stmt"/>
            <line num="195" count="1" type="stmt"/>
            <line num="196" count="1" type="stmt"/>
            <line num="197" count="1" type="stmt"/>
            <line num="199" count="1" type="stmt"/>
            <line num="201" count="1" type="stmt"/>
            <line num="212" count="1" type="stmt"/>
            <line num="215" count="1" type="stmt"/>
            <line num="216" count="1" type="stmt"/>
            <line num="227" count="1" type="stmt"/>
            <line num="228" count="1" type="stmt"/>
            <line num="238" count="1" type="stmt"/>
            <line num="239" count="1" type="stmt"/>
            <line num="248" count="1" type="stmt"/>
            <line num="250" count="1" type="stmt"/>
         </file>
      </package>
   </testproject>
</coverage>