<?xml version="1.0" encoding="UTF-8"?>
<coverage generated="1428960864941" clover="3.3.0">
   <project timestamp="1428960816870" name="ac-games-restservice-spring 0.3.0-SNAPSHOT">
      <metrics conditionals="948" methods="77" classes="18" files="18" packages="4" coveredstatements="640" complexity="859" loc="3491" ncloc="2437" coveredmethods="58" coveredconditionals="215" statements="1834" coveredelements="913" elements="2859"/>
      <package name="com.ac.games.rest.data">
         <metrics conditionals="0" methods="29" classes="4" files="4" coveredstatements="31" complexity="35" loc="288" ncloc="160" coveredmethods="23" coveredconditionals="0" statements="57" coveredelements="54" elements="86"/>
         <file name="LoginData.java" path="/Users/ac010168/Documents/umkc/ac-games-restservice-spring/src/main/java/com/ac/games/rest/data/LoginData.java">
            <metrics classes="1" methods="7" conditionals="0" ncloc="46" coveredstatements="6" coveredmethods="5" complexity="10" coveredconditionals="0" statements="17" loc="75" coveredelements="11" elements="24"/>
            <class name="LoginData">
               <metrics methods="7" conditionals="0" coveredstatements="6" coveredmethods="5" complexity="10" coveredconditionals="0" statements="17" coveredelements="11" elements="24"/>
            </class>
            <line num="22" count="5" visibility="public" complexity="1" type="method" signature="LoginData()"/>
            <line num="23" count="5" type="stmt"/>
            <line num="24" count="5" type="stmt"/>
            <line num="27" count="0" visibility="public" complexity="4" type="method" signature="LoginData(String)"/>
            <line num="28" count="0" type="stmt"/>
            <line num="29" count="0" type="stmt"/>
            <line num="30" count="0" type="stmt"/>
            <line num="31" count="0" type="stmt"/>
            <line num="32" count="0" type="stmt"/>
            <line num="33" count="0" type="stmt"/>
            <line num="35" count="0" type="stmt"/>
            <line num="37" count="0" type="stmt"/>
            <line num="39" count="0" type="stmt"/>
            <line num="43" count="0" visibility="public" complexity="1" type="method" signature="LoginData(String,String,String)"/>
            <line num="44" count="0" type="stmt"/>
            <line num="45" count="0" type="stmt"/>
            <line num="51" count="10" visibility="public" complexity="1" type="method" signature="getUserName() : String"/>
            <line num="52" count="10" type="stmt"/>
            <line num="58" count="5" visibility="public" complexity="1" type="method" signature="setUserName(String) : void"/>
            <line num="59" count="5" type="stmt"/>
            <line num="65" count="8" visibility="public" complexity="1" type="method" signature="getPassword() : String"/>
            <line num="66" count="8" type="stmt"/>
            <line num="72" count="5" visibility="public" complexity="1" type="method" signature="setPassword(String) : void"/>
            <line num="73" count="5" type="stmt"/>
         </file>
         <file name="LoginSuccessData.java" path="/Users/ac010168/Documents/umkc/ac-games-restservice-spring/src/main/java/com/ac/games/rest/data/LoginSuccessData.java">
            <metrics classes="1" methods="7" conditionals="0" ncloc="31" coveredstatements="10" coveredmethods="7" complexity="7" coveredconditionals="0" statements="10" loc="64" coveredelements="17" elements="17"/>
            <class name="LoginSuccessData">
               <metrics methods="7" conditionals="0" coveredstatements="10" coveredmethods="7" complexity="7" coveredconditionals="0" statements="10" coveredelements="17" elements="17"/>
            </class>
            <line num="16" count="3" visibility="public" complexity="1" type="method" signature="LoginSuccessData()"/>
            <line num="17" count="3" type="stmt"/>
            <line num="18" count="3" type="stmt"/>
            <line num="19" count="3" type="stmt"/>
            <line num="20" count="3" type="stmt"/>
            <line num="26" count="2" visibility="public" complexity="1" type="method" signature="getUserID() : long"/>
            <line num="27" count="2" type="stmt"/>
            <line num="33" count="2" visibility="public" complexity="1" type="method" signature="setUserID(long) : void"/>
            <line num="34" count="2" type="stmt"/>
            <line num="40" count="2" visibility="public" complexity="1" type="method" signature="getUserFirstName() : String"/>
            <line num="41" count="2" type="stmt"/>
            <line num="47" count="2" visibility="public" complexity="1" type="method" signature="setUserFirstName(String) : void"/>
            <line num="48" count="2" type="stmt"/>
            <line num="54" count="2" visibility="public" complexity="1" type="method" signature="getUserRole() : String"/>
            <line num="55" count="2" type="stmt"/>
            <line num="61" count="2" visibility="public" complexity="1" type="method" signature="setUserRole(String) : void"/>
            <line num="62" count="2" type="stmt"/>
         </file>
         <file name="NewUserData.java" path="/Users/ac010168/Documents/umkc/ac-games-restservice-spring/src/main/java/com/ac/games/rest/data/NewUserData.java">
            <metrics classes="1" methods="12" conditionals="0" ncloc="69" coveredstatements="15" coveredmethods="11" complexity="15" coveredconditionals="0" statements="27" loc="119" coveredelements="26" elements="39"/>
            <class name="NewUserData">
               <metrics methods="12" conditionals="0" coveredstatements="15" coveredmethods="11" complexity="15" coveredconditionals="0" statements="27" coveredelements="26" elements="39"/>
            </class>
            <line num="23" count="4" visibility="public" complexity="1" type="method" signature="NewUserData()"/>
            <line num="24" count="4" type="stmt"/>
            <line num="25" count="4" type="stmt"/>
            <line num="26" count="4" type="stmt"/>
            <line num="27" count="4" type="stmt"/>
            <line num="28" count="4" type="stmt"/>
            <line num="31" count="0" visibility="public" complexity="4" type="method" signature="NewUserData(String)"/>
            <line num="32" count="0" type="stmt"/>
            <line num="33" count="0" type="stmt"/>
            <line num="34" count="0" type="stmt"/>
            <line num="35" count="0" type="stmt"/>
            <line num="36" count="0" type="stmt"/>
            <line num="37" count="0" type="stmt"/>
            <line num="38" count="0" type="stmt"/>
            <line num="39" count="0" type="stmt"/>
            <line num="40" count="0" type="stmt"/>
            <line num="42" count="0" type="stmt"/>
            <line num="44" count="0" type="stmt"/>
            <line num="46" count="0" type="stmt"/>
            <line num="53" count="17" visibility="public" complexity="1" type="method" signature="getUserName() : String"/>
            <line num="54" count="17" type="stmt"/>
            <line num="60" count="4" visibility="public" complexity="1" type="method" signature="setUserName(String) : void"/>
            <line num="61" count="4" type="stmt"/>
            <line num="67" count="7" visibility="public" complexity="1" type="method" signature="getFirstName() : String"/>
            <line num="68" count="7" type="stmt"/>
            <line num="74" count="4" visibility="public" complexity="1" type="method" signature="setFirstName(String) : void"/>
            <line num="75" count="4" type="stmt"/>
            <line num="81" count="7" visibility="public" complexity="1" type="method" signature="getLastName() : String"/>
            <line num="82" count="7" type="stmt"/>
            <line num="88" count="4" visibility="public" complexity="1" type="method" signature="setLastName(String) : void"/>
            <line num="89" count="4" type="stmt"/>
            <line num="95" count="7" visibility="public" complexity="1" type="method" signature="getEmailAddress() : String"/>
            <line num="96" count="7" type="stmt"/>
            <line num="102" count="4" visibility="public" complexity="1" type="method" signature="setEmailAddress(String) : void"/>
            <line num="103" count="4" type="stmt"/>
            <line num="109" count="8" visibility="public" complexity="1" type="method" signature="getPassword() : String"/>
            <line num="110" count="8" type="stmt"/>
            <line num="116" count="4" visibility="public" complexity="1" type="method" signature="setPassword(String) : void"/>
            <line num="117" count="4" type="stmt"/>
         </file>
         <file name="WrapList.java" path="/Users/ac010168/Documents/umkc/ac-games-restservice-spring/src/main/java/com/ac/games/rest/data/WrapList.java">
            <metrics classes="1" methods="3" conditionals="0" ncloc="14" coveredstatements="0" coveredmethods="0" complexity="3" coveredconditionals="0" statements="3" loc="30" coveredelements="0" elements="6"/>
            <class name="WrapList">
               <metrics methods="3" conditionals="0" coveredstatements="0" coveredmethods="0" complexity="3" coveredconditionals="0" statements="3" coveredelements="0" elements="6"/>
            </class>
            <line num="13" count="0" visibility="public" complexity="1" type="method" signature="WrapList(List&lt;String&gt;)"/>
            <line num="14" count="0" type="stmt"/>
            <line num="20" count="0" visibility="public" complexity="1" type="method" signature="getWrapList() : List&lt;String&gt;"/>
            <line num="21" count="0" type="stmt"/>
            <line num="27" count="0" visibility="public" complexity="1" type="method" signature="setWrapList(List&lt;String&gt;) : void"/>
            <line num="28" count="0" type="stmt"/>
         </file>
      </package>
      <package name="com.ac.games.rest.filter">
         <metrics conditionals="0" methods="3" classes="1" files="1" coveredstatements="0" complexity="3" loc="32" ncloc="22" coveredmethods="0" coveredconditionals="0" statements="6" coveredelements="0" elements="9"/>
         <file name="SimpleCORSFilter.java" path="/Users/ac010168/Documents/umkc/ac-games-restservice-spring/src/main/java/com/ac/games/rest/filter/SimpleCORSFilter.java">
            <metrics classes="1" methods="3" conditionals="0" ncloc="22" coveredstatements="0" coveredmethods="0" complexity="3" coveredconditionals="0" statements="6" loc="32" coveredelements="0" elements="9"/>
            <class name="SimpleCORSFilter">
               <metrics methods="3" conditionals="0" coveredstatements="0" coveredmethods="0" complexity="3" coveredconditionals="0" statements="6" coveredelements="0" elements="9"/>
            </class>
            <line num="20" count="0" visibility="public" complexity="1" type="method" signature="doFilter(ServletRequest,ServletResponse,FilterChain) : void"/>
            <line num="21" count="0" type="stmt"/>
            <line num="22" count="0" type="stmt"/>
            <line num="23" count="0" type="stmt"/>
            <line num="24" count="0" type="stmt"/>
            <line num="25" count="0" type="stmt"/>
            <line num="26" count="0" type="stmt"/>
            <line num="29" count="0" visibility="public" complexity="1" type="method" signature="init(FilterConfig) : void"/>
            <line num="31" count="0" visibility="public" complexity="1" type="method" signature="destroy() : void"/>
         </file>
      </package>
      <package name="com.ac.games.rest.controller">
         <metrics conditionals="948" methods="42" classes="12" files="12" coveredstatements="609" complexity="817" loc="3111" ncloc="2217" coveredmethods="35" coveredconditionals="215" statements="1761" coveredelements="859" elements="2751"/>
         <file name="AutocompleteController.java" path="/Users/ac010168/Documents/umkc/ac-games-restservice-spring/src/main/java/com/ac/games/rest/controller/AutocompleteController.java">
            <metrics classes="1" methods="1" conditionals="22" ncloc="81" coveredstatements="0" coveredmethods="0" complexity="18" coveredconditionals="0" statements="52" loc="109" coveredelements="0" elements="75"/>
            <class name="AutocompleteController">
               <metrics methods="1" conditionals="22" coveredstatements="0" coveredmethods="0" complexity="18" coveredconditionals="0" statements="52" coveredelements="0" elements="75"/>
            </class>
            <line num="32" count="0" visibility="public" complexity="18" type="method" signature="getAutoComplete(String,String) : Object"/>
            <line num="36" count="0" type="stmt"/>
            <line num="36" falsecount="0" type="cond" truecount="0"/>
            <line num="37" count="0" type="stmt"/>
            <line num="38" count="0" type="stmt"/>
            <line num="38" falsecount="0" type="cond" truecount="0"/>
            <line num="39" count="0" type="stmt"/>
            <line num="41" count="0" type="stmt"/>
            <line num="41" falsecount="0" type="cond" truecount="0"/>
            <line num="42" count="0" type="stmt"/>
            <line num="44" count="0" type="stmt"/>
            <line num="45" count="0" type="stmt"/>
            <line num="47" count="0" type="stmt"/>
            <line num="47" falsecount="0" type="cond" truecount="0"/>
            <line num="48" count="0" type="stmt"/>
            <line num="50" count="0" type="stmt"/>
            <line num="51" count="0" type="stmt"/>
            <line num="52" count="0" type="stmt"/>
            <line num="54" count="0" type="stmt"/>
            <line num="54" falsecount="0" type="cond" truecount="0"/>
            <line num="55" count="0" type="stmt"/>
            <line num="57" count="0" type="stmt"/>
            <line num="58" count="0" type="stmt"/>
            <line num="59" count="0" type="stmt"/>
            <line num="60" count="0" type="stmt"/>
            <line num="62" count="0" type="stmt"/>
            <line num="63" count="0" type="stmt"/>
            <line num="63" falsecount="0" type="cond" truecount="0"/>
            <line num="64" count="0" type="stmt"/>
            <line num="66" count="0" type="stmt"/>
            <line num="67" count="0" type="stmt"/>
            <line num="68" count="0" type="stmt"/>
            <line num="69" count="0" type="stmt"/>
            <line num="69" falsecount="0" type="cond" truecount="0"/>
            <line num="71" count="0" type="stmt"/>
            <line num="72" count="0" type="stmt"/>
            <line num="75" count="0" type="stmt"/>
            <line num="76" count="0" type="stmt"/>
            <line num="78" count="0" type="stmt"/>
            <line num="83" count="0" type="stmt"/>
            <line num="84" count="0" type="stmt"/>
            <line num="85" count="0" type="stmt"/>
            <line num="87" count="0" type="stmt"/>
            <line num="89" count="0" type="stmt"/>
            <line num="89" falsecount="0" type="cond" truecount="0"/>
            <line num="90" count="0" type="stmt"/>
            <line num="92" count="0" type="stmt"/>
            <line num="95" count="0" type="stmt"/>
            <line num="96" count="0" type="stmt"/>
            <line num="96" count="0" type="stmt"/>
            <line num="96" count="0" type="stmt"/>
            <line num="96" falsecount="0" type="cond" truecount="0"/>
            <line num="97" count="0" type="stmt"/>
            <line num="99" count="0" type="stmt"/>
            <line num="100" count="0" type="stmt"/>
            <line num="100" count="0" type="stmt"/>
            <line num="100" count="0" type="stmt"/>
            <line num="100" falsecount="0" type="cond" truecount="0"/>
            <line num="101" count="0" type="stmt"/>
            <line num="103" count="0" type="stmt"/>
            <line num="103" count="0" type="stmt"/>
            <line num="103" count="0" type="stmt"/>
            <line num="103" falsecount="0" type="cond" truecount="0"/>
            <line num="106" count="0" type="stmt"/>
         </file>
         <file name="BGGDataController.java" path="/Users/ac010168/Documents/umkc/ac-games-restservice-spring/src/main/java/com/ac/games/rest/controller/BGGDataController.java">
            <metrics classes="1" methods="6" conditionals="264" ncloc="497" coveredstatements="108" coveredmethods="5" complexity="200" coveredconditionals="46" statements="419" loc="681" coveredelements="159" elements="689"/>
            <class name="BGGDataController">
               <metrics methods="6" conditionals="264" coveredstatements="108" coveredmethods="5" complexity="200" coveredconditionals="46" statements="419" coveredelements="159" elements="689"/>
            </class>
            <line num="88" count="12" visibility="public" complexity="129" type="method" signature="getBGGData(long,String,String,String,int,String,String) : Object"/>
            <line num="98" count="12" type="stmt"/>
            <line num="98" falsecount="12" type="cond" truecount="0"/>
            <line num="99" count="0" type="stmt"/>
            <line num="100" count="12" type="stmt"/>
            <line num="100" falsecount="12" type="cond" truecount="0"/>
            <line num="101" count="0" type="stmt"/>
            <line num="102" count="12" type="stmt"/>
            <line num="102" falsecount="12" type="cond" truecount="0"/>
            <line num="103" count="0" type="stmt"/>
            <line num="106" count="12" type="stmt"/>
            <line num="106" falsecount="12" type="cond" truecount="0"/>
            <line num="107" count="0" type="stmt"/>
            <line num="108" count="12" type="stmt"/>
            <line num="108" falsecount="12" type="cond" truecount="0"/>
            <line num="109" count="0" type="stmt"/>
            <line num="110" count="12" type="stmt"/>
            <line num="110" falsecount="12" type="cond" truecount="0"/>
            <line num="111" count="0" type="stmt"/>
            <line num="112" count="12" type="stmt"/>
            <line num="112" falsecount="12" type="cond" truecount="0"/>
            <line num="113" count="0" type="stmt"/>
            <line num="115" count="12" type="stmt"/>
            <line num="115" falsecount="12" type="cond" truecount="0"/>
            <line num="117" count="0" type="stmt"/>
            <line num="120" count="12" type="stmt"/>
            <line num="121" count="12" type="stmt"/>
            <line num="121" count="12" type="stmt"/>
            <line num="121" falsecount="0" type="cond" truecount="12"/>
            <line num="122" count="0" type="stmt"/>
            <line num="122" count="0" type="stmt"/>
            <line num="122" falsecount="0" type="cond" truecount="0"/>
            <line num="123" count="0" type="stmt"/>
            <line num="123" falsecount="0" type="cond" truecount="0"/>
            <line num="124" count="0" type="stmt"/>
            <line num="124" count="0" type="stmt"/>
            <line num="124" falsecount="0" type="cond" truecount="0"/>
            <line num="125" count="0" type="stmt"/>
            <line num="127" count="12" type="stmt"/>
            <line num="127" falsecount="12" type="cond" truecount="0"/>
            <line num="128" count="0" type="stmt"/>
            <line num="130" count="12" type="stmt"/>
            <line num="130" falsecount="12" type="cond" truecount="0"/>
            <line num="131" count="0" type="stmt"/>
            <line num="132" count="12" type="stmt"/>
            <line num="132" falsecount="12" type="cond" truecount="0"/>
            <line num="133" count="0" type="stmt"/>
            <line num="135" count="12" type="stmt"/>
            <line num="136" count="12" type="stmt"/>
            <line num="139" count="12" type="stmt"/>
            <line num="140" count="12" type="stmt"/>
            <line num="141" count="12" type="stmt"/>
            <line num="142" count="12" type="stmt"/>
            <line num="143" count="12" type="stmt"/>
            <line num="144" count="12" type="stmt"/>
            <line num="145" count="12" type="stmt"/>
            <line num="147" count="12" type="stmt"/>
            <line num="149" count="12" type="stmt"/>
            <line num="149" falsecount="9" type="cond" truecount="3"/>
            <line num="150" count="3" type="stmt"/>
            <line num="151" count="3" type="stmt"/>
            <line num="152" count="3" type="stmt"/>
            <line num="154" count="3" type="stmt"/>
            <line num="155" count="3" type="stmt"/>
            <line num="156" count="3" type="stmt"/>
            <line num="158" count="3" type="stmt"/>
            <line num="158" falsecount="0" type="cond" truecount="3"/>
            <line num="159" count="3" type="stmt"/>
            <line num="160" count="3" type="stmt"/>
            <line num="160" falsecount="0" type="cond" truecount="3"/>
            <line num="161" count="3" type="stmt"/>
            <line num="163" count="0" type="stmt"/>
            <line num="163" falsecount="0" type="cond" truecount="0"/>
            <line num="164" count="0" type="stmt"/>
            <line num="165" count="0" type="stmt"/>
            <line num="165" falsecount="0" type="cond" truecount="0"/>
            <line num="166" count="0" type="stmt"/>
            <line num="169" count="0" type="stmt"/>
            <line num="169" falsecount="0" type="cond" truecount="0"/>
            <line num="170" count="0" type="stmt"/>
            <line num="172" count="0" type="stmt"/>
            <line num="173" count="0" type="stmt"/>
            <line num="173" count="0" type="stmt"/>
            <line num="173" falsecount="0" type="cond" truecount="0"/>
            <line num="174" count="0" type="stmt"/>
            <line num="174" count="0" type="stmt"/>
            <line num="174" falsecount="0" type="cond" truecount="0"/>
            <line num="175" count="0" type="stmt"/>
            <line num="175" count="0" type="stmt"/>
            <line num="175" falsecount="0" type="cond" truecount="0"/>
            <line num="176" count="0" type="stmt"/>
            <line num="176" count="0" type="stmt"/>
            <line num="176" falsecount="0" type="cond" truecount="0"/>
            <line num="178" count="0" type="stmt"/>
            <line num="179" count="0" type="stmt"/>
            <line num="181" count="0" type="stmt"/>
            <line num="182" count="0" type="stmt"/>
            <line num="182" falsecount="0" type="cond" truecount="0"/>
            <line num="183" count="0" type="stmt"/>
            <line num="185" count="0" type="stmt"/>
            <line num="188" count="0" type="stmt"/>
            <line num="189" count="0" type="stmt"/>
            <line num="189" count="0" type="stmt"/>
            <line num="189" count="0" type="stmt"/>
            <line num="189" falsecount="0" type="cond" truecount="0"/>
            <line num="190" count="0" type="stmt"/>
            <line num="192" count="0" type="stmt"/>
            <line num="193" count="0" type="stmt"/>
            <line num="193" count="0" type="stmt"/>
            <line num="193" count="0" type="stmt"/>
            <line num="193" falsecount="0" type="cond" truecount="0"/>
            <line num="194" count="0" type="stmt"/>
            <line num="196" count="3" type="stmt"/>
            <line num="196" count="3" type="stmt"/>
            <line num="196" count="3" type="stmt"/>
            <line num="196" falsecount="0" type="cond" truecount="3"/>
            <line num="199" count="3" type="stmt"/>
            <line num="199" falsecount="0" type="cond" truecount="3"/>
            <line num="200" count="3" type="stmt"/>
            <line num="200" falsecount="0" type="cond" truecount="3"/>
            <line num="201" count="3" type="stmt"/>
            <line num="201" falsecount="2" type="cond" truecount="1"/>
            <line num="202" count="1" type="stmt"/>
            <line num="204" count="2" type="stmt"/>
            <line num="204" falsecount="0" type="cond" truecount="2"/>
            <line num="205" count="2" type="stmt"/>
            <line num="206" count="0" type="stmt"/>
            <line num="208" count="0" type="stmt"/>
            <line num="208" falsecount="0" type="cond" truecount="0"/>
            <line num="209" count="0" type="stmt"/>
            <line num="211" count="0" type="stmt"/>
            <line num="211" falsecount="0" type="cond" truecount="0"/>
            <line num="212" count="0" type="stmt"/>
            <line num="213" count="0" type="stmt"/>
            <line num="215" count="0" type="stmt"/>
            <line num="215" falsecount="0" type="cond" truecount="0"/>
            <line num="217" count="0" type="stmt"/>
            <line num="217" falsecount="0" type="cond" truecount="0"/>
            <line num="218" count="0" type="stmt"/>
            <line num="220" count="0" type="stmt"/>
            <line num="220" falsecount="0" type="cond" truecount="0"/>
            <line num="221" count="0" type="stmt"/>
            <line num="222" count="0" type="stmt"/>
            <line num="223" count="0" type="stmt"/>
            <line num="223" falsecount="0" type="cond" truecount="0"/>
            <line num="224" count="0" type="stmt"/>
            <line num="224" falsecount="0" type="cond" truecount="0"/>
            <line num="225" count="0" type="stmt"/>
            <line num="227" count="0" type="stmt"/>
            <line num="227" falsecount="0" type="cond" truecount="0"/>
            <line num="228" count="0" type="stmt"/>
            <line num="229" count="0" type="stmt"/>
            <line num="232" count="9" type="stmt"/>
            <line num="232" falsecount="0" type="cond" truecount="9"/>
            <line num="233" count="9" type="stmt"/>
            <line num="237" count="9" type="stmt"/>
            <line num="237" falsecount="0" type="cond" truecount="9"/>
            <line num="239" count="9" type="stmt"/>
            <line num="240" count="9" type="stmt"/>
            <line num="240" falsecount="9" type="cond" truecount="2"/>
            <line num="241" count="2" type="stmt"/>
            <line num="242" count="0" type="stmt"/>
            <line num="242" falsecount="0" type="cond" truecount="0"/>
            <line num="244" count="0" type="stmt"/>
            <line num="244" falsecount="0" type="cond" truecount="0"/>
            <line num="245" count="0" type="stmt"/>
            <line num="247" count="0" type="stmt"/>
            <line num="248" count="0" type="stmt"/>
            <line num="248" falsecount="0" type="cond" truecount="0"/>
            <line num="249" count="0" type="stmt"/>
            <line num="250" count="0" type="stmt"/>
            <line num="250" falsecount="0" type="cond" truecount="0"/>
            <line num="252" count="0" type="stmt"/>
            <line num="252" falsecount="0" type="cond" truecount="0"/>
            <line num="253" count="0" type="stmt"/>
            <line num="255" count="0" type="stmt"/>
            <line num="258" count="9" type="stmt"/>
            <line num="260" count="9" type="stmt"/>
            <line num="260" falsecount="0" type="cond" truecount="9"/>
            <line num="261" count="9" type="stmt"/>
            <line num="263" count="0" type="stmt"/>
            <line num="263" count="0" type="stmt"/>
            <line num="263" falsecount="0" type="cond" truecount="0"/>
            <line num="264" count="0" type="stmt"/>
            <line num="272" count="0" type="stmt"/>
            <line num="273" count="0" type="stmt"/>
            <line num="274" count="0" type="stmt"/>
            <line num="275" count="0" type="stmt"/>
            <line num="276" count="0" type="stmt"/>
            <line num="276" falsecount="0" type="cond" truecount="0"/>
            <line num="277" count="0" type="stmt"/>
            <line num="278" count="0" type="stmt"/>
            <line num="282" count="0" type="stmt"/>
            <line num="282" falsecount="0" type="cond" truecount="0"/>
            <line num="283" count="0" type="stmt"/>
            <line num="285" count="0" type="stmt"/>
            <line num="285" count="0" type="stmt"/>
            <line num="285" falsecount="0" type="cond" truecount="0"/>
            <line num="286" count="0" type="stmt"/>
            <line num="286" count="0" type="stmt"/>
            <line num="286" falsecount="0" type="cond" truecount="0"/>
            <line num="287" count="0" type="stmt"/>
            <line num="287" count="0" type="stmt"/>
            <line num="287" falsecount="0" type="cond" truecount="0"/>
            <line num="288" count="0" type="stmt"/>
            <line num="288" count="0" type="stmt"/>
            <line num="288" falsecount="0" type="cond" truecount="0"/>
            <line num="289" count="0" type="stmt"/>
            <line num="289" count="0" type="stmt"/>
            <line num="289" falsecount="0" type="cond" truecount="0"/>
            <line num="290" count="0" type="stmt"/>
            <line num="290" count="0" type="stmt"/>
            <line num="290" falsecount="0" type="cond" truecount="0"/>
            <line num="292" count="0" type="stmt"/>
            <line num="292" count="0" type="stmt"/>
            <line num="292" falsecount="0" type="cond" truecount="0"/>
            <line num="293" count="0" type="stmt"/>
            <line num="293" count="0" type="stmt"/>
            <line num="293" falsecount="0" type="cond" truecount="0"/>
            <line num="294" count="0" type="stmt"/>
            <line num="294" count="0" type="stmt"/>
            <line num="294" falsecount="0" type="cond" truecount="0"/>
            <line num="296" count="0" type="stmt"/>
            <line num="296" count="0" type="stmt"/>
            <line num="296" falsecount="0" type="cond" truecount="0"/>
            <line num="297" count="0" type="stmt"/>
            <line num="297" count="0" type="stmt"/>
            <line num="297" falsecount="0" type="cond" truecount="0"/>
            <line num="299" count="0" type="stmt"/>
            <line num="299" count="0" type="stmt"/>
            <line num="299" falsecount="0" type="cond" truecount="0"/>
            <line num="300" count="0" type="stmt"/>
            <line num="300" falsecount="0" type="cond" truecount="0"/>
            <line num="301" count="0" type="stmt"/>
            <line num="301" falsecount="0" type="cond" truecount="0"/>
            <line num="302" count="0" type="stmt"/>
            <line num="304" count="0" type="stmt"/>
            <line num="304" count="0" type="stmt"/>
            <line num="304" falsecount="0" type="cond" truecount="0"/>
            <line num="305" count="0" type="stmt"/>
            <line num="305" falsecount="0" type="cond" truecount="0"/>
            <line num="306" count="0" type="stmt"/>
            <line num="306" falsecount="0" type="cond" truecount="0"/>
            <line num="307" count="0" type="stmt"/>
            <line num="309" count="0" type="stmt"/>
            <line num="309" count="0" type="stmt"/>
            <line num="309" falsecount="0" type="cond" truecount="0"/>
            <line num="310" count="0" type="stmt"/>
            <line num="310" falsecount="0" type="cond" truecount="0"/>
            <line num="311" count="0" type="stmt"/>
            <line num="311" falsecount="0" type="cond" truecount="0"/>
            <line num="312" count="0" type="stmt"/>
            <line num="315" count="0" type="stmt"/>
            <line num="315" count="0" type="stmt"/>
            <line num="315" falsecount="0" type="cond" truecount="0"/>
            <line num="316" count="0" type="stmt"/>
            <line num="316" falsecount="0" type="cond" truecount="0"/>
            <line num="317" count="0" type="stmt"/>
            <line num="317" falsecount="0" type="cond" truecount="0"/>
            <line num="318" count="0" type="stmt"/>
            <line num="320" count="0" type="stmt"/>
            <line num="320" count="0" type="stmt"/>
            <line num="320" falsecount="0" type="cond" truecount="0"/>
            <line num="321" count="0" type="stmt"/>
            <line num="321" falsecount="0" type="cond" truecount="0"/>
            <line num="322" count="0" type="stmt"/>
            <line num="322" falsecount="0" type="cond" truecount="0"/>
            <line num="323" count="0" type="stmt"/>
            <line num="325" count="0" type="stmt"/>
            <line num="325" count="0" type="stmt"/>
            <line num="325" falsecount="0" type="cond" truecount="0"/>
            <line num="326" count="0" type="stmt"/>
            <line num="326" falsecount="0" type="cond" truecount="0"/>
            <line num="327" count="0" type="stmt"/>
            <line num="327" falsecount="0" type="cond" truecount="0"/>
            <line num="328" count="0" type="stmt"/>
            <line num="330" count="0" type="stmt"/>
            <line num="330" count="0" type="stmt"/>
            <line num="330" falsecount="0" type="cond" truecount="0"/>
            <line num="331" count="0" type="stmt"/>
            <line num="331" falsecount="0" type="cond" truecount="0"/>
            <line num="332" count="0" type="stmt"/>
            <line num="332" falsecount="0" type="cond" truecount="0"/>
            <line num="333" count="0" type="stmt"/>
            <line num="335" count="0" type="stmt"/>
            <line num="335" count="0" type="stmt"/>
            <line num="335" falsecount="0" type="cond" truecount="0"/>
            <line num="336" count="0" type="stmt"/>
            <line num="336" falsecount="0" type="cond" truecount="0"/>
            <line num="337" count="0" type="stmt"/>
            <line num="337" falsecount="0" type="cond" truecount="0"/>
            <line num="338" count="0" type="stmt"/>
            <line num="341" count="0" type="stmt"/>
            <line num="345" count="0" type="stmt"/>
            <line num="345" falsecount="0" type="cond" truecount="0"/>
            <line num="346" count="0" type="stmt"/>
            <line num="347" count="0" type="stmt"/>
            <line num="348" count="0" type="stmt"/>
            <line num="349" count="0" type="stmt"/>
            <line num="351" count="0" type="stmt"/>
            <line num="352" count="0" type="stmt"/>
            <line num="354" count="0" type="stmt"/>
            <line num="355" count="0" type="stmt"/>
            <line num="355" count="0" type="stmt"/>
            <line num="355" count="0" type="stmt"/>
            <line num="355" falsecount="0" type="cond" truecount="0"/>
            <line num="356" count="0" type="stmt"/>
            <line num="358" count="0" type="stmt"/>
            <line num="359" count="0" type="stmt"/>
            <line num="359" count="0" type="stmt"/>
            <line num="359" count="0" type="stmt"/>
            <line num="359" falsecount="0" type="cond" truecount="0"/>
            <line num="360" count="0" type="stmt"/>
            <line num="362" count="0" type="stmt"/>
            <line num="362" count="0" type="stmt"/>
            <line num="362" count="0" type="stmt"/>
            <line num="362" falsecount="0" type="cond" truecount="0"/>
            <line num="366" count="0" type="stmt"/>
            <line num="366" count="0" type="stmt"/>
            <line num="366" falsecount="0" type="cond" truecount="0"/>
            <line num="367" count="0" type="stmt"/>
            <line num="381" count="1" visibility="public" complexity="39" type="method" signature="putBGGData(long,String,String,BGGGame) : Object"/>
            <line num="386" count="1" type="stmt"/>
            <line num="386" falsecount="1" type="cond" truecount="0"/>
            <line num="387" count="0" type="stmt"/>
            <line num="388" count="1" type="stmt"/>
            <line num="388" falsecount="1" type="cond" truecount="0"/>
            <line num="389" count="0" type="stmt"/>
            <line num="390" count="1" type="stmt"/>
            <line num="390" falsecount="1" type="cond" truecount="0"/>
            <line num="391" count="0" type="stmt"/>
            <line num="392" count="1" type="stmt"/>
            <line num="392" falsecount="1" type="cond" truecount="0"/>
            <line num="393" count="0" type="stmt"/>
            <line num="395" count="1" type="stmt"/>
            <line num="395" falsecount="1" type="cond" truecount="0"/>
            <line num="397" count="0" type="stmt"/>
            <line num="398" count="1" type="stmt"/>
            <line num="398" falsecount="1" type="cond" truecount="0"/>
            <line num="399" count="0" type="stmt"/>
            <line num="401" count="1" type="stmt"/>
            <line num="402" count="1" type="stmt"/>
            <line num="402" count="0" type="stmt"/>
            <line num="402" falsecount="1" type="cond" truecount="0"/>
            <line num="403" count="1" type="stmt"/>
            <line num="403" count="0" type="stmt"/>
            <line num="403" falsecount="1" type="cond" truecount="0"/>
            <line num="404" count="1" type="stmt"/>
            <line num="404" count="0" type="stmt"/>
            <line num="404" falsecount="1" type="cond" truecount="0"/>
            <line num="406" count="1" type="stmt"/>
            <line num="406" falsecount="1" type="cond" truecount="0"/>
            <line num="407" count="0" type="stmt"/>
            <line num="409" count="1" type="stmt"/>
            <line num="410" count="1" type="stmt"/>
            <line num="411" count="1" type="stmt"/>
            <line num="412" count="1" type="stmt"/>
            <line num="415" count="1" type="stmt"/>
            <line num="415" falsecount="0" type="cond" truecount="1"/>
            <line num="416" count="1" type="stmt"/>
            <line num="419" count="0" type="stmt"/>
            <line num="421" count="0" type="stmt"/>
            <line num="421" falsecount="0" type="cond" truecount="0"/>
            <line num="422" count="0" type="stmt"/>
            <line num="425" count="0" type="stmt"/>
            <line num="425" falsecount="0" type="cond" truecount="0"/>
            <line num="430" count="0" type="stmt"/>
            <line num="431" count="0" type="stmt"/>
            <line num="432" count="0" type="stmt"/>
            <line num="432" falsecount="0" type="cond" truecount="0"/>
            <line num="433" count="0" type="stmt"/>
            <line num="434" count="0" type="stmt"/>
            <line num="434" falsecount="0" type="cond" truecount="0"/>
            <line num="435" count="0" type="stmt"/>
            <line num="436" count="0" type="stmt"/>
            <line num="439" count="0" type="stmt"/>
            <line num="440" count="0" type="stmt"/>
            <line num="441" count="0" type="stmt"/>
            <line num="444" count="0" type="stmt"/>
            <line num="445" count="0" type="stmt"/>
            <line num="446" count="0" type="stmt"/>
            <line num="448" count="0" type="stmt"/>
            <line num="449" count="0" type="stmt"/>
            <line num="450" count="0" type="stmt"/>
            <line num="451" count="0" type="stmt"/>
            <line num="452" count="0" type="stmt"/>
            <line num="453" count="0" type="stmt"/>
            <line num="454" count="0" type="stmt"/>
            <line num="455" count="0" type="stmt"/>
            <line num="456" count="0" type="stmt"/>
            <line num="457" count="0" type="stmt"/>
            <line num="460" count="0" type="stmt"/>
            <line num="460" falsecount="0" type="cond" truecount="0"/>
            <line num="461" count="0" type="stmt"/>
            <line num="462" count="0" type="stmt"/>
            <line num="462" count="0" type="stmt"/>
            <line num="462" falsecount="0" type="cond" truecount="0"/>
            <line num="463" count="0" type="stmt"/>
            <line num="464" count="0" type="stmt"/>
            <line num="465" count="0" type="stmt"/>
            <line num="468" count="0" type="stmt"/>
            <line num="468" falsecount="0" type="cond" truecount="0"/>
            <line num="470" count="0" type="stmt"/>
            <line num="470" falsecount="0" type="cond" truecount="0"/>
            <line num="472" count="0" type="stmt"/>
            <line num="473" count="0" type="stmt"/>
            <line num="473" falsecount="0" type="cond" truecount="0"/>
            <line num="474" count="0" type="stmt"/>
            <line num="477" count="0" type="stmt"/>
            <line num="477" falsecount="0" type="cond" truecount="0"/>
            <line num="478" count="0" type="stmt"/>
            <line num="479" count="0" type="stmt"/>
            <line num="480" count="0" type="stmt"/>
            <line num="480" falsecount="0" type="cond" truecount="0"/>
            <line num="481" count="0" type="stmt"/>
            <line num="482" count="0" type="stmt"/>
            <line num="482" falsecount="0" type="cond" truecount="0"/>
            <line num="483" count="0" type="stmt"/>
            <line num="484" count="0" type="stmt"/>
            <line num="485" count="0" type="stmt"/>
            <line num="490" count="0" type="stmt"/>
            <line num="491" count="0" type="stmt"/>
            <line num="492" count="0" type="stmt"/>
            <line num="494" count="0" type="stmt"/>
            <line num="495" count="0" type="stmt"/>
            <line num="496" count="0" type="stmt"/>
            <line num="503" count="0" type="stmt"/>
            <line num="504" count="0" type="stmt"/>
            <line num="504" count="0" type="stmt"/>
            <line num="504" count="0" type="stmt"/>
            <line num="504" falsecount="0" type="cond" truecount="0"/>
            <line num="505" count="0" type="stmt"/>
            <line num="507" count="0" type="stmt"/>
            <line num="508" count="0" type="stmt"/>
            <line num="508" count="0" type="stmt"/>
            <line num="508" count="0" type="stmt"/>
            <line num="508" falsecount="0" type="cond" truecount="0"/>
            <line num="509" count="0" type="stmt"/>
            <line num="511" count="1" type="stmt"/>
            <line num="511" count="1" type="stmt"/>
            <line num="511" count="1" type="stmt"/>
            <line num="511" falsecount="0" type="cond" truecount="1"/>
            <line num="514" count="1" type="stmt"/>
            <line num="524" count="1" visibility="public" complexity="11" type="method" signature="postBGGData(BGGGame) : Object"/>
            <line num="526" count="1" type="stmt"/>
            <line num="526" falsecount="1" type="cond" truecount="0"/>
            <line num="527" count="0" type="stmt"/>
            <line num="529" count="1" type="stmt"/>
            <line num="529" falsecount="1" type="cond" truecount="0"/>
            <line num="530" count="0" type="stmt"/>
            <line num="532" count="1" type="stmt"/>
            <line num="533" count="1" type="stmt"/>
            <line num="534" count="1" type="stmt"/>
            <line num="535" count="1" type="stmt"/>
            <line num="537" count="1" type="stmt"/>
            <line num="539" count="0" type="stmt"/>
            <line num="540" count="0" type="stmt"/>
            <line num="540" count="0" type="stmt"/>
            <line num="540" count="0" type="stmt"/>
            <line num="540" falsecount="0" type="cond" truecount="0"/>
            <line num="541" count="0" type="stmt"/>
            <line num="543" count="0" type="stmt"/>
            <line num="544" count="0" type="stmt"/>
            <line num="544" count="0" type="stmt"/>
            <line num="544" count="0" type="stmt"/>
            <line num="544" falsecount="0" type="cond" truecount="0"/>
            <line num="545" count="0" type="stmt"/>
            <line num="547" count="1" type="stmt"/>
            <line num="547" count="1" type="stmt"/>
            <line num="547" count="1" type="stmt"/>
            <line num="547" falsecount="0" type="cond" truecount="1"/>
            <line num="550" count="1" type="stmt"/>
            <line num="560" count="1" visibility="public" complexity="10" type="method" signature="deleteBGGData(long) : Object"/>
            <line num="562" count="1" type="stmt"/>
            <line num="562" falsecount="1" type="cond" truecount="0"/>
            <line num="563" count="0" type="stmt"/>
            <line num="565" count="1" type="stmt"/>
            <line num="566" count="1" type="stmt"/>
            <line num="567" count="1" type="stmt"/>
            <line num="568" count="1" type="stmt"/>
            <line num="570" count="1" type="stmt"/>
            <line num="572" count="0" type="stmt"/>
            <line num="573" count="0" type="stmt"/>
            <line num="573" count="0" type="stmt"/>
            <line num="573" count="0" type="stmt"/>
            <line num="573" falsecount="0" type="cond" truecount="0"/>
            <line num="574" count="0" type="stmt"/>
            <line num="576" count="0" type="stmt"/>
            <line num="577" count="0" type="stmt"/>
            <line num="577" count="0" type="stmt"/>
            <line num="577" count="0" type="stmt"/>
            <line num="577" falsecount="0" type="cond" truecount="0"/>
            <line num="578" count="0" type="stmt"/>
            <line num="580" count="1" type="stmt"/>
            <line num="580" count="1" type="stmt"/>
            <line num="580" count="1" type="stmt"/>
            <line num="580" falsecount="0" type="cond" truecount="1"/>
            <line num="583" count="1" type="stmt"/>
            <line num="594" count="9" visibility="private" complexity="8" type="method" signature="processHTMLRequest(String,int) : Object"/>
            <line num="596" count="9" type="stmt"/>
            <line num="597" count="9" type="stmt"/>
            <line num="598" count="9" type="stmt"/>
            <line num="599" count="9" type="stmt"/>
            <line num="601" count="9" type="stmt"/>
            <line num="602" count="9" type="stmt"/>
            <line num="603" count="9" type="stmt"/>
            <line num="606" count="9" type="stmt"/>
            <line num="609" count="9" type="stmt"/>
            <line num="610" count="9" type="stmt"/>
            <line num="610" count="1" type="stmt"/>
            <line num="610" falsecount="8" type="cond" truecount="1"/>
            <line num="611" count="8" type="stmt"/>
            <line num="613" count="9" type="stmt"/>
            <line num="615" count="0" type="stmt"/>
            <line num="616" count="0" type="stmt"/>
            <line num="618" count="0" type="stmt"/>
            <line num="618" falsecount="0" type="cond" truecount="0"/>
            <line num="619" count="0" type="stmt"/>
            <line num="620" count="0" type="stmt"/>
            <line num="622" count="0" type="stmt"/>
            <line num="623" count="0" type="stmt"/>
            <line num="624" count="0" type="stmt"/>
            <line num="627" count="0" type="stmt"/>
            <line num="627" falsecount="0" type="cond" truecount="0"/>
            <line num="628" count="0" type="stmt"/>
            <line num="629" count="0" type="stmt"/>
            <line num="631" count="0" type="stmt"/>
            <line num="632" count="0" type="stmt"/>
            <line num="633" count="0" type="stmt"/>
            <line num="636" count="0" type="stmt"/>
            <line num="637" count="0" type="stmt"/>
            <line num="638" count="0" type="stmt"/>
            <line num="652" count="0" visibility="private" complexity="3" type="method" signature="convertBGGGameToGame(BGGGame,long,long,String) : Game"/>
            <line num="653" count="0" type="stmt"/>
            <line num="654" count="0" type="stmt"/>
            <line num="655" count="0" type="stmt"/>
            <line num="656" count="0" type="stmt"/>
            <line num="657" count="0" type="stmt"/>
            <line num="658" count="0" type="stmt"/>
            <line num="659" count="0" type="stmt"/>
            <line num="660" count="0" type="stmt"/>
            <line num="661" count="0" type="stmt"/>
            <line num="662" count="0" type="stmt"/>
            <line num="663" count="0" type="stmt"/>
            <line num="664" count="0" type="stmt"/>
            <line num="665" count="0" type="stmt"/>
            <line num="666" count="0" type="stmt"/>
            <line num="667" count="0" type="stmt"/>
            <line num="668" count="0" type="stmt"/>
            <line num="669" count="0" type="stmt"/>
            <line num="670" count="0" type="stmt"/>
            <line num="671" count="0" type="stmt"/>
            <line num="674" count="0" type="stmt"/>
            <line num="674" falsecount="0" type="cond" truecount="0"/>
            <line num="675" count="0" type="stmt"/>
            <line num="677" count="0" type="stmt"/>
            <line num="679" count="0" type="stmt"/>
         </file>
         <file name="CSIDataController.java" path="/Users/ac010168/Documents/umkc/ac-games-restservice-spring/src/main/java/com/ac/games/rest/controller/CSIDataController.java">
            <metrics classes="1" methods="4" conditionals="130" ncloc="293" coveredstatements="76" coveredmethods="4" complexity="112" coveredconditionals="30" statements="233" loc="407" coveredelements="110" elements="367"/>
            <class name="CSIDataController">
               <metrics methods="4" conditionals="130" coveredstatements="76" coveredmethods="4" complexity="112" coveredconditionals="30" statements="233" coveredelements="110" elements="367"/>
            </class>
            <line num="67" count="5" visibility="public" complexity="57" type="method" signature="getCSIData(long,String,String,String) : Object"/>
            <line num="72" count="5" type="stmt"/>
            <line num="72" falsecount="5" type="cond" truecount="0"/>
            <line num="73" count="0" type="stmt"/>
            <line num="74" count="5" type="stmt"/>
            <line num="74" falsecount="5" type="cond" truecount="0"/>
            <line num="75" count="0" type="stmt"/>
            <line num="76" count="5" type="stmt"/>
            <line num="76" falsecount="5" type="cond" truecount="0"/>
            <line num="77" count="0" type="stmt"/>
            <line num="79" count="5" type="stmt"/>
            <line num="79" falsecount="5" type="cond" truecount="0"/>
            <line num="80" count="0" type="stmt"/>
            <line num="82" count="5" type="stmt"/>
            <line num="84" count="5" type="stmt"/>
            <line num="85" count="5" type="stmt"/>
            <line num="87" count="5" type="stmt"/>
            <line num="87" falsecount="2" type="cond" truecount="3"/>
            <line num="88" count="3" type="stmt"/>
            <line num="89" count="3" type="stmt"/>
            <line num="91" count="3" type="stmt"/>
            <line num="92" count="3" type="stmt"/>
            <line num="93" count="3" type="stmt"/>
            <line num="95" count="3" type="stmt"/>
            <line num="95" falsecount="3" type="cond" truecount="0"/>
            <line num="96" count="0" type="stmt"/>
            <line num="97" count="3" type="stmt"/>
            <line num="105" count="0" type="stmt"/>
            <line num="106" count="0" type="stmt"/>
            <line num="106" count="0" type="stmt"/>
            <line num="106" count="0" type="stmt"/>
            <line num="106" falsecount="0" type="cond" truecount="0"/>
            <line num="107" count="0" type="stmt"/>
            <line num="109" count="0" type="stmt"/>
            <line num="110" count="0" type="stmt"/>
            <line num="110" count="0" type="stmt"/>
            <line num="110" count="0" type="stmt"/>
            <line num="110" falsecount="0" type="cond" truecount="0"/>
            <line num="111" count="0" type="stmt"/>
            <line num="113" count="3" type="stmt"/>
            <line num="113" count="3" type="stmt"/>
            <line num="113" count="3" type="stmt"/>
            <line num="113" falsecount="0" type="cond" truecount="3"/>
            <line num="116" count="3" type="stmt"/>
            <line num="116" falsecount="2" type="cond" truecount="1"/>
            <line num="117" count="1" type="stmt"/>
            <line num="119" count="2" type="stmt"/>
            <line num="119" falsecount="0" type="cond" truecount="2"/>
            <line num="120" count="2" type="stmt"/>
            <line num="121" count="0" type="stmt"/>
            <line num="123" count="2" type="stmt"/>
            <line num="123" falsecount="0" type="cond" truecount="2"/>
            <line num="124" count="2" type="stmt"/>
            <line num="124" falsecount="2" type="cond" truecount="0"/>
            <line num="125" count="0" type="stmt"/>
            <line num="130" count="2" type="stmt"/>
            <line num="131" count="2" type="stmt"/>
            <line num="132" count="2" type="stmt"/>
            <line num="133" count="2" type="stmt"/>
            <line num="135" count="2" type="stmt"/>
            <line num="136" count="2" type="stmt"/>
            <line num="138" count="2" type="stmt"/>
            <line num="141" count="2" type="stmt"/>
            <line num="142" count="2" type="stmt"/>
            <line num="144" count="0" type="stmt"/>
            <line num="144" falsecount="0" type="cond" truecount="0"/>
            <line num="145" count="0" type="stmt"/>
            <line num="146" count="0" type="stmt"/>
            <line num="148" count="0" type="stmt"/>
            <line num="149" count="0" type="stmt"/>
            <line num="150" count="0" type="stmt"/>
            <line num="153" count="0" type="stmt"/>
            <line num="153" falsecount="0" type="cond" truecount="0"/>
            <line num="154" count="0" type="stmt"/>
            <line num="155" count="0" type="stmt"/>
            <line num="157" count="0" type="stmt"/>
            <line num="158" count="0" type="stmt"/>
            <line num="159" count="0" type="stmt"/>
            <line num="162" count="0" type="stmt"/>
            <line num="163" count="0" type="stmt"/>
            <line num="165" count="0" type="stmt"/>
            <line num="166" count="0" type="stmt"/>
            <line num="167" count="0" type="stmt"/>
            <line num="170" count="2" type="stmt"/>
            <line num="170" falsecount="0" type="cond" truecount="2"/>
            <line num="171" count="2" type="stmt"/>
            <line num="172" count="0" type="stmt"/>
            <line num="179" count="0" type="stmt"/>
            <line num="179" count="0" type="stmt"/>
            <line num="179" falsecount="0" type="cond" truecount="0"/>
            <line num="180" count="0" type="stmt"/>
            <line num="180" count="0" type="stmt"/>
            <line num="180" falsecount="0" type="cond" truecount="0"/>
            <line num="181" count="0" type="stmt"/>
            <line num="181" count="0" type="stmt"/>
            <line num="181" falsecount="0" type="cond" truecount="0"/>
            <line num="182" count="0" type="stmt"/>
            <line num="182" count="0" type="stmt"/>
            <line num="182" falsecount="0" type="cond" truecount="0"/>
            <line num="184" count="0" type="stmt"/>
            <line num="184" count="0" type="stmt"/>
            <line num="184" falsecount="0" type="cond" truecount="0"/>
            <line num="185" count="0" type="stmt"/>
            <line num="185" falsecount="0" type="cond" truecount="0"/>
            <line num="186" count="0" type="stmt"/>
            <line num="186" falsecount="0" type="cond" truecount="0"/>
            <line num="187" count="0" type="stmt"/>
            <line num="189" count="0" type="stmt"/>
            <line num="189" count="0" type="stmt"/>
            <line num="189" falsecount="0" type="cond" truecount="0"/>
            <line num="190" count="0" type="stmt"/>
            <line num="190" falsecount="0" type="cond" truecount="0"/>
            <line num="191" count="0" type="stmt"/>
            <line num="191" falsecount="0" type="cond" truecount="0"/>
            <line num="192" count="0" type="stmt"/>
            <line num="194" count="0" type="stmt"/>
            <line num="194" count="0" type="stmt"/>
            <line num="194" falsecount="0" type="cond" truecount="0"/>
            <line num="195" count="0" type="stmt"/>
            <line num="195" falsecount="0" type="cond" truecount="0"/>
            <line num="196" count="0" type="stmt"/>
            <line num="196" falsecount="0" type="cond" truecount="0"/>
            <line num="197" count="0" type="stmt"/>
            <line num="200" count="0" type="stmt"/>
            <line num="200" falsecount="0" type="cond" truecount="0"/>
            <line num="201" count="0" type="stmt"/>
            <line num="202" count="0" type="stmt"/>
            <line num="203" count="0" type="stmt"/>
            <line num="204" count="0" type="stmt"/>
            <line num="206" count="0" type="stmt"/>
            <line num="208" count="0" type="stmt"/>
            <line num="209" count="0" type="stmt"/>
            <line num="209" count="0" type="stmt"/>
            <line num="209" count="0" type="stmt"/>
            <line num="209" falsecount="0" type="cond" truecount="0"/>
            <line num="210" count="0" type="stmt"/>
            <line num="212" count="0" type="stmt"/>
            <line num="213" count="0" type="stmt"/>
            <line num="213" count="0" type="stmt"/>
            <line num="213" count="0" type="stmt"/>
            <line num="213" falsecount="0" type="cond" truecount="0"/>
            <line num="214" count="0" type="stmt"/>
            <line num="216" count="0" type="stmt"/>
            <line num="216" count="0" type="stmt"/>
            <line num="216" count="0" type="stmt"/>
            <line num="216" falsecount="0" type="cond" truecount="0"/>
            <line num="219" count="0" type="stmt"/>
            <line num="230" count="1" visibility="public" complexity="34" type="method" signature="putCSIData(long,String,long,CoolStuffIncPriceData) : Object"/>
            <line num="235" count="1" type="stmt"/>
            <line num="235" falsecount="1" type="cond" truecount="0"/>
            <line num="236" count="0" type="stmt"/>
            <line num="237" count="1" type="stmt"/>
            <line num="237" falsecount="1" type="cond" truecount="0"/>
            <line num="238" count="0" type="stmt"/>
            <line num="239" count="1" type="stmt"/>
            <line num="239" falsecount="1" type="cond" truecount="0"/>
            <line num="240" count="0" type="stmt"/>
            <line num="241" count="1" type="stmt"/>
            <line num="241" falsecount="1" type="cond" truecount="0"/>
            <line num="242" count="0" type="stmt"/>
            <line num="244" count="1" type="stmt"/>
            <line num="244" falsecount="1" type="cond" truecount="0"/>
            <line num="246" count="0" type="stmt"/>
            <line num="248" count="1" type="stmt"/>
            <line num="249" count="1" type="stmt"/>
            <line num="249" count="0" type="stmt"/>
            <line num="249" falsecount="1" type="cond" truecount="0"/>
            <line num="250" count="1" type="stmt"/>
            <line num="250" count="0" type="stmt"/>
            <line num="250" falsecount="1" type="cond" truecount="0"/>
            <line num="251" count="1" type="stmt"/>
            <line num="251" count="0" type="stmt"/>
            <line num="251" falsecount="1" type="cond" truecount="0"/>
            <line num="253" count="1" type="stmt"/>
            <line num="253" falsecount="1" type="cond" truecount="0"/>
            <line num="254" count="0" type="stmt"/>
            <line num="256" count="1" type="stmt"/>
            <line num="257" count="1" type="stmt"/>
            <line num="258" count="1" type="stmt"/>
            <line num="259" count="1" type="stmt"/>
            <line num="261" count="1" type="stmt"/>
            <line num="261" falsecount="0" type="cond" truecount="1"/>
            <line num="262" count="1" type="stmt"/>
            <line num="265" count="0" type="stmt"/>
            <line num="266" count="0" type="stmt"/>
            <line num="266" falsecount="0" type="cond" truecount="0"/>
            <line num="267" count="0" type="stmt"/>
            <line num="270" count="0" type="stmt"/>
            <line num="270" falsecount="0" type="cond" truecount="0"/>
            <line num="273" count="0" type="stmt"/>
            <line num="274" count="0" type="stmt"/>
            <line num="274" falsecount="0" type="cond" truecount="0"/>
            <line num="275" count="0" type="stmt"/>
            <line num="277" count="0" type="stmt"/>
            <line num="278" count="0" type="stmt"/>
            <line num="278" falsecount="0" type="cond" truecount="0"/>
            <line num="279" count="0" type="stmt"/>
            <line num="280" count="0" type="stmt"/>
            <line num="281" count="0" type="stmt"/>
            <line num="283" count="0" type="stmt"/>
            <line num="284" count="0" type="stmt"/>
            <line num="286" count="0" type="stmt"/>
            <line num="287" count="0" type="stmt"/>
            <line num="288" count="0" type="stmt"/>
            <line num="288" falsecount="0" type="cond" truecount="0"/>
            <line num="290" count="0" type="stmt"/>
            <line num="290" falsecount="0" type="cond" truecount="0"/>
            <line num="292" count="0" type="stmt"/>
            <line num="293" count="0" type="stmt"/>
            <line num="293" falsecount="0" type="cond" truecount="0"/>
            <line num="294" count="0" type="stmt"/>
            <line num="296" count="0" type="stmt"/>
            <line num="297" count="0" type="stmt"/>
            <line num="297" falsecount="0" type="cond" truecount="0"/>
            <line num="298" count="0" type="stmt"/>
            <line num="298" falsecount="0" type="cond" truecount="0"/>
            <line num="299" count="0" type="stmt"/>
            <line num="300" count="0" type="stmt"/>
            <line num="300" falsecount="0" type="cond" truecount="0"/>
            <line num="301" count="0" type="stmt"/>
            <line num="302" count="0" type="stmt"/>
            <line num="305" count="0" type="stmt"/>
            <line num="306" count="0" type="stmt"/>
            <line num="308" count="0" type="stmt"/>
            <line num="309" count="0" type="stmt"/>
            <line num="311" count="0" type="stmt"/>
            <line num="312" count="0" type="stmt"/>
            <line num="315" count="0" type="stmt"/>
            <line num="316" count="0" type="stmt"/>
            <line num="318" count="0" type="stmt"/>
            <line num="325" count="0" type="stmt"/>
            <line num="326" count="0" type="stmt"/>
            <line num="326" count="0" type="stmt"/>
            <line num="326" count="0" type="stmt"/>
            <line num="326" falsecount="0" type="cond" truecount="0"/>
            <line num="327" count="0" type="stmt"/>
            <line num="329" count="0" type="stmt"/>
            <line num="330" count="0" type="stmt"/>
            <line num="330" count="0" type="stmt"/>
            <line num="330" count="0" type="stmt"/>
            <line num="330" falsecount="0" type="cond" truecount="0"/>
            <line num="331" count="0" type="stmt"/>
            <line num="333" count="1" type="stmt"/>
            <line num="333" count="1" type="stmt"/>
            <line num="333" count="1" type="stmt"/>
            <line num="333" falsecount="0" type="cond" truecount="1"/>
            <line num="336" count="1" type="stmt"/>
            <line num="346" count="1" visibility="public" complexity="11" type="method" signature="postCSIData(CoolStuffIncPriceData) : Object"/>
            <line num="348" count="1" type="stmt"/>
            <line num="348" falsecount="1" type="cond" truecount="0"/>
            <line num="349" count="0" type="stmt"/>
            <line num="351" count="1" type="stmt"/>
            <line num="351" falsecount="1" type="cond" truecount="0"/>
            <line num="352" count="0" type="stmt"/>
            <line num="354" count="1" type="stmt"/>
            <line num="355" count="1" type="stmt"/>
            <line num="356" count="1" type="stmt"/>
            <line num="357" count="1" type="stmt"/>
            <line num="359" count="1" type="stmt"/>
            <line num="361" count="0" type="stmt"/>
            <line num="362" count="0" type="stmt"/>
            <line num="362" count="0" type="stmt"/>
            <line num="362" count="0" type="stmt"/>
            <line num="362" falsecount="0" type="cond" truecount="0"/>
            <line num="363" count="0" type="stmt"/>
            <line num="365" count="0" type="stmt"/>
            <line num="366" count="0" type="stmt"/>
            <line num="366" count="0" type="stmt"/>
            <line num="366" count="0" type="stmt"/>
            <line num="366" falsecount="0" type="cond" truecount="0"/>
            <line num="367" count="0" type="stmt"/>
            <line num="369" count="1" type="stmt"/>
            <line num="369" count="1" type="stmt"/>
            <line num="369" count="1" type="stmt"/>
            <line num="369" falsecount="0" type="cond" truecount="1"/>
            <line num="372" count="1" type="stmt"/>
            <line num="382" count="1" visibility="public" complexity="10" type="method" signature="deleteCSIData(long) : Object"/>
            <line num="384" count="1" type="stmt"/>
            <line num="384" falsecount="1" type="cond" truecount="0"/>
            <line num="385" count="0" type="stmt"/>
            <line num="387" count="1" type="stmt"/>
            <line num="388" count="1" type="stmt"/>
            <line num="389" count="1" type="stmt"/>
            <line num="390" count="1" type="stmt"/>
            <line num="392" count="1" type="stmt"/>
            <line num="394" count="0" type="stmt"/>
            <line num="395" count="0" type="stmt"/>
            <line num="395" count="0" type="stmt"/>
            <line num="395" count="0" type="stmt"/>
            <line num="395" falsecount="0" type="cond" truecount="0"/>
            <line num="396" count="0" type="stmt"/>
            <line num="398" count="0" type="stmt"/>
            <line num="399" count="0" type="stmt"/>
            <line num="399" count="0" type="stmt"/>
            <line num="399" count="0" type="stmt"/>
            <line num="399" falsecount="0" type="cond" truecount="0"/>
            <line num="400" count="0" type="stmt"/>
            <line num="402" count="1" type="stmt"/>
            <line num="402" count="1" type="stmt"/>
            <line num="402" count="1" type="stmt"/>
            <line num="402" falsecount="0" type="cond" truecount="1"/>
            <line num="405" count="1" type="stmt"/>
         </file>
         <file name="CollectionController.java" path="/Users/ac010168/Documents/umkc/ac-games-restservice-spring/src/main/java/com/ac/games/rest/controller/CollectionController.java">
            <metrics classes="1" methods="4" conditionals="44" ncloc="126" coveredstatements="51" coveredmethods="4" complexity="47" coveredconditionals="14" statements="102" loc="198" coveredelements="69" elements="150"/>
            <class name="CollectionController">
               <metrics methods="4" conditionals="44" coveredstatements="51" coveredmethods="4" complexity="47" coveredconditionals="14" statements="102" coveredelements="69" elements="150"/>
            </class>
            <line num="47" count="3" visibility="public" complexity="11" type="method" signature="getCollection(long) : Object"/>
            <line num="49" count="3" type="stmt"/>
            <line num="49" falsecount="3" type="cond" truecount="0"/>
            <line num="50" count="0" type="stmt"/>
            <line num="52" count="3" type="stmt"/>
            <line num="53" count="3" type="stmt"/>
            <line num="54" count="3" type="stmt"/>
            <line num="55" count="3" type="stmt"/>
            <line num="56" count="3" type="stmt"/>
            <line num="58" count="3" type="stmt"/>
            <line num="60" count="0" type="stmt"/>
            <line num="61" count="0" type="stmt"/>
            <line num="61" count="0" type="stmt"/>
            <line num="61" count="0" type="stmt"/>
            <line num="61" falsecount="0" type="cond" truecount="0"/>
            <line num="62" count="0" type="stmt"/>
            <line num="64" count="0" type="stmt"/>
            <line num="65" count="0" type="stmt"/>
            <line num="65" count="0" type="stmt"/>
            <line num="65" count="0" type="stmt"/>
            <line num="65" falsecount="0" type="cond" truecount="0"/>
            <line num="66" count="0" type="stmt"/>
            <line num="68" count="3" type="stmt"/>
            <line num="68" count="3" type="stmt"/>
            <line num="68" count="3" type="stmt"/>
            <line num="68" falsecount="0" type="cond" truecount="3"/>
            <line num="71" count="3" type="stmt"/>
            <line num="71" falsecount="2" type="cond" truecount="1"/>
            <line num="72" count="1" type="stmt"/>
            <line num="73" count="2" type="stmt"/>
            <line num="86" count="1" visibility="public" complexity="12" type="method" signature="putCollection(long,Collection) : Object"/>
            <line num="89" count="1" type="stmt"/>
            <line num="89" falsecount="1" type="cond" truecount="0"/>
            <line num="90" count="0" type="stmt"/>
            <line num="91" count="1" type="stmt"/>
            <line num="91" falsecount="1" type="cond" truecount="0"/>
            <line num="92" count="0" type="stmt"/>
            <line num="93" count="1" type="stmt"/>
            <line num="93" falsecount="1" type="cond" truecount="0"/>
            <line num="94" count="0" type="stmt"/>
            <line num="96" count="1" type="stmt"/>
            <line num="97" count="1" type="stmt"/>
            <line num="98" count="1" type="stmt"/>
            <line num="99" count="1" type="stmt"/>
            <line num="101" count="1" type="stmt"/>
            <line num="103" count="0" type="stmt"/>
            <line num="104" count="0" type="stmt"/>
            <line num="104" count="0" type="stmt"/>
            <line num="104" count="0" type="stmt"/>
            <line num="104" falsecount="0" type="cond" truecount="0"/>
            <line num="105" count="0" type="stmt"/>
            <line num="107" count="0" type="stmt"/>
            <line num="108" count="0" type="stmt"/>
            <line num="108" count="0" type="stmt"/>
            <line num="108" count="0" type="stmt"/>
            <line num="108" falsecount="0" type="cond" truecount="0"/>
            <line num="109" count="0" type="stmt"/>
            <line num="111" count="1" type="stmt"/>
            <line num="111" count="1" type="stmt"/>
            <line num="111" count="1" type="stmt"/>
            <line num="111" falsecount="0" type="cond" truecount="1"/>
            <line num="114" count="1" type="stmt"/>
            <line num="125" count="1" visibility="public" complexity="11" type="method" signature="postCollection(Collection) : Object"/>
            <line num="127" count="1" type="stmt"/>
            <line num="127" falsecount="1" type="cond" truecount="0"/>
            <line num="128" count="0" type="stmt"/>
            <line num="130" count="1" type="stmt"/>
            <line num="131" count="1" type="stmt"/>
            <line num="132" count="1" type="stmt"/>
            <line num="133" count="1" type="stmt"/>
            <line num="135" count="1" type="stmt"/>
            <line num="135" falsecount="1" type="cond" truecount="0"/>
            <line num="136" count="0" type="stmt"/>
            <line num="138" count="1" type="stmt"/>
            <line num="140" count="0" type="stmt"/>
            <line num="141" count="0" type="stmt"/>
            <line num="141" count="0" type="stmt"/>
            <line num="141" count="0" type="stmt"/>
            <line num="141" falsecount="0" type="cond" truecount="0"/>
            <line num="142" count="0" type="stmt"/>
            <line num="144" count="0" type="stmt"/>
            <line num="145" count="0" type="stmt"/>
            <line num="145" count="0" type="stmt"/>
            <line num="145" count="0" type="stmt"/>
            <line num="145" falsecount="0" type="cond" truecount="0"/>
            <line num="146" count="0" type="stmt"/>
            <line num="148" count="1" type="stmt"/>
            <line num="148" count="1" type="stmt"/>
            <line num="148" count="1" type="stmt"/>
            <line num="148" falsecount="0" type="cond" truecount="1"/>
            <line num="151" count="1" type="stmt"/>
            <line num="161" count="1" visibility="public" complexity="13" type="method" signature="deleteCollection(long) : Object"/>
            <line num="163" count="1" type="stmt"/>
            <line num="163" falsecount="1" type="cond" truecount="0"/>
            <line num="164" count="0" type="stmt"/>
            <line num="166" count="1" type="stmt"/>
            <line num="167" count="1" type="stmt"/>
            <line num="168" count="1" type="stmt"/>
            <line num="169" count="1" type="stmt"/>
            <line num="172" count="1" type="stmt"/>
            <line num="173" count="1" type="stmt"/>
            <line num="173" falsecount="1" type="cond" truecount="0"/>
            <line num="174" count="0" type="stmt"/>
            <line num="174" count="0" type="stmt"/>
            <line num="174" count="0" type="stmt"/>
            <line num="174" falsecount="0" type="cond" truecount="0"/>
            <line num="175" count="0" type="stmt"/>
            <line num="179" count="1" type="stmt"/>
            <line num="180" count="1" type="stmt"/>
            <line num="181" count="1" type="stmt"/>
            <line num="182" count="1" type="stmt"/>
            <line num="185" count="0" type="stmt"/>
            <line num="186" count="0" type="stmt"/>
            <line num="186" count="0" type="stmt"/>
            <line num="186" count="0" type="stmt"/>
            <line num="186" falsecount="0" type="cond" truecount="0"/>
            <line num="187" count="0" type="stmt"/>
            <line num="189" count="0" type="stmt"/>
            <line num="190" count="0" type="stmt"/>
            <line num="190" count="0" type="stmt"/>
            <line num="190" count="0" type="stmt"/>
            <line num="190" falsecount="0" type="cond" truecount="0"/>
            <line num="191" count="0" type="stmt"/>
            <line num="193" count="1" type="stmt"/>
            <line num="193" count="1" type="stmt"/>
            <line num="193" count="1" type="stmt"/>
            <line num="193" falsecount="0" type="cond" truecount="1"/>
            <line num="196" count="1" type="stmt"/>
         </file>
         <file name="CollectionItemController.java" path="/Users/ac010168/Documents/umkc/ac-games-restservice-spring/src/main/java/com/ac/games/rest/controller/CollectionItemController.java">
            <metrics classes="1" methods="4" conditionals="44" ncloc="121" coveredstatements="48" coveredmethods="4" complexity="47" coveredconditionals="14" statements="99" loc="184" coveredelements="66" elements="147"/>
            <class name="CollectionItemController">
               <metrics methods="4" conditionals="44" coveredstatements="48" coveredmethods="4" complexity="47" coveredconditionals="14" statements="99" coveredelements="66" elements="147"/>
            </class>
            <line num="37" count="3" visibility="public" complexity="11" type="method" signature="getCollectionItem(long) : Object"/>
            <line num="39" count="3" type="stmt"/>
            <line num="39" falsecount="3" type="cond" truecount="0"/>
            <line num="40" count="0" type="stmt"/>
            <line num="42" count="3" type="stmt"/>
            <line num="43" count="3" type="stmt"/>
            <line num="44" count="3" type="stmt"/>
            <line num="45" count="3" type="stmt"/>
            <line num="46" count="3" type="stmt"/>
            <line num="48" count="3" type="stmt"/>
            <line num="50" count="0" type="stmt"/>
            <line num="51" count="0" type="stmt"/>
            <line num="51" count="0" type="stmt"/>
            <line num="51" count="0" type="stmt"/>
            <line num="51" falsecount="0" type="cond" truecount="0"/>
            <line num="52" count="0" type="stmt"/>
            <line num="54" count="0" type="stmt"/>
            <line num="55" count="0" type="stmt"/>
            <line num="55" count="0" type="stmt"/>
            <line num="55" count="0" type="stmt"/>
            <line num="55" falsecount="0" type="cond" truecount="0"/>
            <line num="56" count="0" type="stmt"/>
            <line num="58" count="3" type="stmt"/>
            <line num="58" count="3" type="stmt"/>
            <line num="58" count="3" type="stmt"/>
            <line num="58" falsecount="0" type="cond" truecount="3"/>
            <line num="61" count="3" type="stmt"/>
            <line num="61" falsecount="2" type="cond" truecount="1"/>
            <line num="62" count="1" type="stmt"/>
            <line num="63" count="2" type="stmt"/>
            <line num="76" count="1" visibility="public" complexity="12" type="method" signature="putCollectionItem(long,CollectionItem) : Object"/>
            <line num="79" count="1" type="stmt"/>
            <line num="79" falsecount="1" type="cond" truecount="0"/>
            <line num="80" count="0" type="stmt"/>
            <line num="81" count="1" type="stmt"/>
            <line num="81" falsecount="1" type="cond" truecount="0"/>
            <line num="82" count="0" type="stmt"/>
            <line num="83" count="1" type="stmt"/>
            <line num="83" falsecount="1" type="cond" truecount="0"/>
            <line num="84" count="0" type="stmt"/>
            <line num="86" count="1" type="stmt"/>
            <line num="87" count="1" type="stmt"/>
            <line num="88" count="1" type="stmt"/>
            <line num="89" count="1" type="stmt"/>
            <line num="91" count="1" type="stmt"/>
            <line num="93" count="0" type="stmt"/>
            <line num="94" count="0" type="stmt"/>
            <line num="94" count="0" type="stmt"/>
            <line num="94" count="0" type="stmt"/>
            <line num="94" falsecount="0" type="cond" truecount="0"/>
            <line num="95" count="0" type="stmt"/>
            <line num="97" count="0" type="stmt"/>
            <line num="98" count="0" type="stmt"/>
            <line num="98" count="0" type="stmt"/>
            <line num="98" count="0" type="stmt"/>
            <line num="98" falsecount="0" type="cond" truecount="0"/>
            <line num="99" count="0" type="stmt"/>
            <line num="101" count="1" type="stmt"/>
            <line num="101" count="1" type="stmt"/>
            <line num="101" count="1" type="stmt"/>
            <line num="101" falsecount="0" type="cond" truecount="1"/>
            <line num="104" count="1" type="stmt"/>
            <line num="115" count="1" visibility="public" complexity="11" type="method" signature="postCollectionItem(CollectionItem) : Object"/>
            <line num="117" count="1" type="stmt"/>
            <line num="117" falsecount="1" type="cond" truecount="0"/>
            <line num="118" count="0" type="stmt"/>
            <line num="120" count="1" type="stmt"/>
            <line num="121" count="1" type="stmt"/>
            <line num="122" count="1" type="stmt"/>
            <line num="123" count="1" type="stmt"/>
            <line num="125" count="1" type="stmt"/>
            <line num="125" falsecount="1" type="cond" truecount="0"/>
            <line num="126" count="0" type="stmt"/>
            <line num="128" count="1" type="stmt"/>
            <line num="130" count="0" type="stmt"/>
            <line num="131" count="0" type="stmt"/>
            <line num="131" count="0" type="stmt"/>
[...]
            <line num="140" count="1" type="stmt"/>
            <line num="142" count="1" type="stmt"/>
            <line num="143" count="1" type="stmt"/>
            <line num="144" count="1" type="stmt"/>
            <line num="146" count="1" type="stmt"/>
            <line num="147" count="1" type="stmt"/>
            <line num="148" count="1" type="stmt"/>
            <line num="150" count="1" type="stmt"/>
            <line num="151" count="1" type="stmt"/>
            <line num="162" count="1" type="stmt"/>
            <line num="164" count="1" type="stmt"/>
            <line num="176" count="1" type="stmt"/>
            <line num="177" count="1" type="stmt"/>
            <line num="178" count="1" type="stmt"/>
            <line num="179" count="1" type="stmt"/>
            <line num="181" count="1" type="stmt"/>
            <line num="193" count="1" type="stmt"/>
            <line num="195" count="1" type="stmt"/>
            <line num="206" count="1" type="stmt"/>
            <line num="207" count="1" type="stmt"/>
            <line num="217" count="1" type="stmt"/>
            <line num="218" count="1" type="stmt"/>
         </file>
         <file name="CollectionItemControllerTest.java" path="/Users/ac010168/Documents/umkc/ac-games-restservice-spring/src/test/java/com/ac/games/rest/test/CollectionItemControllerTest.java">
            <metrics classes="1" methods="3" conditionals="0" ncloc="175" coveredstatements="60" coveredmethods="3" complexity="5" coveredconditionals="0" statements="63" loc="221" coveredelements="63" elements="66"/>
            <class name="CollectionItemControllerTest">
               <metrics conditionals="0" methods="3" coveredstatements="60" complexity="5" testpasses="1" testruns="1" coveredmethods="3" coveredconditionals="0" statements="63" testfailures="0" coveredelements="63" elements="66" testduration="1.032"/>
            </class>
            <line num="46" count="1" visibility="public" complexity="2" type="method" signature="setup() : void"/>
            <line num="49" count="1" type="stmt"/>
            <line num="50" count="1" type="stmt"/>
            <line num="51" count="1" type="stmt"/>
            <line num="52" count="1" type="stmt"/>
            <line num="53" count="1" type="stmt"/>
            <line num="55" count="1" type="stmt"/>
            <line num="57" count="0" type="stmt"/>
            <line num="58" count="0" type="stmt"/>
            <line num="62" count="1" visibility="public" complexity="2" type="method" signature="tearDown() : void"/>
            <line num="64" count="1" type="stmt"/>
            <line num="65" count="1" type="stmt"/>
            <line num="67" count="0" type="stmt"/>
            <line num="83" testsuccess="true" count="1" visibility="public" complexity="1" type="method" testduration="1.032" signature="testGameController() : void"/>
            <line num="85" count="1" type="stmt"/>
            <line num="87" count="1" type="stmt"/>
            <line num="89" count="1" type="stmt"/>
            <line num="106" count="1" type="stmt"/>
            <line num="107" count="1" type="stmt"/>
            <line num="109" count="1" type="stmt"/>
            <line num="110" count="1" type="stmt"/>
            <line num="111" count="1" type="stmt"/>
            <line num="112" count="1" type="stmt"/>
            <line num="113" count="1" type="stmt"/>
            <line num="114" count="1" type="stmt"/>
            <line num="115" count="1" type="stmt"/>
            <line num="116" count="1" type="stmt"/>
            <line num="117" count="1" type="stmt"/>
            <line num="118" count="1" type="stmt"/>
            <line num="119" count="1" type="stmt"/>
            <line num="120" count="1" type="stmt"/>
            <line num="121" count="1" type="stmt"/>
            <line num="122" count="1" type="stmt"/>
            <line num="123" count="1" type="stmt"/>
            <line num="124" count="1" type="stmt"/>
            <line num="125" count="1" type="stmt"/>
            <line num="126" count="1" type="stmt"/>
            <line num="127" count="1" type="stmt"/>
            <line num="128" count="1" type="stmt"/>
            <line num="129" count="1" type="stmt"/>
            <line num="131" count="1" type="stmt"/>
            <line num="133" count="1" type="stmt"/>
            <line num="134" count="1" type="stmt"/>
            <line num="135" count="1" type="stmt"/>
            <line num="136" count="1" type="stmt"/>
            <line num="137" count="1" type="stmt"/>
            <line num="138" count="1" type="stmt"/>
            <line num="139" count="1" type="stmt"/>
            <line num="141" count="1" type="stmt"/>
            <line num="142" count="1" type="stmt"/>
            <line num="143" count="1" type="stmt"/>
            <line num="145" count="1" type="stmt"/>
            <line num="146" count="1" type="stmt"/>
            <line num="157" count="1" type="stmt"/>
            <line num="159" count="1" type="stmt"/>
            <line num="171" count="1" type="stmt"/>
            <line num="172" count="1" type="stmt"/>
            <line num="173" count="1" type="stmt"/>
            <line num="174" count="1" type="stmt"/>
            <line num="176" count="1" type="stmt"/>
            <line num="188" count="1" type="stmt"/>
            <line num="190" count="1" type="stmt"/>
            <line num="200" count="1" type="stmt"/>
            <line num="201" count="1" type="stmt"/>
            <line num="211" count="1" type="stmt"/>
            <line num="212" count="1" type="stmt"/>
         </file>
         <file name="GameControllerTest.java" path="/Users/ac010168/Documents/umkc/ac-games-restservice-spring/src/test/java/com/ac/games/rest/test/GameControllerTest.java">
            <metrics classes="1" methods="3" conditionals="0" ncloc="166" coveredstatements="49" coveredmethods="3" complexity="5" coveredconditionals="0" statements="52" loc="212" coveredelements="52" elements="55"/>
            <class name="GameControllerTest">
               <metrics conditionals="0" methods="3" coveredstatements="49" complexity="5" testpasses="1" testruns="1" coveredmethods="3" coveredconditionals="0" statements="52" testfailures="0" coveredelements="52" elements="55" testduration="0.85"/>
            </class>
            <line num="40" count="1" visibility="public" complexity="2" type="method" signature="setup() : void"/>
            <line num="43" count="1" type="stmt"/>
            <line num="44" count="1" type="stmt"/>
            <line num="45" count="1" type="stmt"/>
            <line num="46" count="1" type="stmt"/>
            <line num="47" count="1" type="stmt"/>
            <line num="49" count="1" type="stmt"/>
            <line num="51" count="0" type="stmt"/>
            <line num="52" count="0" type="stmt"/>
            <line num="56" count="1" visibility="public" complexity="2" type="method" signature="tearDown() : void"/>
            <line num="58" count="1" type="stmt"/>
            <line num="59" count="1" type="stmt"/>
            <line num="61" count="0" type="stmt"/>
            <line num="80" testsuccess="true" count="1" visibility="public" complexity="1" type="method" testduration="0.85" signature="testGameController() : void"/>
            <line num="82" count="1" type="stmt"/>
            <line num="84" count="1" type="stmt"/>
            <line num="86" count="1" type="stmt"/>
            <line num="103" count="1" type="stmt"/>
            <line num="104" count="1" type="stmt"/>
            <line num="106" count="1" type="stmt"/>
            <line num="107" count="1" type="stmt"/>
            <line num="108" count="1" type="stmt"/>
            <line num="109" count="1" type="stmt"/>
            <line num="110" count="1" type="stmt"/>
            <line num="111" count="1" type="stmt"/>
            <line num="112" count="1" type="stmt"/>
            <line num="113" count="1" type="stmt"/>
            <line num="114" count="1" type="stmt"/>
            <line num="115" count="1" type="stmt"/>
            <line num="116" count="1" type="stmt"/>
            <line num="117" count="1" type="stmt"/>
            <line num="118" count="1" type="stmt"/>
            <line num="119" count="1" type="stmt"/>
            <line num="120" count="1" type="stmt"/>
            <line num="121" count="1" type="stmt"/>
            <line num="122" count="1" type="stmt"/>
            <line num="123" count="1" type="stmt"/>
            <line num="124" count="1" type="stmt"/>
            <line num="125" count="1" type="stmt"/>
            <line num="126" count="1" type="stmt"/>
            <line num="128" count="1" type="stmt"/>
            <line num="130" count="1" type="stmt"/>
            <line num="131" count="1" type="stmt"/>
            <line num="142" count="1" type="stmt"/>
            <line num="144" count="1" type="stmt"/>
            <line num="162" count="1" type="stmt"/>
            <line num="163" count="1" type="stmt"/>
            <line num="164" count="1" type="stmt"/>
            <line num="166" count="1" type="stmt"/>
            <line num="178" count="1" type="stmt"/>
            <line num="180" count="1" type="stmt"/>
            <line num="191" count="1" type="stmt"/>
            <line num="192" count="1" type="stmt"/>
            <line num="202" count="1" type="stmt"/>
            <line num="203" count="1" type="stmt"/>
         </file>
         <file name="GameReltnControllerTest.java" path="/Users/ac010168/Documents/umkc/ac-games-restservice-spring/src/test/java/com/ac/games/rest/test/GameReltnControllerTest.java">
            <metrics classes="1" methods="3" conditionals="0" ncloc="141" coveredstatements="42" coveredmethods="3" complexity="5" coveredconditionals="0" statements="45" loc="183" coveredelements="45" elements="48"/>
            <class name="GameReltnControllerTest">
               <metrics conditionals="0" methods="3" coveredstatements="42" complexity="5" testpasses="1" testruns="1" coveredmethods="3" coveredconditionals="0" statements="45" testfailures="0" coveredelements="45" elements="48" testduration="0.332"/>
            </class>
            <line num="41" count="1" visibility="public" complexity="2" type="method" signature="setup() : void"/>
            <line num="44" count="1" type="stmt"/>
            <line num="45" count="1" type="stmt"/>
            <line num="46" count="1" type="stmt"/>
            <line num="47" count="1" type="stmt"/>
            <line num="48" count="1" type="stmt"/>
            <line num="50" count="1" type="stmt"/>
            <line num="52" count="0" type="stmt"/>
            <line num="53" count="0" type="stmt"/>
            <line num="57" count="1" visibility="public" complexity="2" type="method" signature="tearDown() : void"/>
            <line num="59" count="1" type="stmt"/>
            <line num="60" count="1" type="stmt"/>
            <line num="62" count="0" type="stmt"/>
            <line num="78" testsuccess="true" count="1" visibility="public" complexity="1" type="method" testduration="0.332" signature="testGameController() : void"/>
            <line num="80" count="1" type="stmt"/>
            <line num="82" count="1" type="stmt"/>
            <line num="83" count="1" type="stmt"/>
            <line num="84" count="1" type="stmt"/>
            <line num="85" count="1" type="stmt"/>
            <line num="86" count="1" type="stmt"/>
            <line num="87" count="1" type="stmt"/>
            <line num="88" count="1" type="stmt"/>
            <line num="89" count="1" type="stmt"/>
            <line num="90" count="1" type="stmt"/>
            <line num="91" count="1" type="stmt"/>
            <line num="92" count="1" type="stmt"/>
            <line num="94" count="1" type="stmt"/>
            <line num="95" count="1" type="stmt"/>
            <line num="96" count="1" type="stmt"/>
            <line num="99" count="1" type="stmt"/>
            <line num="101" count="1" type="stmt"/>
            <line num="102" count="1" type="stmt"/>
            <line num="113" count="1" type="stmt"/>
            <line num="115" count="1" type="stmt"/>
            <line num="129" count="1" type="stmt"/>
            <line num="130" count="1" type="stmt"/>
            <line num="131" count="1" type="stmt"/>
            <line num="132" count="1" type="stmt"/>
            <line num="133" count="1" type="stmt"/>
            <line num="134" count="1" type="stmt"/>
            <line num="135" count="1" type="stmt"/>
            <line num="137" count="1" type="stmt"/>
            <line num="149" count="1" type="stmt"/>
            <line num="151" count="1" type="stmt"/>
            <line num="162" count="1" type="stmt"/>
            <line num="163" count="1" type="stmt"/>
            <line num="173" count="1" type="stmt"/>
            <line num="174" count="1" type="stmt"/>
         </file>
         <file name="MMControllerTest.java" path="/Users/ac010168/Documents/umkc/ac-games-restservice-spring/src/test/java/com/ac/games/rest/test/MMControllerTest.java">
            <metrics classes="1" methods="3" conditionals="0" ncloc="136" coveredstatements="27" coveredmethods="3" complexity="5" coveredconditionals="0" statements="30" loc="178" coveredelements="30" elements="33"/>
            <class name="MMControllerTest">
               <metrics conditionals="0" methods="3" coveredstatements="27" complexity="5" testpasses="1" testruns="1" coveredmethods="3" coveredconditionals="0" statements="30" testfailures="0" coveredelements="30" elements="33" testduration="10.727"/>
            </class>
            <line num="37" count="1" visibility="public" complexity="2" type="method" signature="setup() : void"/>
            <line num="40" count="1" type="stmt"/>
            <line num="41" count="1" type="stmt"/>
            <line num="42" count="1" type="stmt"/>
            <line num="43" count="1" type="stmt"/>
            <line num="44" count="1" type="stmt"/>
            <line num="46" count="1" type="stmt"/>
            <line num="48" count="0" type="stmt"/>
            <line num="49" count="0" type="stmt"/>
            <line num="53" count="1" visibility="public" complexity="2" type="method" signature="tearDown() : void"/>
            <line num="55" count="1" type="stmt"/>
            <line num="56" count="1" type="stmt"/>
            <line num="58" count="0" type="stmt"/>
            <line num="76" testsuccess="true" count="1" visibility="public" complexity="1" type="method" testduration="10.727" signature="testMMData() : void"/>
            <line num="78" count="1" type="stmt"/>
            <line num="80" count="1" type="stmt"/>
            <line num="82" count="1" type="stmt"/>
            <line num="96" count="1" type="stmt"/>
            <line num="97" count="1" type="stmt"/>
            <line num="99" count="1" type="stmt"/>
            <line num="100" count="1" type="stmt"/>
            <line num="111" count="1" type="stmt"/>
            <line num="112" count="1" type="stmt"/>
            <line num="126" count="1" type="stmt"/>
            <line num="127" count="1" type="stmt"/>
            <line num="129" count="1" type="stmt"/>
            <line num="131" count="1" type="stmt"/>
            <line num="143" count="1" type="stmt"/>
            <line num="144" count="1" type="stmt"/>
            <line num="156" count="1" type="stmt"/>
            <line num="157" count="1" type="stmt"/>
            <line num="167" count="1" type="stmt"/>
            <line num="168" count="1" type="stmt"/>
         </file>
         <file name="UserControllerTest.java" path="/Users/ac010168/Documents/umkc/ac-games-restservice-spring/src/test/java/com/ac/games/rest/test/UserControllerTest.java">
            <metrics classes="1" methods="3" conditionals="0" ncloc="201" coveredstatements="60" coveredmethods="3" complexity="5" coveredconditionals="0" statements="63" loc="261" coveredelements="63" elements="66"/>
            <class name="UserControllerTest">
               <metrics conditionals="0" methods="3" coveredstatements="60" complexity="5" testpasses="1" testruns="1" coveredmethods="3" coveredconditionals="0" statements="63" testfailures="0" coveredelements="63" elements="66" testduration="0.772"/>
            </class>
            <line num="40" count="1" visibility="public" complexity="2" type="method" signature="setup() : void"/>
            <line num="43" count="1" type="stmt"/>
            <line num="44" count="1" type="stmt"/>
            <line num="45" count="1" type="stmt"/>
            <line num="46" count="1" type="stmt"/>
            <line num="47" count="1" type="stmt"/>
            <line num="49" count="1" type="stmt"/>
            <line num="51" count="0" type="stmt"/>
            <line num="52" count="0" type="stmt"/>
            <line num="56" count="1" visibility="public" complexity="2" type="method" signature="tearDown() : void"/>
            <line num="58" count="1" type="stmt"/>
            <line num="59" count="1" type="stmt"/>
            <line num="61" count="0" type="stmt"/>
            <line num="77" testsuccess="true" count="1" visibility="public" complexity="1" type="method" testduration="0.772" signature="testGameController() : void"/>
            <line num="79" count="1" type="stmt"/>
            <line num="81" count="1" type="stmt"/>
            <line num="83" count="1" type="stmt"/>
            <line num="84" count="1" type="stmt"/>
            <line num="85" count="1" type="stmt"/>
            <line num="86" count="1" type="stmt"/>
            <line num="87" count="1" type="stmt"/>
            <line num="88" count="1" type="stmt"/>
            <line num="90" count="1" type="stmt"/>
            <line num="91" count="1" type="stmt"/>
            <line num="102" count="1" type="stmt"/>
            <line num="104" count="1" type="stmt"/>
            <line num="117" count="1" type="stmt"/>
            <line num="118" count="1" type="stmt"/>
            <line num="120" count="1" type="stmt"/>
            <line num="123" count="1" type="stmt"/>
            <line num="124" count="1" type="stmt"/>
            <line num="125" count="1" type="stmt"/>
            <line num="126" count="1" type="stmt"/>
            <line num="128" count="1" type="stmt"/>
            <line num="130" count="1" type="stmt"/>
            <line num="141" count="1" type="stmt"/>
            <line num="143" count="1" type="stmt"/>
            <line num="144" count="1" type="stmt"/>
            <line num="145" count="1" type="stmt"/>
            <line num="147" count="1" type="stmt"/>
            <line num="159" count="1" type="stmt"/>
            <line num="161" count="1" type="stmt"/>
            <line num="172" count="1" type="stmt"/>
            <line num="174" count="1" type="stmt"/>
            <line num="175" count="1" type="stmt"/>
            <line num="176" count="1" type="stmt"/>
            <line num="177" count="1" type="stmt"/>
            <line num="178" count="1" type="stmt"/>
            <line num="179" count="1" type="stmt"/>
            <line num="180" count="1" type="stmt"/>
            <line num="182" count="1" type="stmt"/>
            <line num="194" count="1" type="stmt"/>
            <line num="195" count="1" type="stmt"/>
            <line num="196" count="1" type="stmt"/>
            <line num="197" count="1" type="stmt"/>
            <line num="199" count="1" type="stmt"/>
            <line num="201" count="1" type="stmt"/>
            <line num="212" count="1" type="stmt"/>
            <line num="215" count="1" type="stmt"/>
            <line num="216" count="1" type="stmt"/>
            <line num="227" count="1" type="stmt"/>
            <line num="228" count="1" type="stmt"/>
            <line num="238" count="1" type="stmt"/>
            <line num="239" count="1" type="stmt"/>
            <line num="248" count="1" type="stmt"/>
            <line num="250" count="1" type="stmt"/>
         </file>
      </package>
   </testproject>
</coverage>